#
# There is insufficient memory for the Java Runtime Environment to continue.
# Native memory allocation (mmap) failed to map 461373440 bytes for G1 virtual space
# Possible reasons:
#   The system is out of physical RAM or swap space
#   The process is running with CompressedOops enabled, and the Java Heap may be blocking the growth of the native heap
# Possible solutions:
#   Reduce memory load on the system
#   Increase physical memory or swap space
#   Check if swap backing store is full
#   Decrease Java heap size (-Xmx/-Xms)
#   Decrease number of Java threads
#   Decrease Java thread stack sizes (-Xss)
#   Set larger code cache with -XX:ReservedCodeCacheSize=
#   JVM is running with Unscaled Compressed Oops mode in which the Java heap is
#     placed in the first 4GB address space. The Java Heap base address is the
#     maximum limit for the native heap growth. Please use -XX:HeapBaseMinAddress
#     to set the Java Heap base and to place the Java Heap above 4GB virtual address.
# This output file may be truncated or incomplete.
#
#  Out of Memory Error (os_windows.cpp:3769), pid=7620, tid=13084
#
# JRE version: OpenJDK Runtime Environment (17.0.6) (build 17.0.6+0-b2043.56-9586694)
# Java VM: OpenJDK 64-Bit Server VM (17.0.6+0-b2043.56-9586694, mixed mode, tiered, compressed oops, compressed class ptrs, g1 gc, windows-amd64)
# No core dump will be written. Minidumps are not enabled by default on client versions of Windows
#

---------------  S U M M A R Y ------------

Command Line: --add-opens=java.base/java.util=ALL-UNNAMED --add-opens=java.base/java.lang=ALL-UNNAMED --add-opens=java.base/java.lang.invoke=ALL-UNNAMED --add-opens=java.base/java.util=ALL-UNNAMED --add-opens=java.prefs/java.util.prefs=ALL-UNNAMED --add-opens=java.prefs/java.util.prefs=ALL-UNNAMED --add-opens=java.base/java.nio.charset=ALL-UNNAMED --add-opens=java.base/java.net=ALL-UNNAMED --add-opens=java.base/java.util.concurrent.atomic=ALL-UNNAMED -Xmx2048m -Dfile.encoding=UTF-8 -Duser.country=IN -Duser.language=en -Duser.variant org.gradle.launcher.daemon.bootstrap.GradleDaemon 7.5

Host: Intel(R) Core(TM) i5-10300H CPU @ 2.50GHz, 8 cores, 7G,  Windows 11 , 64 bit Build 22621 (10.0.22621.1485)
Time: Tue May  9 21:36:29 2023 India Standard Time elapsed time: 10.602665 seconds (0d 0h 0m 10s)

---------------  T H R E A D  ---------------

Current thread (0x00000271a5e95900):  VMThread "VM Thread" [stack: 0x000000cf2c700000,0x000000cf2c800000] [id=13084]

Stack: [0x000000cf2c700000,0x000000cf2c800000]
Native frames: (J=compiled Java code, j=interpreted, Vv=VM code, C=native code)
V  [jvm.dll+0x683b4a]
V  [jvm.dll+0x842654]
V  [jvm.dll+0x843dfe]
V  [jvm.dll+0x844463]
V  [jvm.dll+0x249b75]
V  [jvm.dll+0x680a19]
V  [jvm.dll+0x674f0a]
V  [jvm.dll+0x309acb]
V  [jvm.dll+0x310f86]
V  [jvm.dll+0x3608ee]
V  [jvm.dll+0x360b1f]
V  [jvm.dll+0x2dfbf8]
V  [jvm.dll+0x2ddec4]
V  [jvm.dll+0x2dd4cc]
V  [jvm.dll+0x321f3b]
V  [jvm.dll+0x84893b]
V  [jvm.dll+0x849674]
V  [jvm.dll+0x849b8d]
V  [jvm.dll+0x849f64]
V  [jvm.dll+0x84a030]
V  [jvm.dll+0x7f25fa]
V  [jvm.dll+0x682985]
C  [ucrtbase.dll+0x29363]
C  [KERNEL32.DLL+0x1269d]
C  [ntdll.dll+0x5a9f8]

VM_Operation (0x000000cf2d5fbf70): G1CollectForAllocation, mode: safepoint, requested by thread 0x00000271b186d6b0


---------------  P R O C E S S  ---------------

Threads class SMR info:
_java_thread_list=0x00000271ad389a80, length=139, elements={
0x000002718a07ab40, 0x00000271a6813020, 0x00000271a6813bd0, 0x00000271a5eabe60,
0x00000271a5eae830, 0x00000271a6833680, 0x00000271a6833f40, 0x00000271a6836bf0,
0x00000271a68405c0, 0x00000271a68653e0, 0x00000271a69d64f0, 0x00000271a69d69c0,
0x00000271a839c840, 0x00000271a9b6d180, 0x00000271a7114df0, 0x00000271a984bcf0,
0x00000271a91c3370, 0x00000271a7e85890, 0x00000271a7ffaff0, 0x00000271a82d5a60,
0x00000271a82d6da0, 0x00000271a82d50c0, 0x00000271a82d6400, 0x00000271a82d5590,
0x00000271a82d7270, 0x00000271a82d85b0, 0x00000271a82d5f30, 0x00000271a82d80e0,
0x00000271a82d8a80, 0x00000271a82d68d0, 0x00000271a82d7740, 0x00000271a82d7c10,
0x00000271aae3dbb0, 0x00000271aae3b530, 0x00000271aae3cd40, 0x00000271aae38510,
0x00000271aae36830, 0x00000271aae389e0, 0x00000271aae39850, 0x00000271aae37b70,
0x00000271aae36d00, 0x00000271aae39d20, 0x00000271aae3bed0, 0x00000271aae371d0,
0x00000271aae3a1f0, 0x00000271aae3ba00, 0x00000271aae3d6e0, 0x00000271aae3c3a0,
0x00000271aae39380, 0x00000271aae3a6c0, 0x00000271aae3b060, 0x00000271aae3c870,
0x00000271aae3d210, 0x00000271aab2bed0, 0x00000271aab2d210, 0x00000271aab27b70,
0x00000271aab29d20, 0x00000271aab2a6c0, 0x00000271aab2d6e0, 0x00000271aab28eb0,
0x00000271aab2dbb0, 0x00000271aab2ab90, 0x00000271aab28040, 0x00000271aab289e0,
0x00000271aab2ea20, 0x00000271aab2b060, 0x00000271aab29380, 0x00000271aab276a0,
0x00000271aab28510, 0x00000271aab2c870, 0x00000271aab2e080, 0x00000271aab29850,
0x00000271aab2b530, 0x00000271aab2e550, 0x00000271aab2eef0, 0x00000271aab2a1f0,
0x00000271aab2ba00, 0x00000271aab2c3a0, 0x00000271aab2cd40, 0x00000271ad828950,
0x00000271ad826c70, 0x00000271ad824ac0, 0x00000271ad822de0, 0x00000271ad822440,
0x00000271ad821f70, 0x00000271ad827140, 0x00000271ad825930, 0x00000271ad8292f0,
0x00000271ad827ae0, 0x00000271ad827fb0, 0x00000271ad8245f0, 0x00000271ad825e00,
0x00000271ad824120, 0x00000271ad8297c0, 0x00000271ad822910, 0x00000271ad828480,
0x00000271ad828e20, 0x00000271ad825460, 0x00000271ad8232b0, 0x00000271ad8262d0,
0x00000271ad823780, 0x00000271ad823c50, 0x00000271ad824f90, 0x00000271ad8267a0,
0x00000271ad827610, 0x00000271ac6fc6a0, 0x00000271ac6fed20, 0x00000271ac6fb830,
0x00000271ac6fcb70, 0x00000271ac6fae90, 0x00000271ac6fa9c0, 0x00000271ac6f8810,
0x00000271ac6f91b0, 0x00000271ac6ffb90, 0x00000271ac6fd040, 0x00000271ac6f9b50,
0x00000271ac6fb360, 0x00000271ac6f8ce0, 0x00000271ac6fd510, 0x00000271ac700060,
0x00000271ac6fd9e0, 0x00000271ac6fdeb0, 0x00000271ac6fe380, 0x00000271ac6fe850,
0x00000271ac6f9680, 0x00000271b186b500, 0x00000271b186f860, 0x00000271b186fd30,
0x00000271b1870200, 0x00000271b186b9d0, 0x00000271b18706d0, 0x00000271b186ab60,
0x00000271b186bea0, 0x00000271b186e050, 0x00000271acb32670, 0x00000271b186d6b0,
0x00000271acb335a0, 0x00000271b186eec0, 0x00000271b186c840
}

Java Threads: ( => current thread )
  0x000002718a07ab40 JavaThread "main" [_thread_blocked, id=16784, stack(0x000000cf2c100000,0x000000cf2c200000)]
  0x00000271a6813020 JavaThread "Reference Handler" daemon [_thread_blocked, id=14200, stack(0x000000cf2c800000,0x000000cf2c900000)]
  0x00000271a6813bd0 JavaThread "Finalizer" daemon [_thread_blocked, id=2516, stack(0x000000cf2c900000,0x000000cf2ca00000)]
  0x00000271a5eabe60 JavaThread "Signal Dispatcher" daemon [_thread_blocked, id=12568, stack(0x000000cf2ca00000,0x000000cf2cb00000)]
  0x00000271a5eae830 JavaThread "Attach Listener" daemon [_thread_blocked, id=2412, stack(0x000000cf2cb00000,0x000000cf2cc00000)]
  0x00000271a6833680 JavaThread "Service Thread" daemon [_thread_blocked, id=18440, stack(0x000000cf2cc00000,0x000000cf2cd00000)]
  0x00000271a6833f40 JavaThread "Monitor Deflation Thread" daemon [_thread_blocked, id=12736, stack(0x000000cf2cd00000,0x000000cf2ce00000)]
  0x00000271a6836bf0 JavaThread "C2 CompilerThread0" daemon [_thread_in_native, id=10708, stack(0x000000cf2ce00000,0x000000cf2cf00000)]
  0x00000271a68405c0 JavaThread "C1 CompilerThread0" daemon [_thread_blocked, id=2888, stack(0x000000cf2cf00000,0x000000cf2d000000)]
  0x00000271a68653e0 JavaThread "Sweeper thread" daemon [_thread_blocked, id=17416, stack(0x000000cf2d000000,0x000000cf2d100000)]
  0x00000271a69d64f0 JavaThread "Common-Cleaner" daemon [_thread_blocked, id=3324, stack(0x000000cf2d100000,0x000000cf2d200000)]
  0x00000271a69d69c0 JavaThread "Notification Thread" daemon [_thread_blocked, id=3520, stack(0x000000cf2d200000,0x000000cf2d300000)]
  0x00000271a839c840 JavaThread "Daemon health stats" [_thread_blocked, id=18420, stack(0x000000cf2da00000,0x000000cf2db00000)]
  0x00000271a9b6d180 JavaThread "Incoming local TCP Connector on port 60769" [_thread_in_native, id=6840, stack(0x000000cf2db00000,0x000000cf2dc00000)]
  0x00000271a7114df0 JavaThread "Daemon periodic checks" [_thread_blocked, id=20012, stack(0x000000cf2dc00000,0x000000cf2dd00000)]
  0x00000271a984bcf0 JavaThread "Daemon" [_thread_blocked, id=6684, stack(0x000000cf2dd00000,0x000000cf2de00000)]
  0x00000271a91c3370 JavaThread "Handler for socket connection from /127.0.0.1:60769 to /127.0.0.1:60770" [_thread_in_native, id=16340, stack(0x000000cf2de00000,0x000000cf2df00000)]
  0x00000271a7e85890 JavaThread "Cancel handler" [_thread_blocked, id=15268, stack(0x000000cf2df00000,0x000000cf2e000000)]
  0x00000271a7ffaff0 JavaThread "Daemon worker" [_thread_blocked, id=7044, stack(0x000000cf2e000000,0x000000cf2e100000)]
  0x00000271a82d5a60 JavaThread "Asynchronous log dispatcher for DefaultDaemonConnection: socket connection from /127.0.0.1:60769 to /127.0.0.1:60770" [_thread_blocked, id=1684, stack(0x000000cf2e100000,0x000000cf2e200000)]
  0x00000271a82d6da0 JavaThread "Stdin handler" [_thread_blocked, id=1580, stack(0x000000cf2e200000,0x000000cf2e300000)]
  0x00000271a82d50c0 JavaThread "Daemon client event forwarder" [_thread_blocked, id=7208, stack(0x000000cf2e300000,0x000000cf2e400000)]
  0x00000271a82d6400 JavaThread "Cache worker for journal cache (C:\Users\Ishan\.gradle\caches\journal-1)" [_thread_blocked, id=11704, stack(0x000000cf2e400000,0x000000cf2e500000)]
  0x00000271a82d5590 JavaThread "File lock request listener" [_thread_in_native, id=9100, stack(0x000000cf2e500000,0x000000cf2e600000)]
  0x00000271a82d7270 JavaThread "Cache worker for file hash cache (C:\Users\Ishan\.gradle\caches\7.5\fileHashes)" [_thread_blocked, id=2824, stack(0x000000cf2ea00000,0x000000cf2eb00000)]
  0x00000271a82d85b0 JavaThread "File watcher server" daemon [_thread_blocked, id=15320, stack(0x000000cf2eb00000,0x000000cf2ec00000)]
  0x00000271a82d5f30 JavaThread "File watcher consumer" daemon [_thread_blocked, id=8656, stack(0x000000cf2ec00000,0x000000cf2ed00000)]
  0x00000271a82d80e0 JavaThread "Cache worker for checksums cache (C:\Users\Ishan\AndroidStudioProjects\Wanderlust\.gradle\7.5\checksums)" [_thread_blocked, id=18984, stack(0x000000cf2ed00000,0x000000cf2ee00000)]
  0x00000271a82d8a80 JavaThread "Cache worker for cache directory md-rule (C:\Users\Ishan\.gradle\caches\7.5\md-rule)" [_thread_blocked, id=11084, stack(0x000000cf2ee00000,0x000000cf2ef00000)]
  0x00000271a82d68d0 JavaThread "Cache worker for file content cache (C:\Users\Ishan\.gradle\caches\7.5\fileContent)" [_thread_blocked, id=13728, stack(0x000000cf2ef00000,0x000000cf2f000000)]
  0x00000271a82d7740 JavaThread "Cache worker for file hash cache (C:\Users\Ishan\AndroidStudioProjects\Wanderlust\.gradle\7.5\fileHashes)" [_thread_blocked, id=19612, stack(0x000000cf2f000000,0x000000cf2f100000)]
  0x00000271a82d7c10 JavaThread "Cache worker for cache directory md-supplier (C:\Users\Ishan\.gradle\caches\7.5\md-supplier)" [_thread_blocked, id=4636, stack(0x000000cf2f100000,0x000000cf2f200000)]
  0x00000271aae3dbb0 JavaThread "Cache worker for execution history cache (C:\Users\Ishan\.gradle\caches\7.5\executionHistory)" [_thread_blocked, id=4372, stack(0x000000cf2f200000,0x000000cf2f300000)]
  0x00000271aae3b530 JavaThread "jar transforms" [_thread_blocked, id=15812, stack(0x000000cf2f300000,0x000000cf2f400000)]
  0x00000271aae3cd40 JavaThread "jar transforms Thread 2" [_thread_blocked, id=19168, stack(0x000000cf2f400000,0x000000cf2f500000)]
  0x00000271aae38510 JavaThread "jar transforms Thread 3" [_thread_blocked, id=19524, stack(0x000000cf2f500000,0x000000cf2f600000)]
  0x00000271aae36830 JavaThread "jar transforms Thread 4" [_thread_blocked, id=3476, stack(0x000000cf2f700000,0x000000cf2f800000)]
  0x00000271aae389e0 JavaThread "Cache worker for dependencies-accessors (C:\Users\Ishan\AndroidStudioProjects\Wanderlust\.gradle\7.5\dependencies-accessors)" [_thread_blocked, id=1696, stack(0x000000cf2f800000,0x000000cf2f900000)]
  0x00000271aae39850 JavaThread "jar transforms Thread 5" [_thread_blocked, id=9408, stack(0x000000cf2f900000,0x000000cf2fa00000)]
  0x00000271aae37b70 JavaThread "Cache worker for Build Output Cleanup Cache (C:\Users\Ishan\AndroidStudioProjects\Wanderlust\.gradle\buildOutputCleanup)" [_thread_blocked, id=2368, stack(0x000000cf2fa00000,0x000000cf2fb00000)]
  0x00000271aae36d00 JavaThread "Unconstrained build operations" [_thread_blocked, id=16040, stack(0x000000cf2fb00000,0x000000cf2fc00000)]
  0x00000271aae39d20 JavaThread "Unconstrained build operations Thread 2" [_thread_blocked, id=19756, stack(0x000000cf2fc00000,0x000000cf2fd00000)]
  0x00000271aae3bed0 JavaThread "Unconstrained build operations Thread 3" [_thread_blocked, id=10864, stack(0x000000cf2fd00000,0x000000cf2fe00000)]
  0x00000271aae371d0 JavaThread "Unconstrained build operations Thread 4" [_thread_blocked, id=19240, stack(0x000000cf2fe00000,0x000000cf2ff00000)]
  0x00000271aae3a1f0 JavaThread "Unconstrained build operations Thread 5" [_thread_blocked, id=14620, stack(0x000000cf2ff00000,0x000000cf30000000)]
  0x00000271aae3ba00 JavaThread "Unconstrained build operations Thread 6" [_thread_blocked, id=11808, stack(0x000000cf30000000,0x000000cf30100000)]
  0x00000271aae3d6e0 JavaThread "Unconstrained build operations Thread 7" [_thread_blocked, id=18400, stack(0x000000cf30100000,0x000000cf30200000)]
  0x00000271aae3c3a0 JavaThread "Unconstrained build operations Thread 8" [_thread_blocked, id=17076, stack(0x000000cf30200000,0x000000cf30300000)]
  0x00000271aae39380 JavaThread "Unconstrained build operations Thread 9" [_thread_blocked, id=11332, stack(0x000000cf30300000,0x000000cf30400000)]
  0x00000271aae3a6c0 JavaThread "Unconstrained build operations Thread 10" [_thread_blocked, id=11812, stack(0x000000cf30400000,0x000000cf30500000)]
  0x00000271aae3b060 JavaThread "Unconstrained build operations Thread 11" [_thread_blocked, id=10568, stack(0x000000cf30500000,0x000000cf30600000)]
  0x00000271aae3c870 JavaThread "Unconstrained build operations Thread 12" [_thread_blocked, id=16240, stack(0x000000cf30600000,0x000000cf30700000)]
  0x00000271aae3d210 JavaThread "Unconstrained build operations Thread 13" [_thread_blocked, id=18896, stack(0x000000cf30700000,0x000000cf30800000)]
  0x00000271aab2bed0 JavaThread "Unconstrained build operations Thread 14" [_thread_blocked, id=8036, stack(0x000000cf30800000,0x000000cf30900000)]
  0x00000271aab2d210 JavaThread "Unconstrained build operations Thread 15" [_thread_blocked, id=1660, stack(0x000000cf30900000,0x000000cf30a00000)]
  0x00000271aab27b70 JavaThread "Unconstrained build operations Thread 16" [_thread_blocked, id=13280, stack(0x000000cf30a00000,0x000000cf30b00000)]
  0x00000271aab29d20 JavaThread "Unconstrained build operations Thread 17" [_thread_blocked, id=17924, stack(0x000000cf30b00000,0x000000cf30c00000)]
  0x00000271aab2a6c0 JavaThread "Unconstrained build operations Thread 18" [_thread_blocked, id=12732, stack(0x000000cf30c00000,0x000000cf30d00000)]
  0x00000271aab2d6e0 JavaThread "Unconstrained build operations Thread 19" [_thread_blocked, id=15484, stack(0x000000cf30d00000,0x000000cf30e00000)]
  0x00000271aab28eb0 JavaThread "Unconstrained build operations Thread 20" [_thread_blocked, id=14952, stack(0x000000cf30e00000,0x000000cf30f00000)]
  0x00000271aab2dbb0 JavaThread "Unconstrained build operations Thread 21" [_thread_blocked, id=14688, stack(0x000000cf30f00000,0x000000cf31000000)]
  0x00000271aab2ab90 JavaThread "Unconstrained build operations Thread 22" [_thread_blocked, id=15228, stack(0x000000cf31000000,0x000000cf31100000)]
  0x00000271aab28040 JavaThread "Unconstrained build operations Thread 23" [_thread_blocked, id=12020, stack(0x000000cf31100000,0x000000cf31200000)]
  0x00000271aab289e0 JavaThread "Unconstrained build operations Thread 24" [_thread_blocked, id=332, stack(0x000000cf31200000,0x000000cf31300000)]
  0x00000271aab2ea20 JavaThread "Unconstrained build operations Thread 25" [_thread_blocked, id=18852, stack(0x000000cf31300000,0x000000cf31400000)]
  0x00000271aab2b060 JavaThread "Unconstrained build operations Thread 26" [_thread_blocked, id=20228, stack(0x000000cf31400000,0x000000cf31500000)]
  0x00000271aab29380 JavaThread "Unconstrained build operations Thread 27" [_thread_blocked, id=16472, stack(0x000000cf31500000,0x000000cf31600000)]
  0x00000271aab276a0 JavaThread "Unconstrained build operations Thread 28" [_thread_blocked, id=17804, stack(0x000000cf31600000,0x000000cf31700000)]
  0x00000271aab28510 JavaThread "Unconstrained build operations Thread 29" [_thread_blocked, id=2236, stack(0x000000cf31700000,0x000000cf31800000)]
  0x00000271aab2c870 JavaThread "Unconstrained build operations Thread 30" [_thread_blocked, id=17420, stack(0x000000cf31800000,0x000000cf31900000)]
  0x00000271aab2e080 JavaThread "Unconstrained build operations Thread 31" [_thread_blocked, id=16864, stack(0x000000cf31900000,0x000000cf31a00000)]
  0x00000271aab29850 JavaThread "Unconstrained build operations Thread 32" [_thread_blocked, id=13540, stack(0x000000cf31a00000,0x000000cf31b00000)]
  0x00000271aab2b530 JavaThread "Unconstrained build operations Thread 33" [_thread_blocked, id=17248, stack(0x000000cf31b00000,0x000000cf31c00000)]
  0x00000271aab2e550 JavaThread "Unconstrained build operations Thread 34" [_thread_blocked, id=316, stack(0x000000cf31c00000,0x000000cf31d00000)]
  0x00000271aab2eef0 JavaThread "Unconstrained build operations Thread 35" [_thread_blocked, id=15924, stack(0x000000cf31d00000,0x000000cf31e00000)]
  0x00000271aab2a1f0 JavaThread "Unconstrained build operations Thread 36" [_thread_blocked, id=13416, stack(0x000000cf31e00000,0x000000cf31f00000)]
  0x00000271aab2ba00 JavaThread "Unconstrained build operations Thread 37" [_thread_blocked, id=16252, stack(0x000000cf31f00000,0x000000cf32000000)]
  0x00000271aab2c3a0 JavaThread "Unconstrained build operations Thread 38" [_thread_blocked, id=12300, stack(0x000000cf32000000,0x000000cf32100000)]
  0x00000271aab2cd40 JavaThread "Unconstrained build operations Thread 39" [_thread_blocked, id=19268, stack(0x000000cf32100000,0x000000cf32200000)]
  0x00000271ad828950 JavaThread "Unconstrained build operations Thread 40" [_thread_blocked, id=11904, stack(0x000000cf32200000,0x000000cf32300000)]
  0x00000271ad826c70 JavaThread "Unconstrained build operations Thread 41" [_thread_blocked, id=11728, stack(0x000000cf32300000,0x000000cf32400000)]
  0x00000271ad824ac0 JavaThread "Unconstrained build operations Thread 42" [_thread_blocked, id=9636, stack(0x000000cf32400000,0x000000cf32500000)]
  0x00000271ad822de0 JavaThread "Unconstrained build operations Thread 43" [_thread_blocked, id=12180, stack(0x000000cf32500000,0x000000cf32600000)]
  0x00000271ad822440 JavaThread "Unconstrained build operations Thread 44" [_thread_blocked, id=8204, stack(0x000000cf32600000,0x000000cf32700000)]
  0x00000271ad821f70 JavaThread "Unconstrained build operations Thread 45" [_thread_blocked, id=17588, stack(0x000000cf32700000,0x000000cf32800000)]
  0x00000271ad827140 JavaThread "Unconstrained build operations Thread 46" [_thread_blocked, id=4472, stack(0x000000cf32800000,0x000000cf32900000)]
  0x00000271ad825930 JavaThread "Unconstrained build operations Thread 47" [_thread_blocked, id=15732, stack(0x000000cf32900000,0x000000cf32a00000)]
  0x00000271ad8292f0 JavaThread "Unconstrained build operations Thread 48" [_thread_blocked, id=10392, stack(0x000000cf32a00000,0x000000cf32b00000)]
  0x00000271ad827ae0 JavaThread "Unconstrained build operations Thread 49" [_thread_blocked, id=17060, stack(0x000000cf32b00000,0x000000cf32c00000)]
  0x00000271ad827fb0 JavaThread "Unconstrained build operations Thread 50" [_thread_blocked, id=8796, stack(0x000000cf32c00000,0x000000cf32d00000)]
  0x00000271ad8245f0 JavaThread "Unconstrained build operations Thread 51" [_thread_blocked, id=18820, stack(0x000000cf32d00000,0x000000cf32e00000)]
  0x00000271ad825e00 JavaThread "Unconstrained build operations Thread 52" [_thread_blocked, id=6660, stack(0x000000cf32e00000,0x000000cf32f00000)]
  0x00000271ad824120 JavaThread "Unconstrained build operations Thread 53" [_thread_blocked, id=1632, stack(0x000000cf32f00000,0x000000cf33000000)]
  0x00000271ad8297c0 JavaThread "Unconstrained build operations Thread 54" [_thread_blocked, id=19424, stack(0x000000cf33000000,0x000000cf33100000)]
  0x00000271ad822910 JavaThread "Unconstrained build operations Thread 55" [_thread_blocked, id=19924, stack(0x000000cf33100000,0x000000cf33200000)]
  0x00000271ad828480 JavaThread "Unconstrained build operations Thread 56" [_thread_blocked, id=18860, stack(0x000000cf33200000,0x000000cf33300000)]
  0x00000271ad828e20 JavaThread "Unconstrained build operations Thread 57" [_thread_blocked, id=13100, stack(0x000000cf33300000,0x000000cf33400000)]
  0x00000271ad825460 JavaThread "Unconstrained build operations Thread 58" [_thread_blocked, id=16076, stack(0x000000cf33400000,0x000000cf33500000)]
  0x00000271ad8232b0 JavaThread "Unconstrained build operations Thread 59" [_thread_blocked, id=1476, stack(0x000000cf33500000,0x000000cf33600000)]
  0x00000271ad8262d0 JavaThread "Unconstrained build operations Thread 60" [_thread_blocked, id=18940, stack(0x000000cf33600000,0x000000cf33700000)]
  0x00000271ad823780 JavaThread "Unconstrained build operations Thread 61" [_thread_blocked, id=13788, stack(0x000000cf33700000,0x000000cf33800000)]
  0x00000271ad823c50 JavaThread "Unconstrained build operations Thread 62" [_thread_blocked, id=2088, stack(0x000000cf33800000,0x000000cf33900000)]
  0x00000271ad824f90 JavaThread "Unconstrained build operations Thread 63" [_thread_blocked, id=18268, stack(0x000000cf33900000,0x000000cf33a00000)]
  0x00000271ad8267a0 JavaThread "Unconstrained build operations Thread 64" [_thread_blocked, id=14332, stack(0x000000cf33a00000,0x000000cf33b00000)]
  0x00000271ad827610 JavaThread "Unconstrained build operations Thread 65" [_thread_blocked, id=13548, stack(0x000000cf33b00000,0x000000cf33c00000)]
  0x00000271ac6fc6a0 JavaThread "Unconstrained build operations Thread 66" [_thread_blocked, id=19808, stack(0x000000cf33c00000,0x000000cf33d00000)]
  0x00000271ac6fed20 JavaThread "Unconstrained build operations Thread 67" [_thread_blocked, id=17392, stack(0x000000cf33d00000,0x000000cf33e00000)]
  0x00000271ac6fb830 JavaThread "Unconstrained build operations Thread 68" [_thread_blocked, id=11024, stack(0x000000cf33e00000,0x000000cf33f00000)]
  0x00000271ac6fcb70 JavaThread "Unconstrained build operations Thread 69" [_thread_blocked, id=9736, stack(0x000000cf33f00000,0x000000cf34000000)]
  0x00000271ac6fae90 JavaThread "Unconstrained build operations Thread 70" [_thread_blocked, id=15972, stack(0x000000cf34000000,0x000000cf34100000)]
  0x00000271ac6fa9c0 JavaThread "Unconstrained build operations Thread 71" [_thread_blocked, id=16736, stack(0x000000cf34100000,0x000000cf34200000)]
  0x00000271ac6f8810 JavaThread "Unconstrained build operations Thread 72" [_thread_blocked, id=17072, stack(0x000000cf34200000,0x000000cf34300000)]
  0x00000271ac6f91b0 JavaThread "Unconstrained build operations Thread 73" [_thread_blocked, id=18568, stack(0x000000cf34300000,0x000000cf34400000)]
  0x00000271ac6ffb90 JavaThread "Unconstrained build operations Thread 74" [_thread_blocked, id=20128, stack(0x000000cf34400000,0x000000cf34500000)]
  0x00000271ac6fd040 JavaThread "Unconstrained build operations Thread 75" [_thread_blocked, id=19264, stack(0x000000cf34500000,0x000000cf34600000)]
  0x00000271ac6f9b50 JavaThread "Unconstrained build operations Thread 76" [_thread_blocked, id=17544, stack(0x000000cf34600000,0x000000cf34700000)]
  0x00000271ac6fb360 JavaThread "Unconstrained build operations Thread 77" [_thread_blocked, id=17720, stack(0x000000cf34700000,0x000000cf34800000)]
  0x00000271ac6f8ce0 JavaThread "Unconstrained build operations Thread 78" [_thread_blocked, id=11752, stack(0x000000cf34800000,0x000000cf34900000)]
  0x00000271ac6fd510 JavaThread "Unconstrained build operations Thread 79" [_thread_blocked, id=10836, stack(0x000000cf34900000,0x000000cf34a00000)]
  0x00000271ac700060 JavaThread "Unconstrained build operations Thread 80" [_thread_blocked, id=6908, stack(0x000000cf34a00000,0x000000cf34b00000)]
  0x00000271ac6fd9e0 JavaThread "jar transforms Thread 6" [_thread_blocked, id=14624, stack(0x000000cf34b00000,0x000000cf34c00000)]
  0x00000271ac6fdeb0 JavaThread "jar transforms Thread 7" [_thread_blocked, id=11172, stack(0x000000cf34c00000,0x000000cf34d00000)]
  0x00000271ac6fe380 JavaThread "jar transforms Thread 8" [_thread_blocked, id=12356, stack(0x000000cf34d00000,0x000000cf34e00000)]
  0x00000271ac6fe850 JavaThread "build event listener" [_thread_blocked, id=13880, stack(0x000000cf34e00000,0x000000cf34f00000)]
  0x00000271ac6f9680 JavaThread "Memory manager" [_thread_blocked, id=13996, stack(0x000000cf34f00000,0x000000cf35000000)]
  0x00000271b186b500 JavaThread "included builds" [_thread_blocked, id=3740, stack(0x000000cf35000000,0x000000cf35100000)]
  0x00000271b186f860 JavaThread "Execution worker" [_thread_blocked, id=2772, stack(0x000000cf35100000,0x000000cf35200000)]
  0x00000271b186fd30 JavaThread "Execution worker Thread 2" [_thread_blocked, id=12960, stack(0x000000cf35200000,0x000000cf35300000)]
  0x00000271b1870200 JavaThread "Execution worker Thread 3" [_thread_blocked, id=9712, stack(0x000000cf35300000,0x000000cf35400000)]
  0x00000271b186b9d0 JavaThread "Execution worker Thread 4" [_thread_blocked, id=17712, stack(0x000000cf35400000,0x000000cf35500000)]
  0x00000271b18706d0 JavaThread "Execution worker Thread 5" [_thread_blocked, id=3136, stack(0x000000cf35500000,0x000000cf35600000)]
  0x00000271b186ab60 JavaThread "Execution worker Thread 6" [_thread_blocked, id=16020, stack(0x000000cf35600000,0x000000cf35700000)]
  0x00000271b186bea0 JavaThread "Execution worker Thread 7" [_thread_blocked, id=1876, stack(0x000000cf35700000,0x000000cf35800000)]
  0x00000271b186e050 JavaThread "Cache worker for execution history cache (C:\Users\Ishan\AndroidStudioProjects\Wanderlust\.gradle\7.5\executionHistory)" [_thread_blocked, id=10644, stack(0x000000cf35800000,0x000000cf35900000)]
  0x00000271acb32670 JavaThread "C2 CompilerThread1" daemon [_thread_blocked, id=6892, stack(0x000000cf2d400000,0x000000cf2d500000)]
  0x00000271b186d6b0 JavaThread "WorkerExecutor Queue" [_thread_blocked, id=15324, stack(0x000000cf2d500000,0x000000cf2d600000)]
  0x00000271acb335a0 JavaThread "C2 CompilerThread2" daemon [_thread_blocked, id=12028, stack(0x000000cf35900000,0x000000cf35a00000)]
  0x00000271b186eec0 JavaThread "WorkerExecutor Queue Thread 2" [_thread_blocked, id=16900, stack(0x000000cf35a00000,0x000000cf35b00000)]
  0x00000271b186c840 JavaThread "WorkerExecutor Queue Thread 3" [_thread_blocked, id=10156, stack(0x000000cf35b00000,0x000000cf35c00000)]

Other Threads:
=>0x00000271a5e95900 VMThread "VM Thread" [stack: 0x000000cf2c700000,0x000000cf2c800000] [id=13084]
  0x000002718a1079a0 WatcherThread [stack: 0x000000cf2d300000,0x000000cf2d400000] [id=14600]
  0x000002718a0d8f30 GCTaskThread "GC Thread#0" [stack: 0x000000cf2c200000,0x000000cf2c300000] [id=14176]
  0x00000271a7728160 GCTaskThread "GC Thread#1" [stack: 0x000000cf2d600000,0x000000cf2d700000] [id=17644]
  0x00000271a774ab80 GCTaskThread "GC Thread#2" [stack: 0x000000cf2d700000,0x000000cf2d800000] [id=20440]
  0x00000271a7487cd0 GCTaskThread "GC Thread#3" [stack: 0x000000cf2d800000,0x000000cf2d900000] [id=20152]
  0x00000271a7e2ad20 GCTaskThread "GC Thread#4" [stack: 0x000000cf2d900000,0x000000cf2da00000] [id=2996]
  0x00000271a7a955e0 GCTaskThread "GC Thread#5" [stack: 0x000000cf2e600000,0x000000cf2e700000] [id=4488]
  0x00000271a8d05790 GCTaskThread "GC Thread#6" [stack: 0x000000cf2e700000,0x000000cf2e800000] [id=10604]
  0x00000271a9123b40 GCTaskThread "GC Thread#7" [stack: 0x000000cf2e800000,0x000000cf2e900000] [id=15436]
  0x000002718a0e9d10 ConcurrentGCThread "G1 Main Marker" [stack: 0x000000cf2c300000,0x000000cf2c400000] [id=2288]
  0x000002718a0ea5c0 ConcurrentGCThread "G1 Conc#0" [stack: 0x000000cf2c400000,0x000000cf2c500000] [id=16376]
  0x00000271a91225c0 ConcurrentGCThread "G1 Conc#1" [stack: 0x000000cf2e900000,0x000000cf2ea00000] [id=13588]
  0x00000271a5cec110 ConcurrentGCThread "G1 Refine#0" [stack: 0x000000cf2c500000,0x000000cf2c600000] [id=13528]
  0x00000271aadf4f20 ConcurrentGCThread "G1 Refine#1" [stack: 0x000000cf2f600000,0x000000cf2f700000] [id=11840]
  0x00000271a5cec9d0 ConcurrentGCThread "G1 Service" [stack: 0x000000cf2c600000,0x000000cf2c700000] [id=5964]

Threads with active compile tasks:
C2 CompilerThread0    10617 11457       4       com.android.tools.r8.internal.Px::a (25 bytes)
C1 CompilerThread0    10617 11790       2       com.android.build.gradle.internal.packaging.ParsedPackagingOptions::getAction (149 bytes)
C2 CompilerThread1    10617 11454       4       com.android.tools.r8.internal.Px::c (280 bytes)
C2 CompilerThread2    10617 11730       4       com.android.tools.r8.internal.ug::e (297 bytes)

VM state: at safepoint (normal execution)

VM Mutex/Monitor currently owned by a thread:  ([mutex/lock_event])
[0x000002718a075f60] Threads_lock - owner thread: 0x00000271a5e95900
[0x000002718a075270] Heap_lock - owner thread: 0x00000271b186d6b0

Heap address: 0x0000000080000000, size: 2048 MB, Compressed Oops mode: 32-bit

CDS archive(s) not mapped
Compressed class space mapped at: 0x0000000100000000-0x0000000140000000, reserved size: 1073741824
Narrow klass base: 0x0000000000000000, Narrow klass shift: 3, Narrow klass range: 0x140000000

GC Precious Log:
 CPUs: 8 total, 8 available
 Memory: 8029M
 Large Page Support: Disabled
 NUMA Support: Disabled
 Compressed Oops: Enabled (32-bit)
 Heap Region Size: 1M
 Heap Min Capacity: 8M
 Heap Initial Capacity: 126M
 Heap Max Capacity: 2G
 Pre-touch: Disabled
 Parallel Workers: 8
 Concurrent Workers: 2
 Concurrent Refinement Workers: 8
 Periodic GC: Disabled

Heap:
 garbage-first heap   total 225280K, used 130583K [0x0000000080000000, 0x0000000100000000)
  region size 1024K, 7 young (7168K), 7 survivors (7168K)
 Metaspace       used 99269K, committed 99904K, reserved 1138688K
  class space    used 13741K, committed 14016K, reserved 1048576K

Heap Regions: E=young(eden), S=young(survivor), O=old, HS=humongous(starts), HC=humongous(continues), CS=collection set, F=free, OA=open archive, CA=closed archive, TAMS=top-at-mark-start (previous, next)
|   0|0x0000000080000000, 0x0000000080100000, 0x0000000080100000|100%| O|  |TAMS 0x0000000080100000, 0x0000000080000000| Untracked 
|   1|0x0000000080100000, 0x0000000080200000, 0x0000000080200000|100%| O|  |TAMS 0x0000000080200000, 0x0000000080100000| Untracked 
|   2|0x0000000080200000, 0x0000000080300000, 0x0000000080300000|100%| O|  |TAMS 0x0000000080300000, 0x0000000080200000| Untracked 
|   3|0x0000000080300000, 0x0000000080400000, 0x0000000080400000|100%|HS|  |TAMS 0x0000000080400000, 0x0000000080300000| Complete 
|   4|0x0000000080400000, 0x0000000080500000, 0x0000000080500000|100%|HC|  |TAMS 0x0000000080500000, 0x0000000080400000| Complete 
|   5|0x0000000080500000, 0x0000000080600000, 0x0000000080600000|100%|HC|  |TAMS 0x0000000080600000, 0x0000000080500000| Complete 
|   6|0x0000000080600000, 0x0000000080700000, 0x0000000080700000|100%| O|  |TAMS 0x0000000080700000, 0x0000000080600000| Untracked 
|   7|0x0000000080700000, 0x0000000080800000, 0x0000000080800000|100%| O|  |TAMS 0x0000000080800000, 0x0000000080700000| Untracked 
|   8|0x0000000080800000, 0x0000000080900000, 0x0000000080900000|100%| O|  |TAMS 0x0000000080900000, 0x0000000080800000| Untracked 
|   9|0x0000000080900000, 0x0000000080a00000, 0x0000000080a00000|100%| O|  |TAMS 0x0000000080a00000, 0x0000000080900000| Untracked 
|  10|0x0000000080a00000, 0x0000000080b00000, 0x0000000080b00000|100%| O|  |TAMS 0x0000000080b00000, 0x0000000080a00000| Untracked 
|  11|0x0000000080b00000, 0x0000000080c00000, 0x0000000080c00000|100%| O|  |TAMS 0x0000000080c00000, 0x0000000080b00000| Untracked 
|  12|0x0000000080c00000, 0x0000000080d00000, 0x0000000080d00000|100%| O|  |TAMS 0x0000000080d00000, 0x0000000080c00000| Untracked 
|  13|0x0000000080d00000, 0x0000000080e00000, 0x0000000080e00000|100%| O|  |TAMS 0x0000000080e00000, 0x0000000080d00000| Untracked 
|  14|0x0000000080e00000, 0x0000000080f00000, 0x0000000080f00000|100%| O|  |TAMS 0x0000000080f00000, 0x0000000080e00000| Untracked 
|  15|0x0000000080f00000, 0x0000000081000000, 0x0000000081000000|100%| O|  |TAMS 0x0000000081000000, 0x0000000080f00000| Untracked 
|  16|0x0000000081000000, 0x0000000081100000, 0x0000000081100000|100%| O|  |TAMS 0x0000000081100000, 0x0000000081000000| Untracked 
|  17|0x0000000081100000, 0x0000000081200000, 0x0000000081200000|100%| O|  |TAMS 0x0000000081200000, 0x0000000081100000| Untracked 
|  18|0x0000000081200000, 0x0000000081300000, 0x0000000081300000|100%| O|  |TAMS 0x0000000081300000, 0x0000000081200000| Untracked 
|  19|0x0000000081300000, 0x0000000081400000, 0x0000000081400000|100%|HS|  |TAMS 0x0000000081400000, 0x0000000081300000| Complete 
|  20|0x0000000081400000, 0x0000000081500000, 0x0000000081500000|100%| O|  |TAMS 0x0000000081500000, 0x0000000081400000| Untracked 
|  21|0x0000000081500000, 0x0000000081600000, 0x0000000081600000|100%| O|  |TAMS 0x0000000081600000, 0x0000000081500000| Untracked 
|  22|0x0000000081600000, 0x0000000081700000, 0x0000000081700000|100%| O|  |TAMS 0x0000000081700000, 0x0000000081600000| Untracked 
|  23|0x0000000081700000, 0x0000000081800000, 0x0000000081800000|100%| O|  |TAMS 0x0000000081800000, 0x0000000081700000| Untracked 
|  24|0x0000000081800000, 0x0000000081900000, 0x0000000081900000|100%| O|  |TAMS 0x0000000081800000, 0x0000000081800000| Untracked 
|  25|0x0000000081900000, 0x0000000081a00000, 0x0000000081a00000|100%| O|  |TAMS 0x0000000081a00000, 0x0000000081900000| Untracked 
|  26|0x0000000081a00000, 0x0000000081b00000, 0x0000000081b00000|100%| O|  |TAMS 0x0000000081b00000, 0x0000000081a00000| Untracked 
|  27|0x0000000081b00000, 0x0000000081c00000, 0x0000000081c00000|100%| O|  |TAMS 0x0000000081c00000, 0x0000000081b00000| Untracked 
|  28|0x0000000081c00000, 0x0000000081d00000, 0x0000000081d00000|100%| O|  |TAMS 0x0000000081d00000, 0x0000000081c00000| Untracked 
|  29|0x0000000081d00000, 0x0000000081e00000, 0x0000000081e00000|100%| O|  |TAMS 0x0000000081e00000, 0x0000000081d00000| Untracked 
|  30|0x0000000081e00000, 0x0000000081f00000, 0x0000000081f00000|100%| O|  |TAMS 0x0000000081f00000, 0x0000000081e00000| Untracked 
|  31|0x0000000081f00000, 0x0000000082000000, 0x0000000082000000|100%|HS|  |TAMS 0x0000000082000000, 0x0000000081f00000| Complete 
|  32|0x0000000082000000, 0x0000000082100000, 0x0000000082100000|100%| O|  |TAMS 0x0000000082100000, 0x0000000082000000| Untracked 
|  33|0x0000000082100000, 0x0000000082200000, 0x0000000082200000|100%| O|  |TAMS 0x0000000082200000, 0x0000000082100000| Untracked 
|  34|0x0000000082200000, 0x0000000082300000, 0x0000000082300000|100%| O|  |TAMS 0x0000000082300000, 0x0000000082200000| Untracked 
|  35|0x0000000082300000, 0x0000000082400000, 0x0000000082400000|100%| O|  |TAMS 0x0000000082400000, 0x0000000082300000| Untracked 
|  36|0x0000000082400000, 0x0000000082500000, 0x0000000082500000|100%| O|  |TAMS 0x0000000082500000, 0x0000000082400000| Untracked 
|  37|0x0000000082500000, 0x0000000082600000, 0x0000000082600000|100%| O|  |TAMS 0x0000000082600000, 0x0000000082500000| Untracked 
|  38|0x0000000082600000, 0x0000000082700000, 0x0000000082700000|100%| O|  |TAMS 0x0000000082700000, 0x0000000082600000| Untracked 
|  39|0x0000000082700000, 0x0000000082800000, 0x0000000082800000|100%| O|  |TAMS 0x0000000082800000, 0x0000000082700000| Untracked 
|  40|0x0000000082800000, 0x0000000082900000, 0x0000000082900000|100%| O|  |TAMS 0x0000000082900000, 0x0000000082800000| Untracked 
|  41|0x0000000082900000, 0x0000000082a00000, 0x0000000082a00000|100%| O|  |TAMS 0x0000000082a00000, 0x0000000082900000| Untracked 
|  42|0x0000000082a00000, 0x0000000082b00000, 0x0000000082b00000|100%| O|  |TAMS 0x0000000082b00000, 0x0000000082a00000| Untracked 
|  43|0x0000000082b00000, 0x0000000082c00000, 0x0000000082c00000|100%| O|  |TAMS 0x0000000082c00000, 0x0000000082b00000| Untracked 
|  44|0x0000000082c00000, 0x0000000082d00000, 0x0000000082d00000|100%| O|  |TAMS 0x0000000082d00000, 0x0000000082c00000| Untracked 
|  45|0x0000000082d00000, 0x0000000082e00000, 0x0000000082e00000|100%| O|  |TAMS 0x0000000082e00000, 0x0000000082d00000| Untracked 
|  46|0x0000000082e00000, 0x0000000082f00000, 0x0000000082f00000|100%| O|  |TAMS 0x0000000082f00000, 0x0000000082e00000| Untracked 
|  47|0x0000000082f00000, 0x0000000083000000, 0x0000000083000000|100%| O|  |TAMS 0x0000000083000000, 0x0000000082f00000| Untracked 
|  48|0x0000000083000000, 0x0000000083100000, 0x0000000083100000|100%| O|  |TAMS 0x0000000083100000, 0x0000000083000000| Untracked 
|  49|0x0000000083100000, 0x0000000083200000, 0x0000000083200000|100%| O|  |TAMS 0x0000000083200000, 0x0000000083100000| Untracked 
|  50|0x0000000083200000, 0x0000000083300000, 0x0000000083300000|100%| O|  |TAMS 0x0000000083300000, 0x0000000083200000| Untracked 
|  51|0x0000000083300000, 0x0000000083400000, 0x0000000083400000|100%| O|  |TAMS 0x0000000083400000, 0x0000000083300000| Untracked 
|  52|0x0000000083400000, 0x0000000083500000, 0x0000000083500000|100%| O|  |TAMS 0x0000000083500000, 0x0000000083400000| Untracked 
|  53|0x0000000083500000, 0x0000000083600000, 0x0000000083600000|100%| O|  |TAMS 0x0000000083600000, 0x0000000083500000| Untracked 
|  54|0x0000000083600000, 0x0000000083700000, 0x0000000083700000|100%| O|  |TAMS 0x0000000083700000, 0x0000000083600000| Untracked 
|  55|0x0000000083700000, 0x0000000083800000, 0x0000000083800000|100%| O|  |TAMS 0x0000000083800000, 0x0000000083700000| Untracked 
|  56|0x0000000083800000, 0x0000000083900000, 0x0000000083900000|100%| O|  |TAMS 0x0000000083900000, 0x0000000083800000| Untracked 
|  57|0x0000000083900000, 0x0000000083a00000, 0x0000000083a00000|100%| O|  |TAMS 0x0000000083a00000, 0x0000000083900000| Untracked 
|  58|0x0000000083a00000, 0x0000000083b00000, 0x0000000083b00000|100%| O|  |TAMS 0x0000000083b00000, 0x0000000083a00000| Untracked 
|  59|0x0000000083b00000, 0x0000000083c00000, 0x0000000083c00000|100%| O|  |TAMS 0x0000000083c00000, 0x0000000083b00000| Untracked 
|  60|0x0000000083c00000, 0x0000000083d00000, 0x0000000083d00000|100%| O|  |TAMS 0x0000000083d00000, 0x0000000083c00000| Untracked 
|  61|0x0000000083d00000, 0x0000000083e00000, 0x0000000083e00000|100%| O|  |TAMS 0x0000000083e00000, 0x0000000083d00000| Untracked 
|  62|0x0000000083e00000, 0x0000000083f00000, 0x0000000083f00000|100%| O|  |TAMS 0x0000000083f00000, 0x0000000083e00000| Untracked 
|  63|0x0000000083f00000, 0x0000000084000000, 0x0000000084000000|100%| O|  |TAMS 0x0000000084000000, 0x0000000083f00000| Untracked 
|  64|0x0000000084000000, 0x0000000084100000, 0x0000000084100000|100%| O|  |TAMS 0x0000000084100000, 0x0000000084000000| Untracked 
|  65|0x0000000084100000, 0x0000000084200000, 0x0000000084200000|100%| O|  |TAMS 0x0000000084200000, 0x0000000084100000| Untracked 
|  66|0x0000000084200000, 0x0000000084300000, 0x0000000084300000|100%| O|  |TAMS 0x0000000084300000, 0x0000000084200000| Untracked 
|  67|0x0000000084300000, 0x0000000084400000, 0x0000000084400000|100%| O|  |TAMS 0x0000000084400000, 0x0000000084300000| Untracked 
|  68|0x0000000084400000, 0x0000000084500000, 0x0000000084500000|100%| O|  |TAMS 0x0000000084500000, 0x0000000084400000| Untracked 
|  69|0x0000000084500000, 0x0000000084600000, 0x0000000084600000|100%| O|  |TAMS 0x0000000084600000, 0x0000000084500000| Untracked 
|  70|0x0000000084600000, 0x0000000084700000, 0x0000000084700000|100%| O|  |TAMS 0x0000000084700000, 0x0000000084600000| Untracked 
|  71|0x0000000084700000, 0x0000000084800000, 0x0000000084800000|100%| O|  |TAMS 0x0000000084800000, 0x0000000084700000| Untracked 
|  72|0x0000000084800000, 0x0000000084900000, 0x0000000084900000|100%| O|  |TAMS 0x0000000084900000, 0x0000000084800000| Untracked 
|  73|0x0000000084900000, 0x0000000084a00000, 0x0000000084a00000|100%| O|  |TAMS 0x0000000084a00000, 0x0000000084900000| Untracked 
|  74|0x0000000084a00000, 0x0000000084b00000, 0x0000000084b00000|100%| O|  |TAMS 0x0000000084b00000, 0x0000000084a00000| Untracked 
|  75|0x0000000084b00000, 0x0000000084c00000, 0x0000000084c00000|100%| O|  |TAMS 0x0000000084c00000, 0x0000000084b00000| Untracked 
|  76|0x0000000084c00000, 0x0000000084d00000, 0x0000000084d00000|100%| O|  |TAMS 0x0000000084d00000, 0x0000000084c00000| Untracked 
|  77|0x0000000084d00000, 0x0000000084e00000, 0x0000000084e00000|100%| O|  |TAMS 0x0000000084e00000, 0x0000000084d00000| Untracked 
|  78|0x0000000084e00000, 0x0000000084f00000, 0x0000000084f00000|100%| O|  |TAMS 0x0000000084f00000, 0x0000000084e00000| Untracked 
|  79|0x0000000084f00000, 0x0000000085000000, 0x0000000085000000|100%| O|  |TAMS 0x0000000085000000, 0x0000000084f00000| Untracked 
|  80|0x0000000085000000, 0x0000000085100000, 0x0000000085100000|100%| O|  |TAMS 0x0000000085100000, 0x0000000085000000| Untracked 
|  81|0x0000000085100000, 0x0000000085200000, 0x0000000085200000|100%| O|  |TAMS 0x0000000085200000, 0x0000000085100000| Untracked 
|  82|0x0000000085200000, 0x0000000085300000, 0x0000000085300000|100%| O|  |TAMS 0x0000000085300000, 0x0000000085200000| Untracked 
|  83|0x0000000085300000, 0x0000000085400000, 0x0000000085400000|100%| O|  |TAMS 0x0000000085300000, 0x0000000085300000| Untracked 
|  84|0x0000000085400000, 0x0000000085500000, 0x0000000085500000|100%| O|  |TAMS 0x0000000085500000, 0x0000000085400000| Untracked 
|  85|0x0000000085500000, 0x0000000085600000, 0x0000000085600000|100%| O|  |TAMS 0x0000000085600000, 0x0000000085500000| Untracked 
|  86|0x0000000085600000, 0x0000000085700000, 0x0000000085700000|100%| O|  |TAMS 0x0000000085700000, 0x0000000085600000| Untracked 
|  87|0x0000000085700000, 0x0000000085800000, 0x0000000085800000|100%| O|  |TAMS 0x0000000085800000, 0x0000000085700000| Untracked 
|  88|0x0000000085800000, 0x0000000085900000, 0x0000000085900000|100%| O|  |TAMS 0x0000000085900000, 0x0000000085800000| Untracked 
|  89|0x0000000085900000, 0x0000000085a00000, 0x0000000085a00000|100%| O|  |TAMS 0x0000000085a00000, 0x0000000085900000| Untracked 
|  90|0x0000000085a00000, 0x0000000085b00000, 0x0000000085b00000|100%| O|  |TAMS 0x0000000085b00000, 0x0000000085a00000| Untracked 
|  91|0x0000000085b00000, 0x0000000085c00000, 0x0000000085c00000|100%| O|  |TAMS 0x0000000085c00000, 0x0000000085b00000| Untracked 
|  92|0x0000000085c00000, 0x0000000085d00000, 0x0000000085d00000|100%| O|  |TAMS 0x0000000085d00000, 0x0000000085c00000| Untracked 
|  93|0x0000000085d00000, 0x0000000085e00000, 0x0000000085e00000|100%| O|  |TAMS 0x0000000085e00000, 0x0000000085d00000| Untracked 
|  94|0x0000000085e00000, 0x0000000085f00000, 0x0000000085f00000|100%| O|  |TAMS 0x0000000085f00000, 0x0000000085e00000| Untracked 
|  95|0x0000000085f00000, 0x0000000086000000, 0x0000000086000000|100%| O|  |TAMS 0x0000000086000000, 0x0000000085f00000| Untracked 
|  96|0x0000000086000000, 0x0000000086100000, 0x0000000086100000|100%| O|  |TAMS 0x0000000086100000, 0x0000000086000000| Untracked 
|  97|0x0000000086100000, 0x0000000086185c00, 0x0000000086200000| 52%| O|  |TAMS 0x0000000086100000, 0x0000000086100000| Untracked 
|  98|0x0000000086200000, 0x0000000086300000, 0x0000000086300000|100%| O|  |TAMS 0x0000000086300000, 0x0000000086200000| Untracked 
|  99|0x0000000086300000, 0x0000000086400000, 0x0000000086400000|100%| O|  |TAMS 0x0000000086400000, 0x0000000086300000| Untracked 
| 100|0x0000000086400000, 0x0000000086500000, 0x0000000086500000|100%| O|  |TAMS 0x0000000086500000, 0x0000000086400000| Untracked 
| 101|0x0000000086500000, 0x0000000086600000, 0x0000000086600000|100%| O|  |TAMS 0x00000000865c9c00, 0x0000000086500000| Untracked 
| 102|0x0000000086600000, 0x0000000086700000, 0x0000000086700000|100%| O|  |TAMS 0x0000000086600000, 0x0000000086600000| Untracked 
| 103|0x0000000086700000, 0x0000000086800000, 0x0000000086800000|100%| O|  |TAMS 0x0000000086700000, 0x0000000086700000| Untracked 
| 104|0x0000000086800000, 0x0000000086900000, 0x0000000086900000|100%| O|  |TAMS 0x0000000086800000, 0x0000000086800000| Untracked 
| 105|0x0000000086900000, 0x0000000086a00000, 0x0000000086a00000|100%| O|  |TAMS 0x0000000086900000, 0x0000000086900000| Untracked 
| 106|0x0000000086a00000, 0x0000000086b00000, 0x0000000086b00000|100%| O|  |TAMS 0x0000000086a00000, 0x0000000086a00000| Untracked 
| 107|0x0000000086b00000, 0x0000000086c00000, 0x0000000086c00000|100%| O|  |TAMS 0x0000000086b00000, 0x0000000086b00000| Untracked 
| 108|0x0000000086c00000, 0x0000000086d00000, 0x0000000086d00000|100%| O|  |TAMS 0x0000000086c00000, 0x0000000086c00000| Untracked 
| 109|0x0000000086d00000, 0x0000000086e00000, 0x0000000086e00000|100%| O|  |TAMS 0x0000000086d00000, 0x0000000086d00000| Untracked 
| 110|0x0000000086e00000, 0x0000000086f00000, 0x0000000086f00000|100%| O|  |TAMS 0x0000000086e00000, 0x0000000086e00000| Untracked 
| 111|0x0000000086f00000, 0x0000000087000000, 0x0000000087000000|100%| O|  |TAMS 0x0000000086f00000, 0x0000000086f00000| Untracked 
| 112|0x0000000087000000, 0x0000000087100000, 0x0000000087100000|100%| O|  |TAMS 0x0000000087000000, 0x0000000087000000| Untracked 
| 113|0x0000000087100000, 0x0000000087200000, 0x0000000087200000|100%| O|  |TAMS 0x0000000087100000, 0x0000000087100000| Untracked 
| 114|0x0000000087200000, 0x0000000087300000, 0x0000000087300000|100%| O|  |TAMS 0x0000000087200000, 0x0000000087200000| Untracked 
| 115|0x0000000087300000, 0x0000000087400000, 0x0000000087400000|100%| O|  |TAMS 0x0000000087300000, 0x0000000087300000| Untracked 
| 116|0x0000000087400000, 0x0000000087500000, 0x0000000087500000|100%| O|  |TAMS 0x0000000087400000, 0x0000000087400000| Untracked 
| 117|0x0000000087500000, 0x0000000087600000, 0x0000000087600000|100%| O|  |TAMS 0x0000000087500000, 0x0000000087500000| Untracked 
| 118|0x0000000087600000, 0x0000000087700000, 0x0000000087700000|100%| O|  |TAMS 0x0000000087600000, 0x0000000087600000| Untracked 
| 119|0x0000000087700000, 0x0000000087800000, 0x0000000087800000|100%| O|  |TAMS 0x0000000087700000, 0x0000000087700000| Untracked 
| 120|0x0000000087800000, 0x0000000087900000, 0x0000000087900000|100%| O|  |TAMS 0x0000000087800000, 0x0000000087800000| Untracked 
| 121|0x0000000087900000, 0x0000000087900000, 0x0000000087a00000|  0%| F|  |TAMS 0x0000000087900000, 0x0000000087900000| Untracked 
| 122|0x0000000087a00000, 0x0000000087a00000, 0x0000000087b00000|  0%| F|  |TAMS 0x0000000087a00000, 0x0000000087a00000| Untracked 
| 123|0x0000000087b00000, 0x0000000087b00000, 0x0000000087c00000|  0%| F|  |TAMS 0x0000000087b00000, 0x0000000087b00000| Untracked 
| 124|0x0000000087c00000, 0x0000000087c00000, 0x0000000087d00000|  0%| F|  |TAMS 0x0000000087c00000, 0x0000000087c00000| Untracked 
| 125|0x0000000087d00000, 0x0000000087d00000, 0x0000000087e00000|  0%| F|  |TAMS 0x0000000087d00000, 0x0000000087d00000| Untracked 
| 126|0x0000000087e00000, 0x0000000087e00000, 0x0000000087f00000|  0%| F|  |TAMS 0x0000000087e00000, 0x0000000087e00000| Untracked 
| 127|0x0000000087f00000, 0x0000000087f00000, 0x0000000088000000|  0%| F|  |TAMS 0x0000000087f00000, 0x0000000087f00000| Untracked 
| 128|0x0000000088000000, 0x0000000088000000, 0x0000000088100000|  0%| F|  |TAMS 0x0000000088000000, 0x0000000088000000| Untracked 
| 129|0x0000000088100000, 0x0000000088100000, 0x0000000088200000|  0%| F|  |TAMS 0x0000000088100000, 0x0000000088100000| Untracked 
| 130|0x0000000088200000, 0x0000000088200000, 0x0000000088300000|  0%| F|  |TAMS 0x0000000088200000, 0x0000000088200000| Untracked 
| 131|0x0000000088300000, 0x0000000088300000, 0x0000000088400000|  0%| F|  |TAMS 0x0000000088300000, 0x0000000088300000| Untracked 
| 132|0x0000000088400000, 0x0000000088400000, 0x0000000088500000|  0%| F|  |TAMS 0x0000000088400000, 0x0000000088400000| Untracked 
| 133|0x0000000088500000, 0x0000000088500000, 0x0000000088600000|  0%| F|  |TAMS 0x0000000088500000, 0x0000000088500000| Untracked 
| 134|0x0000000088600000, 0x0000000088600000, 0x0000000088700000|  0%| F|  |TAMS 0x0000000088600000, 0x0000000088600000| Untracked 
| 135|0x0000000088700000, 0x0000000088700000, 0x0000000088800000|  0%| F|  |TAMS 0x0000000088700000, 0x0000000088700000| Untracked 
| 136|0x0000000088800000, 0x0000000088800000, 0x0000000088900000|  0%| F|  |TAMS 0x0000000088800000, 0x0000000088800000| Untracked 
| 137|0x0000000088900000, 0x0000000088900000, 0x0000000088a00000|  0%| F|  |TAMS 0x0000000088900000, 0x0000000088900000| Untracked 
| 138|0x0000000088a00000, 0x0000000088a00000, 0x0000000088b00000|  0%| F|  |TAMS 0x0000000088a00000, 0x0000000088a00000| Untracked 
| 139|0x0000000088b00000, 0x0000000088b00000, 0x0000000088c00000|  0%| F|  |TAMS 0x0000000088b00000, 0x0000000088b00000| Untracked 
| 140|0x0000000088c00000, 0x0000000088c00000, 0x0000000088d00000|  0%| F|  |TAMS 0x0000000088c00000, 0x0000000088c00000| Untracked 
| 141|0x0000000088d00000, 0x0000000088d00000, 0x0000000088e00000|  0%| F|  |TAMS 0x0000000088d00000, 0x0000000088d00000| Untracked 
| 142|0x0000000088e00000, 0x0000000088e00000, 0x0000000088f00000|  0%| F|  |TAMS 0x0000000088e00000, 0x0000000088e00000| Untracked 
| 143|0x0000000088f00000, 0x0000000088f00000, 0x0000000089000000|  0%| F|  |TAMS 0x0000000088f00000, 0x0000000088f00000| Untracked 
| 144|0x0000000089000000, 0x0000000089000000, 0x0000000089100000|  0%| F|  |TAMS 0x0000000089000000, 0x0000000089000000| Untracked 
| 145|0x0000000089100000, 0x0000000089100000, 0x0000000089200000|  0%| F|  |TAMS 0x0000000089100000, 0x0000000089100000| Untracked 
| 146|0x0000000089200000, 0x0000000089200000, 0x0000000089300000|  0%| F|  |TAMS 0x0000000089200000, 0x0000000089200000| Untracked 
| 147|0x0000000089300000, 0x0000000089300000, 0x0000000089400000|  0%| F|  |TAMS 0x0000000089300000, 0x0000000089300000| Untracked 
| 148|0x0000000089400000, 0x0000000089400000, 0x0000000089500000|  0%| F|  |TAMS 0x0000000089400000, 0x0000000089400000| Untracked 
| 149|0x0000000089500000, 0x0000000089500000, 0x0000000089600000|  0%| F|  |TAMS 0x0000000089500000, 0x0000000089500000| Untracked 
| 150|0x0000000089600000, 0x0000000089600000, 0x0000000089700000|  0%| F|  |TAMS 0x0000000089600000, 0x0000000089600000| Untracked 
| 151|0x0000000089700000, 0x0000000089700000, 0x0000000089800000|  0%| F|  |TAMS 0x0000000089700000, 0x0000000089700000| Untracked 
| 152|0x0000000089800000, 0x0000000089800000, 0x0000000089900000|  0%| F|  |TAMS 0x0000000089800000, 0x0000000089800000| Untracked 
| 153|0x0000000089900000, 0x0000000089900000, 0x0000000089a00000|  0%| F|  |TAMS 0x0000000089900000, 0x0000000089900000| Untracked 
| 154|0x0000000089a00000, 0x0000000089a00000, 0x0000000089b00000|  0%| F|  |TAMS 0x0000000089a00000, 0x0000000089a00000| Untracked 
| 155|0x0000000089b00000, 0x0000000089b00000, 0x0000000089c00000|  0%| F|  |TAMS 0x0000000089b00000, 0x0000000089b00000| Untracked 
| 156|0x0000000089c00000, 0x0000000089c00000, 0x0000000089d00000|  0%| F|  |TAMS 0x0000000089c00000, 0x0000000089c00000| Untracked 
| 157|0x0000000089d00000, 0x0000000089d00000, 0x0000000089e00000|  0%| F|  |TAMS 0x0000000089d00000, 0x0000000089d00000| Untracked 
| 158|0x0000000089e00000, 0x0000000089e00000, 0x0000000089f00000|  0%| F|  |TAMS 0x0000000089e00000, 0x0000000089e00000| Untracked 
| 159|0x0000000089f00000, 0x000000008a000000, 0x000000008a000000|100%| S|CS|TAMS 0x0000000089f00000, 0x0000000089f00000| Complete 
| 160|0x000000008a000000, 0x000000008a100000, 0x000000008a100000|100%| S|CS|TAMS 0x000000008a000000, 0x000000008a000000| Complete 
| 161|0x000000008a100000, 0x000000008a200000, 0x000000008a200000|100%| S|CS|TAMS 0x000000008a100000, 0x000000008a100000| Complete 
| 162|0x000000008a200000, 0x000000008a300000, 0x000000008a300000|100%| S|CS|TAMS 0x000000008a200000, 0x000000008a200000| Complete 
| 163|0x000000008a300000, 0x000000008a400000, 0x000000008a400000|100%| S|CS|TAMS 0x000000008a300000, 0x000000008a300000| Complete 
| 164|0x000000008a400000, 0x000000008a500000, 0x000000008a500000|100%| S|CS|TAMS 0x000000008a400000, 0x000000008a400000| Complete 
| 165|0x000000008a500000, 0x000000008a600000, 0x000000008a600000|100%| S|CS|TAMS 0x000000008a500000, 0x000000008a500000| Complete 
| 166|0x000000008a600000, 0x000000008a600000, 0x000000008a700000|  0%| F|  |TAMS 0x000000008a600000, 0x000000008a600000| Untracked 
| 167|0x000000008a700000, 0x000000008a700000, 0x000000008a800000|  0%| F|  |TAMS 0x000000008a700000, 0x000000008a700000| Untracked 
| 168|0x000000008a800000, 0x000000008a800000, 0x000000008a900000|  0%| F|  |TAMS 0x000000008a800000, 0x000000008a800000| Untracked 
| 169|0x000000008a900000, 0x000000008a900000, 0x000000008aa00000|  0%| F|  |TAMS 0x000000008a900000, 0x000000008a900000| Untracked 
| 170|0x000000008aa00000, 0x000000008aa00000, 0x000000008ab00000|  0%| F|  |TAMS 0x000000008aa00000, 0x000000008aa00000| Untracked 
| 171|0x000000008ab00000, 0x000000008ab00000, 0x000000008ac00000|  0%| F|  |TAMS 0x000000008ab00000, 0x000000008ab00000| Untracked 
| 172|0x000000008ac00000, 0x000000008ac00000, 0x000000008ad00000|  0%| F|  |TAMS 0x000000008ac00000, 0x000000008ac00000| Untracked 
| 173|0x000000008ad00000, 0x000000008ad00000, 0x000000008ae00000|  0%| F|  |TAMS 0x000000008ad00000, 0x000000008ad00000| Untracked 
| 174|0x000000008ae00000, 0x000000008ae00000, 0x000000008af00000|  0%| F|  |TAMS 0x000000008ae00000, 0x000000008ae00000| Untracked 
| 175|0x000000008af00000, 0x000000008af00000, 0x000000008b000000|  0%| F|  |TAMS 0x000000008af00000, 0x000000008af00000| Untracked 
| 176|0x000000008b000000, 0x000000008b000000, 0x000000008b100000|  0%| F|  |TAMS 0x000000008b000000, 0x000000008b000000| Untracked 
| 177|0x000000008b100000, 0x000000008b100000, 0x000000008b200000|  0%| F|  |TAMS 0x000000008b100000, 0x000000008b100000| Untracked 
| 178|0x000000008b200000, 0x000000008b200000, 0x000000008b300000|  0%| F|  |TAMS 0x000000008b200000, 0x000000008b200000| Untracked 
| 179|0x000000008b300000, 0x000000008b300000, 0x000000008b400000|  0%| F|  |TAMS 0x000000008b300000, 0x000000008b300000| Untracked 
| 180|0x000000008b400000, 0x000000008b400000, 0x000000008b500000|  0%| F|  |TAMS 0x000000008b400000, 0x000000008b400000| Untracked 
| 181|0x000000008b500000, 0x000000008b500000, 0x000000008b600000|  0%| F|  |TAMS 0x000000008b500000, 0x000000008b500000| Untracked 
| 182|0x000000008b600000, 0x000000008b600000, 0x000000008b700000|  0%| F|  |TAMS 0x000000008b600000, 0x000000008b600000| Untracked 
| 183|0x000000008b700000, 0x000000008b700000, 0x000000008b800000|  0%| F|  |TAMS 0x000000008b700000, 0x000000008b700000| Untracked 
| 184|0x000000008b800000, 0x000000008b800000, 0x000000008b900000|  0%| F|  |TAMS 0x000000008b800000, 0x000000008b800000| Untracked 
| 185|0x000000008b900000, 0x000000008b900000, 0x000000008ba00000|  0%| F|  |TAMS 0x000000008b900000, 0x000000008b900000| Untracked 
| 186|0x000000008ba00000, 0x000000008ba00000, 0x000000008bb00000|  0%| F|  |TAMS 0x000000008ba00000, 0x000000008ba00000| Untracked 
| 187|0x000000008bb00000, 0x000000008bb00000, 0x000000008bc00000|  0%| F|  |TAMS 0x000000008bb00000, 0x000000008bb00000| Untracked 
| 188|0x000000008bc00000, 0x000000008bc00000, 0x000000008bd00000|  0%| F|  |TAMS 0x000000008bc00000, 0x000000008bc00000| Untracked 
| 189|0x000000008bd00000, 0x000000008bd00000, 0x000000008be00000|  0%| F|  |TAMS 0x000000008bd00000, 0x000000008bd00000| Untracked 
| 190|0x000000008be00000, 0x000000008be00000, 0x000000008bf00000|  0%| F|  |TAMS 0x000000008be00000, 0x000000008be00000| Untracked 
| 191|0x000000008bf00000, 0x000000008bf00000, 0x000000008c000000|  0%| F|  |TAMS 0x000000008bf00000, 0x000000008bf00000| Untracked 
| 192|0x000000008c000000, 0x000000008c000000, 0x000000008c100000|  0%| F|  |TAMS 0x000000008c000000, 0x000000008c000000| Untracked 
| 193|0x000000008c100000, 0x000000008c100000, 0x000000008c200000|  0%| F|  |TAMS 0x000000008c100000, 0x000000008c100000| Untracked 
| 194|0x000000008c200000, 0x000000008c200000, 0x000000008c300000|  0%| F|  |TAMS 0x000000008c200000, 0x000000008c200000| Untracked 
| 195|0x000000008c300000, 0x000000008c300000, 0x000000008c400000|  0%| F|  |TAMS 0x000000008c300000, 0x000000008c300000| Untracked 
| 196|0x000000008c400000, 0x000000008c400000, 0x000000008c500000|  0%| F|  |TAMS 0x000000008c400000, 0x000000008c400000| Untracked 
| 197|0x000000008c500000, 0x000000008c500000, 0x000000008c600000|  0%| F|  |TAMS 0x000000008c500000, 0x000000008c500000| Untracked 
| 198|0x000000008c600000, 0x000000008c600000, 0x000000008c700000|  0%| F|  |TAMS 0x000000008c600000, 0x000000008c600000| Untracked 
| 199|0x000000008c700000, 0x000000008c700000, 0x000000008c800000|  0%| F|  |TAMS 0x000000008c700000, 0x000000008c700000| Untracked 
| 200|0x000000008c800000, 0x000000008c800000, 0x000000008c900000|  0%| F|  |TAMS 0x000000008c800000, 0x000000008c800000| Untracked 
| 201|0x000000008c900000, 0x000000008c900000, 0x000000008ca00000|  0%| F|  |TAMS 0x000000008c900000, 0x000000008c900000| Untracked 
| 202|0x000000008ca00000, 0x000000008ca00000, 0x000000008cb00000|  0%| F|  |TAMS 0x000000008ca00000, 0x000000008ca00000| Untracked 
| 203|0x000000008cb00000, 0x000000008cb00000, 0x000000008cc00000|  0%| F|  |TAMS 0x000000008cb00000, 0x000000008cb00000| Untracked 
| 204|0x000000008cc00000, 0x000000008cc00000, 0x000000008cd00000|  0%| F|  |TAMS 0x000000008cc00000, 0x000000008cc00000| Untracked 
| 205|0x000000008cd00000, 0x000000008cd00000, 0x000000008ce00000|  0%| F|  |TAMS 0x000000008cd00000, 0x000000008cd00000| Untracked 
| 206|0x000000008ce00000, 0x000000008ce00000, 0x000000008cf00000|  0%| F|  |TAMS 0x000000008ce00000, 0x000000008ce00000| Untracked 
| 207|0x000000008cf00000, 0x000000008cf00000, 0x000000008d000000|  0%| F|  |TAMS 0x000000008cf00000, 0x000000008cf00000| Untracked 
| 208|0x000000008d000000, 0x000000008d000000, 0x000000008d100000|  0%| F|  |TAMS 0x000000008d000000, 0x000000008d000000| Untracked 
| 209|0x000000008d100000, 0x000000008d100000, 0x000000008d200000|  0%| F|  |TAMS 0x000000008d100000, 0x000000008d100000| Untracked 
| 210|0x000000008d200000, 0x000000008d200000, 0x000000008d300000|  0%| F|  |TAMS 0x000000008d200000, 0x000000008d200000| Untracked 
| 211|0x000000008d300000, 0x000000008d300000, 0x000000008d400000|  0%| F|  |TAMS 0x000000008d300000, 0x000000008d300000| Untracked 
| 212|0x000000008d400000, 0x000000008d400000, 0x000000008d500000|  0%| F|  |TAMS 0x000000008d400000, 0x000000008d400000| Untracked 
| 213|0x000000008d500000, 0x000000008d500000, 0x000000008d600000|  0%| F|  |TAMS 0x000000008d500000, 0x000000008d500000| Untracked 
| 214|0x000000008d600000, 0x000000008d600000, 0x000000008d700000|  0%| F|  |TAMS 0x000000008d600000, 0x000000008d600000| Untracked 
| 215|0x000000008d700000, 0x000000008d700000, 0x000000008d800000|  0%| F|  |TAMS 0x000000008d700000, 0x000000008d700000| Untracked 
| 216|0x000000008d800000, 0x000000008d800000, 0x000000008d900000|  0%| F|  |TAMS 0x000000008d800000, 0x000000008d800000| Untracked 
| 217|0x000000008d900000, 0x000000008d900000, 0x000000008da00000|  0%| F|  |TAMS 0x000000008d900000, 0x000000008d900000| Untracked 
| 218|0x000000008da00000, 0x000000008da00000, 0x000000008db00000|  0%| F|  |TAMS 0x000000008da00000, 0x000000008da00000| Untracked 
| 219|0x000000008db00000, 0x000000008db00000, 0x000000008dc00000|  0%| F|  |TAMS 0x000000008db00000, 0x000000008db00000| Untracked 

Card table byte_map: [0x000002719eb80000,0x000002719ef80000] _byte_map_base: 0x000002719e780000

Marking Bits (Prev, Next): (CMBitMap*) 0x000002718a0d9420, (CMBitMap*) 0x000002718a0d93e0
 Prev Bits: [0x00000271a1380000, 0x00000271a3380000)
 Next Bits: [0x000002719f380000, 0x00000271a1380000)

Polling page: 0x000002718a140000

Metaspace:

Usage:
  Non-class:     83.52 MB used.
      Class:     13.42 MB used.
       Both:     96.94 MB used.

Virtual space:
  Non-class space:       88.00 MB reserved,      83.88 MB ( 95%) committed,  11 nodes.
      Class space:        1.00 GB reserved,      13.69 MB (  1%) committed,  1 nodes.
             Both:        1.09 GB reserved,      97.56 MB (  9%) committed. 

Chunk freelists:
   Non-Class:  3.91 MB
       Class:  2.31 MB
        Both:  6.22 MB

MaxMetaspaceSize: unlimited
CompressedClassSpaceSize: 1.00 GB
Initial GC threshold: 21.00 MB
Current GC threshold: 158.56 MB
CDS: off
MetaspaceReclaimPolicy: balanced
 - commit_granule_bytes: 65536.
 - commit_granule_words: 8192.
 - virtual_space_node_default_size: 1048576.
 - enlarge_chunks_in_place: 1.
 - new_chunks_are_fully_committed: 0.
 - uncommit_free_chunks: 1.
 - use_allocation_guard: 0.
 - handle_deallocations: 1.


Internal statistics:

num_allocs_failed_limit: 6.
num_arena_births: 886.
num_arena_deaths: 30.
num_vsnodes_births: 12.
num_vsnodes_deaths: 0.
num_space_committed: 1561.
num_space_uncommitted: 0.
num_chunks_returned_to_freelist: 48.
num_chunks_taken_from_freelist: 4551.
num_chunk_merges: 18.
num_chunk_splits: 3020.
num_chunks_enlarged: 2047.
num_purges: 4.
num_inconsistent_stats: 0.

CodeHeap 'non-profiled nmethods': size=120000Kb used=6107Kb max_used=6169Kb free=113893Kb
 bounds [0x00000271967e0000, 0x0000027196e10000, 0x000002719dd10000]
CodeHeap 'profiled nmethods': size=120000Kb used=19821Kb max_used=19821Kb free=100178Kb
 bounds [0x000002718ed10000, 0x00000271900f0000, 0x0000027196240000]
CodeHeap 'non-nmethods': size=5760Kb used=2404Kb max_used=2521Kb free=3355Kb
 bounds [0x0000027196240000, 0x00000271964c0000, 0x00000271967e0000]
 total_blobs=10988 nmethods=10046 adapters=854
 compilation: enabled
              stopped_count=0, restarted_count=0
 full_count=0

Compilation events (20 events):
Event: 10.587 Thread 0x00000271a68405c0 nmethod 11761 0x000002718f21c590 code [0x000002718f21c740, 0x000002718f21c908]
Event: 10.587 Thread 0x00000271a68405c0 11780       2       com.android.tools.r8.internal.ov::b (12 bytes)
Event: 10.587 Thread 0x00000271a68405c0 nmethod 11780 0x000002718f21c210 code [0x000002718f21c3a0, 0x000002718f21c4b8]
Event: 10.588 Thread 0x00000271a68405c0 11781       2       com.android.tools.r8.utils.x$$Lambda$1660/0x0000000100d4d640::<init> (20 bytes)
Event: 10.588 Thread 0x00000271a68405c0 nmethod 11781 0x000002718f21be10 code [0x000002718f21bfa0, 0x000002718f21c158]
Event: 10.588 Thread 0x00000271a68405c0 11786       2       com.android.tools.r8.graph.C2::b (213 bytes)
Event: 10.588 Thread 0x00000271a68405c0 nmethod 11786 0x000002718ee1d790 code [0x000002718ee1d9e0, 0x000002718ee1e2b8]
Event: 10.588 Thread 0x00000271a68405c0 11773       2       com.android.build.gradle.internal.tasks.MergeJavaResourcesDelegate$run$inputFilter$1::test (9 bytes)
Event: 10.588 Thread 0x00000271a68405c0 nmethod 11773 0x000002718ee1d290 code [0x000002718ee1d440, 0x000002718ee1d618]
Event: 10.588 Thread 0x00000271a68405c0 11774       2       com.android.build.gradle.internal.tasks.MergeJavaResourcesDelegate$run$inputFilter$1::test (29 bytes)
Event: 10.589 Thread 0x00000271a68405c0 nmethod 11774 0x000002718ee1ce10 code [0x000002718ee1cfc0, 0x000002718ee1d158]
Event: 10.589 Thread 0x00000271a68405c0 11788       2       kotlin.collections.EmptySet::iterator (7 bytes)
Event: 10.589 Thread 0x00000271a68405c0 nmethod 11788 0x000002718ee1ca90 code [0x000002718ee1cc20, 0x000002718ee1cd38]
Event: 10.589 Thread 0x00000271a68405c0 11789       2       kotlin.collections.EmptySet::size (5 bytes)
Event: 10.589 Thread 0x00000271a68405c0 nmethod 11789 0x000002718ee1c710 code [0x000002718ee1c8a0, 0x000002718ee1c9b8]
Event: 10.589 Thread 0x00000271a68405c0 11791       2       com.android.build.gradle.internal.packaging.ParsedPackagingOptions$getAction$1::<init> (10 bytes)
Event: 10.589 Thread 0x00000271a68405c0 nmethod 11791 0x000002718ee1c310 code [0x000002718ee1c4a0, 0x000002718ee1c5f8]
Event: 10.589 Thread 0x00000271a68405c0 11792       2       com.android.build.gradle.internal.packaging.ParsedPackagingOptions$getAction$2::<init> (10 bytes)
Event: 10.589 Thread 0x00000271a68405c0 nmethod 11792 0x000002718eeea710 code [0x000002718eeea8a0, 0x000002718eeea9f8]
Event: 10.589 Thread 0x00000271a68405c0 11790       2       com.android.build.gradle.internal.packaging.ParsedPackagingOptions::getAction (149 bytes)

GC Heap History (20 events):
Event: 8.390 GC heap after
{Heap after GC invocations=26 (full 0):
 garbage-first heap   total 166912K, used 72554K [0x0000000080000000, 0x0000000100000000)
  region size 1024K, 9 young (9216K), 9 survivors (9216K)
 Metaspace       used 82872K, committed 83456K, reserved 1122304K
  class space    used 11450K, committed 11712K, reserved 1048576K
}
Event: 8.857 GC heap before
{Heap before GC invocations=26 (full 0):
 garbage-first heap   total 166912K, used 126826K [0x0000000080000000, 0x0000000100000000)
  region size 1024K, 63 young (64512K), 9 survivors (9216K)
 Metaspace       used 83442K, committed 84096K, reserved 1122304K
  class space    used 11491K, committed 11776K, reserved 1048576K
}
Event: 8.864 GC heap after
{Heap after GC invocations=27 (full 0):
 garbage-first heap   total 166912K, used 75971K [0x0000000080000000, 0x0000000100000000)
  region size 1024K, 4 young (4096K), 4 survivors (4096K)
 Metaspace       used 83442K, committed 84096K, reserved 1122304K
  class space    used 11491K, committed 11776K, reserved 1048576K
}
Event: 9.389 GC heap before
{Heap before GC invocations=27 (full 0):
 garbage-first heap   total 166912K, used 130243K [0x0000000080000000, 0x0000000100000000)
  region size 1024K, 58 young (59392K), 4 survivors (4096K)
 Metaspace       used 89448K, committed 89984K, reserved 1130496K
  class space    used 12239K, committed 12480K, reserved 1048576K
}
Event: 9.395 GC heap after
{Heap after GC invocations=28 (full 0):
 garbage-first heap   total 166912K, used 79746K [0x0000000080000000, 0x0000000100000000)
  region size 1024K, 8 young (8192K), 8 survivors (8192K)
 Metaspace       used 89448K, committed 89984K, reserved 1130496K
  class space    used 12239K, committed 12480K, reserved 1048576K
}
Event: 9.650 GC heap before
{Heap before GC invocations=28 (full 0):
 garbage-first heap   total 166912K, used 130946K [0x0000000080000000, 0x0000000100000000)
  region size 1024K, 59 young (60416K), 8 survivors (8192K)
 Metaspace       used 91544K, committed 92224K, reserved 1130496K
  class space    used 12537K, committed 12864K, reserved 1048576K
}
Event: 9.658 GC heap after
{Heap after GC invocations=29 (full 0):
 garbage-first heap   total 166912K, used 86900K [0x0000000080000000, 0x0000000100000000)
  region size 1024K, 8 young (8192K), 8 survivors (8192K)
 Metaspace       used 91544K, committed 92224K, reserved 1130496K
  class space    used 12537K, committed 12864K, reserved 1048576K
}
Event: 9.717 GC heap before
{Heap before GC invocations=29 (full 0):
 garbage-first heap   total 166912K, used 131956K [0x0000000080000000, 0x0000000100000000)
  region size 1024K, 53 young (54272K), 8 survivors (8192K)
 Metaspace       used 92123K, committed 92800K, reserved 1130496K
  class space    used 12603K, committed 12928K, reserved 1048576K
}
Event: 9.724 GC heap after
{Heap after GC invocations=30 (full 0):
 garbage-first heap   total 200704K, used 96936K [0x0000000080000000, 0x0000000100000000)
  region size 1024K, 7 young (7168K), 7 survivors (7168K)
 Metaspace       used 92123K, committed 92800K, reserved 1130496K
  class space    used 12603K, committed 12928K, reserved 1048576K
}
Event: 10.031 GC heap before
{Heap before GC invocations=31 (full 0):
 garbage-first heap   total 200704K, used 154280K [0x0000000080000000, 0x0000000100000000)
  region size 1024K, 64 young (65536K), 7 survivors (7168K)
 Metaspace       used 95132K, committed 95808K, reserved 1138688K
  class space    used 13111K, committed 13440K, reserved 1048576K
}
Event: 10.040 GC heap after
{Heap after GC invocations=32 (full 0):
 garbage-first heap   total 200704K, used 103240K [0x0000000080000000, 0x0000000100000000)
  region size 1024K, 8 young (8192K), 8 survivors (8192K)
 Metaspace       used 95132K, committed 95808K, reserved 1138688K
  class space    used 13111K, committed 13440K, reserved 1048576K
}
Event: 10.044 GC heap before
{Heap before GC invocations=32 (full 0):
 garbage-first heap   total 200704K, used 104264K [0x0000000080000000, 0x0000000100000000)
  region size 1024K, 9 young (9216K), 8 survivors (8192K)
 Metaspace       used 95153K, committed 95872K, reserved 1138688K
  class space    used 13111K, committed 13440K, reserved 1048576K
}
Event: 10.055 GC heap after
{Heap after GC invocations=33 (full 0):
 garbage-first heap   total 200704K, used 104231K [0x0000000080000000, 0x0000000100000000)
  region size 1024K, 1 young (1024K), 1 survivors (1024K)
 Metaspace       used 95153K, committed 95872K, reserved 1138688K
  class space    used 13111K, committed 13440K, reserved 1048576K
}
Event: 10.208 GC heap before
{Heap before GC invocations=33 (full 0):
 garbage-first heap   total 200704K, used 156455K [0x0000000080000000, 0x0000000100000000)
  region size 1024K, 52 young (53248K), 1 survivors (1024K)
 Metaspace       used 96060K, committed 96768K, reserved 1138688K
  class space    used 13246K, committed 13568K, reserved 1048576K
}
Event: 10.217 GC heap after
{Heap after GC invocations=34 (full 0):
 garbage-first heap   total 200704K, used 114881K [0x0000000080000000, 0x0000000100000000)
  region size 1024K, 7 young (7168K), 7 survivors (7168K)
 Metaspace       used 96060K, committed 96768K, reserved 1138688K
  class space    used 13246K, committed 13568K, reserved 1048576K
}
Event: 10.434 GC heap before
{Heap before GC invocations=35 (full 0):
 garbage-first heap   total 225280K, used 156865K [0x0000000080000000, 0x0000000100000000)
  region size 1024K, 49 young (50176K), 7 survivors (7168K)
 Metaspace       used 97654K, committed 98304K, reserved 1138688K
  class space    used 13528K, committed 13824K, reserved 1048576K
}
Event: 10.445 GC heap after
{Heap after GC invocations=36 (full 0):
 garbage-first heap   total 225280K, used 122095K [0x0000000080000000, 0x0000000100000000)
  region size 1024K, 7 young (7168K), 7 survivors (7168K)
 Metaspace       used 97654K, committed 98304K, reserved 1138688K
  class space    used 13528K, committed 13824K, reserved 1048576K
}
Event: 10.457 GC heap before
{Heap before GC invocations=36 (full 0):
 garbage-first heap   total 225280K, used 126191K [0x0000000080000000, 0x0000000100000000)
  region size 1024K, 11 young (11264K), 7 survivors (7168K)
 Metaspace       used 97693K, committed 98368K, reserved 1138688K
  class space    used 13534K, committed 13824K, reserved 1048576K
}
Event: 10.465 GC heap after
{Heap after GC invocations=37 (full 0):
 garbage-first heap   total 225280K, used 122492K [0x0000000080000000, 0x0000000100000000)
  region size 1024K, 2 young (2048K), 2 survivors (2048K)
 Metaspace       used 97693K, committed 98368K, reserved 1138688K
  class space    used 13534K, committed 13824K, reserved 1048576K
}
Event: 10.590 GC heap before
{Heap before GC invocations=37 (full 0):
 garbage-first heap   total 225280K, used 174716K [0x0000000080000000, 0x0000000100000000)
  region size 1024K, 54 young (55296K), 2 survivors (2048K)
 Metaspace       used 99269K, committed 99904K, reserved 1138688K
  class space    used 13741K, committed 14016K, reserved 1048576K
}

Dll operation events (2 events):
Event: 0.007 Loaded shared library C:\Program Files\Android\Android Studio\jbr\bin\java.dll
Event: 0.299 Loaded shared library C:\Program Files\Android\Android Studio\jbr\bin\verify.dll

Deoptimization events (20 events):
Event: 10.564 Thread 0x00000271b186d6b0 DEOPT PACKING pc=0x00000271900165ec sp=0x000000cf2d5fd3d0
Event: 10.567 Thread 0x00000271b186ab60 DEOPT PACKING pc=0x000002718f5ff54f sp=0x000000cf356f61e0
Event: 10.567 Thread 0x00000271b186ab60 DEOPT UNPACKING pc=0x0000027196297143 sp=0x000000cf356f5758 mode 0
Event: 10.568 Thread 0x00000271b186d6b0 DEOPT UNPACKING pc=0x0000027196297143 sp=0x000000cf2d5fc928 mode 0
Event: 10.574 Thread 0x00000271b186ab60 DEOPT PACKING pc=0x000002718f5ff54f sp=0x000000cf356f62d0
Event: 10.574 Thread 0x00000271b186ab60 DEOPT UNPACKING pc=0x0000027196297143 sp=0x000000cf356f5848 mode 0
Event: 10.576 Thread 0x00000271ad828950 Uncommon trap: trap_request=0xffffff45 fr.pc=0x0000027196cb7e18 relative=0x0000000000000078
Event: 10.576 Thread 0x00000271ad8232b0 Uncommon trap: trap_request=0xffffff45 fr.pc=0x0000027196cb7e18 relative=0x0000000000000078
Event: 10.576 Thread 0x00000271ad828950 Uncommon trap: reason=unstable_if action=reinterpret pc=0x0000027196cb7e18 method=com.android.tools.r8.internal.mN.d(Ljava/lang/Object;)Z @ 7 c2
Event: 10.576 Thread 0x00000271ad8232b0 Uncommon trap: reason=unstable_if action=reinterpret pc=0x0000027196cb7e18 method=com.android.tools.r8.internal.mN.d(Ljava/lang/Object;)Z @ 7 c2
Event: 10.576 Thread 0x00000271ad8232b0 DEOPT PACKING pc=0x0000027196cb7e18 sp=0x000000cf335fac40
Event: 10.576 Thread 0x00000271ad828950 DEOPT PACKING pc=0x0000027196cb7e18 sp=0x000000cf322faa40
Event: 10.576 Thread 0x00000271ad8232b0 DEOPT UNPACKING pc=0x00000271962969a3 sp=0x000000cf335fab78 mode 2
Event: 10.576 Thread 0x00000271ad828950 DEOPT UNPACKING pc=0x00000271962969a3 sp=0x000000cf322fa978 mode 2
Event: 10.580 Thread 0x00000271aae36d00 DEOPT PACKING pc=0x000002718f5ff54f sp=0x000000cf2fbf9580
Event: 10.580 Thread 0x00000271aae36d00 DEOPT UNPACKING pc=0x0000027196297143 sp=0x000000cf2fbf8af8 mode 0
Event: 10.586 Thread 0x00000271b186d6b0 DEOPT PACKING pc=0x00000271900165ec sp=0x000000cf2d5fd3d0
Event: 10.586 Thread 0x00000271b186d6b0 DEOPT UNPACKING pc=0x0000027196297143 sp=0x000000cf2d5fc928 mode 0
Event: 10.590 Thread 0x00000271b186ab60 DEOPT PACKING pc=0x000002718f5ff54f sp=0x000000cf356f5d90
Event: 10.590 Thread 0x00000271b186ab60 DEOPT UNPACKING pc=0x0000027196297143 sp=0x000000cf356f5308 mode 0

Classes unloaded (15 events):
Event: 9.805 Thread 0x00000271a5e95900 Unloading class 0x0000000100b6dc00 'java/lang/invoke/LambdaForm$DMH+0x0000000100b6dc00'
Event: 9.805 Thread 0x00000271a5e95900 Unloading class 0x0000000100b6d800 'java/lang/invoke/LambdaForm$DMH+0x0000000100b6d800'
Event: 9.805 Thread 0x00000271a5e95900 Unloading class 0x0000000100b6d400 'java/lang/invoke/LambdaForm$DMH+0x0000000100b6d400'
Event: 9.805 Thread 0x00000271a5e95900 Unloading class 0x0000000100b6d000 'java/lang/invoke/LambdaForm$DMH+0x0000000100b6d000'
Event: 9.805 Thread 0x00000271a5e95900 Unloading class 0x0000000100b6c000 'java/lang/invoke/LambdaForm$DMH+0x0000000100b6c000'
Event: 9.805 Thread 0x00000271a5e95900 Unloading class 0x0000000100b6c800 'java/lang/invoke/LambdaForm$DMH+0x0000000100b6c800'
Event: 9.805 Thread 0x00000271a5e95900 Unloading class 0x0000000100b6cc00 'java/lang/invoke/LambdaForm$DMH+0x0000000100b6cc00'
Event: 10.316 Thread 0x00000271a5e95900 Unloading class 0x0000000100cfec00 'java/lang/invoke/LambdaForm$MH+0x0000000100cfec00'
Event: 10.316 Thread 0x00000271a5e95900 Unloading class 0x0000000100cfe800 'java/lang/invoke/LambdaForm$MH+0x0000000100cfe800'
Event: 10.316 Thread 0x00000271a5e95900 Unloading class 0x0000000100cfe000 'java/lang/invoke/LambdaForm$DMH+0x0000000100cfe000'
Event: 10.316 Thread 0x00000271a5e95900 Unloading class 0x0000000100cfd800 'java/lang/invoke/LambdaForm$DMH+0x0000000100cfd800'
Event: 10.316 Thread 0x00000271a5e95900 Unloading class 0x0000000100cfd400 'java/lang/invoke/LambdaForm$DMH+0x0000000100cfd400'
Event: 10.316 Thread 0x00000271a5e95900 Unloading class 0x0000000100cfd000 'java/lang/invoke/LambdaForm$DMH+0x0000000100cfd000'
Event: 10.316 Thread 0x00000271a5e95900 Unloading class 0x0000000100cfc400 'java/lang/invoke/LambdaForm$DMH+0x0000000100cfc400'
Event: 10.316 Thread 0x00000271a5e95900 Unloading class 0x0000000100cfc000 'java/lang/invoke/LambdaForm$DMH+0x0000000100cfc000'

Classes redefined (0 events):
No events

Internal exceptions (20 events):
Event: 9.972 Thread 0x00000271ac700060 Exception <a 'java/lang/IncompatibleClassChangeError'{0x0000000089fedc80}: Found class java.lang.Object, but interface was expected> (0x0000000089fedc80) 
thrown [s\src\hotspot\share\interpreter\linkResolver.cpp, line 838]
Event: 9.972 Thread 0x00000271aab2c870 Exception <a 'java/lang/IncompatibleClassChangeError'{0x0000000089d98318}: Found class java.lang.Object, but interface was expected> (0x0000000089d98318) 
thrown [s\src\hotspot\share\interpreter\linkResolver.cpp, line 838]
Event: 9.972 Thread 0x00000271b186ab60 Exception <a 'java/lang/IncompatibleClassChangeError'{0x0000000089fc4638}: Found class java.lang.Object, but interface was expected> (0x0000000089fc4638) 
thrown [s\src\hotspot\share\interpreter\linkResolver.cpp, line 838]
Event: 9.986 Thread 0x00000271aae36d00 Exception <a 'java/lang/NoSuchMethodError'{0x0000000089a929f0}: 'java.lang.Object java.lang.invoke.DirectMethodHandle$Holder.newInvokeSpecial(java.lang.Object, java.lang.Object, int, java.lang.Object, java.lang.Object)'> (0x0000000089a929f0) 
thrown [s\src\hotspot\share\interpreter\linkResolver.cpp, line 771]
Event: 9.986 Thread 0x00000271ac6fd510 Exception <a 'java/lang/NoSuchMethodError'{0x0000000089968708}: 'java.lang.Object java.lang.invoke.DirectMethodHandle$Holder.newInvokeSpecial(java.lang.Object, java.lang.Object, int, java.lang.Object, java.lang.Object)'> (0x0000000089968708) 
thrown [s\src\hotspot\share\interpreter\linkResolver.cpp, line 771]
Event: 9.986 Thread 0x00000271ad828950 Exception <a 'java/lang/NoSuchMethodError'{0x00000000899ed358}: 'java.lang.Object java.lang.invoke.DirectMethodHandle$Holder.newInvokeSpecial(java.lang.Object, java.lang.Object, int, java.lang.Object, java.lang.Object)'> (0x00000000899ed358) 
thrown [s\src\hotspot\share\interpreter\linkResolver.cpp, line 771]
Event: 9.986 Thread 0x00000271aae36d00 Exception <a 'java/lang/NoSuchMethodError'{0x0000000089a973f8}: 'java.lang.Object java.lang.invoke.DirectMethodHandle$Holder.invokeSpecial(java.lang.Object, java.lang.Object, java.lang.Object, int, java.lang.Object, java.lang.Object)'> (0x0000000089a973f8) 
thrown [s\src\hotspot\share\interpreter\linkResolver.cpp, line 771]
Event: 9.986 Thread 0x00000271ad828950 Exception <a 'java/lang/NoSuchMethodError'{0x0000000089825950}: 'java.lang.Object java.lang.invoke.DirectMethodHandle$Holder.invokeSpecial(java.lang.Object, java.lang.Object, java.lang.Object, int, java.lang.Object, java.lang.Object)'> (0x0000000089825950) 
thrown [s\src\hotspot\share\interpreter\linkResolver.cpp, line 771]
Event: 9.986 Thread 0x00000271ac6fd510 Exception <a 'java/lang/NoSuchMethodError'{0x000000008996d2f8}: 'java.lang.Object java.lang.invoke.DirectMethodHandle$Holder.invokeSpecial(java.lang.Object, java.lang.Object, java.lang.Object, int, java.lang.Object, java.lang.Object)'> (0x000000008996d2f8) 
thrown [s\src\hotspot\share\interpreter\linkResolver.cpp, line 771]
Event: 9.987 Thread 0x00000271ac6fd510 Exception <a 'java/lang/NoSuchMethodError'{0x0000000089971548}: 'java.lang.Object java.lang.invoke.Invokers$Holder.linkToTargetMethod(java.lang.Object, int, java.lang.Object, java.lang.Object, java.lang.Object)'> (0x0000000089971548) 
thrown [s\src\hotspot\share\interpreter\linkResolver.cpp, line 771]
Event: 10.001 Thread 0x00000271ac6fd510 Exception <a 'java/lang/NoSuchMethodError'{0x00000000897dcc38}: 'java.lang.Object java.lang.invoke.DirectMethodHandle$Holder.newInvokeSpecial(java.lang.Object, long)'> (0x00000000897dcc38) 
thrown [s\src\hotspot\share\interpreter\linkResolver.cpp, line 771]
Event: 10.111 Thread 0x00000271b186d6b0 Exception <a 'java/lang/NoSuchMethodError'{0x000000008afae658}: 'java.lang.Object java.lang.invoke.DirectMethodHandle$Holder.invokeVirtual(java.lang.Object, java.lang.Object, int)'> (0x000000008afae658) 
thrown [s\src\hotspot\share\interpreter\linkResolver.cpp, line 771]
Event: 10.183 Thread 0x00000271b186d6b0 Exception <a 'java/lang/NoSuchMethodError'{0x00000000897b1d40}: 'void java.lang.invoke.DirectMethodHandle$Holder.invokeStatic(java.lang.Object, java.lang.Object, java.lang.Object, int)'> (0x00000000897b1d40) 
thrown [s\src\hotspot\share\interpreter\linkResolver.cpp, line 771]
Event: 10.243 Thread 0x00000271b186ab60 Implicit null exception at 0x000002719688828c to 0x0000027196888404
Event: 10.243 Thread 0x00000271aae36d00 Implicit null exception at 0x000002719688828c to 0x0000027196888404
Event: 10.294 Thread 0x00000271aab2c870 Exception <a 'java/lang/IncompatibleClassChangeError'{0x000000008b5840f8}: Found class java.lang.Object, but interface was expected> (0x000000008b5840f8) 
thrown [s\src\hotspot\share\interpreter\linkResolver.cpp, line 838]
Event: 10.560 Thread 0x00000271ad8232b0 Exception <a 'java/lang/NoSuchMethodError'{0x000000008b7b3178}: 'java.lang.Object java.lang.invoke.DirectMethodHandle$Holder.invokeStatic(java.lang.Object, int, java.lang.Object, java.lang.Object)'> (0x000000008b7b3178) 
thrown [s\src\hotspot\share\interpreter\linkResolver.cpp, line 771]
Event: 10.561 Thread 0x00000271ad828950 Exception <a 'java/lang/NoSuchMethodError'{0x000000008b76f5b8}: 'java.lang.Object java.lang.invoke.DirectMethodHandle$Holder.invokeStatic(java.lang.Object, int, java.lang.Object, java.lang.Object)'> (0x000000008b76f5b8) 
thrown [s\src\hotspot\share\interpreter\linkResolver.cpp, line 771]
Event: 10.569 Thread 0x00000271ad8232b0 Exception <a 'java/lang/NoSuchMethodError'{0x000000008b28c2b0}: 'java.lang.Object java.lang.invoke.DirectMethodHandle$Holder.invokeStatic(java.lang.Object, java.lang.Object, int, java.lang.Object, java.lang.Object)'> (0x000000008b28c2b0) 
thrown [s\src\hotspot\share\interpreter\linkResolver.cpp, line 771]
Event: 10.569 Thread 0x00000271ad828950 Exception <a 'java/lang/NoSuchMethodError'{0x000000008b2fe428}: 'java.lang.Object java.lang.invoke.DirectMethodHandle$Holder.invokeStatic(java.lang.Object, java.lang.Object, int, java.lang.Object, java.lang.Object)'> (0x000000008b2fe428) 
thrown [s\src\hotspot\share\interpreter\linkResolver.cpp, line 771]

VM Operations (20 events):
Event: 10.364 Executing VM operation: HandshakeAllThreads done
Event: 10.369 Executing VM operation: G1Concurrent
Event: 10.371 Executing VM operation: G1Concurrent done
Event: 10.385 Executing VM operation: HandshakeAllThreads
Event: 10.385 Executing VM operation: HandshakeAllThreads done
Event: 10.394 Executing VM operation: HandshakeAllThreads
Event: 10.394 Executing VM operation: HandshakeAllThreads done
Event: 10.395 Executing VM operation: HandshakeAllThreads
Event: 10.396 Executing VM operation: HandshakeAllThreads done
Event: 10.409 Executing VM operation: HandshakeAllThreads
Event: 10.410 Executing VM operation: HandshakeAllThreads done
Event: 10.411 Executing VM operation: HandshakeAllThreads
Event: 10.411 Executing VM operation: HandshakeAllThreads done
Event: 10.417 Executing VM operation: HandshakeAllThreads
Event: 10.417 Executing VM operation: HandshakeAllThreads done
Event: 10.434 Executing VM operation: G1CollectForAllocation
Event: 10.446 Executing VM operation: G1CollectForAllocation done
Event: 10.457 Executing VM operation: G1CollectForAllocation
Event: 10.468 Executing VM operation: G1CollectForAllocation done
Event: 10.590 Executing VM operation: G1CollectForAllocation

Events (20 events):
Event: 10.396 loading class sun/nio/cs/Surrogate
Event: 10.396 loading class sun/nio/cs/Surrogate done
Event: 10.396 loading class java/nio/StringCharBuffer
Event: 10.397 loading class java/nio/StringCharBuffer done
Event: 10.397 loading class sun/nio/cs/ThreadLocalCoders
Event: 10.397 loading class sun/nio/cs/ThreadLocalCoders done
Event: 10.397 loading class sun/nio/cs/ThreadLocalCoders$1
Event: 10.397 loading class sun/nio/cs/ThreadLocalCoders$Cache
Event: 10.397 loading class sun/nio/cs/ThreadLocalCoders$Cache done
Event: 10.397 loading class sun/nio/cs/ThreadLocalCoders$1 done
Event: 10.397 loading class sun/nio/cs/ThreadLocalCoders$2
Event: 10.397 loading class sun/nio/cs/ThreadLocalCoders$2 done
Event: 10.399 loading class java/util/zip/Deflater
Event: 10.399 loading class java/util/zip/Deflater done
Event: 10.400 loading class java/util/zip/Deflater$DeflaterZStreamRef
Event: 10.400 loading class java/util/zip/Deflater$DeflaterZStreamRef done
Event: 10.415 loading class java/util/TreeMap$AscendingSubMap
Event: 10.415 loading class java/util/TreeMap$AscendingSubMap done
Event: 10.416 loading class java/util/TreeMap$NavigableSubMap$SubMapKeyIterator
Event: 10.416 loading class java/util/TreeMap$NavigableSubMap$SubMapKeyIterator done


Dynamic libraries:
0x00007ff6fdb20000 - 0x00007ff6fdb2a000 	C:\Program Files\Android\Android Studio\jbr\bin\java.exe
0x00007ffc006d0000 - 0x00007ffc008e4000 	C:\WINDOWS\SYSTEM32\ntdll.dll
0x00007ffbff4f0000 - 0x00007ffbff5b2000 	C:\WINDOWS\System32\KERNEL32.DLL
0x00007ffbfdbb0000 - 0x00007ffbfdf4c000 	C:\WINDOWS\System32\KERNELBASE.dll
0x00007ffbfe130000 - 0x00007ffbfe241000 	C:\WINDOWS\System32\ucrtbase.dll
0x00007ffbe16f0000 - 0x00007ffbe170b000 	C:\Program Files\Android\Android Studio\jbr\bin\VCRUNTIME140.dll
0x00007ffbe3e90000 - 0x00007ffbe3ea7000 	C:\Program Files\Android\Android Studio\jbr\bin\jli.dll
0x00007ffbff5d0000 - 0x00007ffbff77b000 	C:\WINDOWS\System32\USER32.dll
0x00007ffbfcd20000 - 0x00007ffbfcfae000 	C:\WINDOWS\WinSxS\amd64_microsoft.windows.common-controls_6595b64144ccf1df_6.0.22621.608_none_a9444ca7c10bb01d\COMCTL32.dll
0x00007ffbfdf50000 - 0x00007ffbfdf76000 	C:\WINDOWS\System32\win32u.dll
0x00007ffbfef60000 - 0x00007ffbff007000 	C:\WINDOWS\System32\msvcrt.dll
0x00007ffbff970000 - 0x00007ffbff999000 	C:\WINDOWS\System32\GDI32.dll
0x00007ffbfe250000 - 0x00007ffbfe363000 	C:\WINDOWS\System32\gdi32full.dll
0x00007ffbfdb10000 - 0x00007ffbfdbaa000 	C:\WINDOWS\System32\msvcp_win.dll
0x00007ffbff790000 - 0x00007ffbff7c1000 	C:\WINDOWS\System32\IMM32.DLL
0x00007ffbf69f0000 - 0x00007ffbf69fc000 	C:\Program Files\Android\Android Studio\jbr\bin\vcruntime140_1.dll
0x00007ffbb3c70000 - 0x00007ffbb3cfd000 	C:\Program Files\Android\Android Studio\jbr\bin\msvcp140.dll
0x00007ffba35e0000 - 0x00007ffba424d000 	C:\Program Files\Android\Android Studio\jbr\bin\server\jvm.dll
0x00007ffbff070000 - 0x00007ffbff11e000 	C:\WINDOWS\System32\ADVAPI32.dll
0x00007ffbff130000 - 0x00007ffbff1d4000 	C:\WINDOWS\System32\sechost.dll
0x00007ffbff7d0000 - 0x00007ffbff8e7000 	C:\WINDOWS\System32\RPCRT4.dll
0x00007ffbf5a10000 - 0x00007ffbf5a44000 	C:\WINDOWS\SYSTEM32\WINMM.dll
0x00007ffbde7c0000 - 0x00007ffbde7c9000 	C:\WINDOWS\SYSTEM32\WSOCK32.dll
0x00007ffbf67f0000 - 0x00007ffbf67fa000 	C:\WINDOWS\SYSTEM32\VERSION.dll
0x00007ffc005c0000 - 0x00007ffc00631000 	C:\WINDOWS\System32\WS2_32.dll
0x00007ffbfc300000 - 0x00007ffbfc318000 	C:\WINDOWS\SYSTEM32\kernel.appcore.dll
0x00007ffbfa040000 - 0x00007ffbfa04a000 	C:\Program Files\Android\Android Studio\jbr\bin\jimage.dll
0x00007ffbfd490000 - 0x00007ffbfd6be000 	C:\WINDOWS\SYSTEM32\DBGHELP.DLL
0x00007ffbfe960000 - 0x00007ffbfece9000 	C:\WINDOWS\System32\combase.dll
0x00007ffbff3f0000 - 0x00007ffbff4c7000 	C:\WINDOWS\System32\OLEAUT32.dll
0x00007ffbfd300000 - 0x00007ffbfd332000 	C:\WINDOWS\SYSTEM32\dbgcore.DLL
0x00007ffbfdf80000 - 0x00007ffbfdffb000 	C:\WINDOWS\System32\bcryptPrimitives.dll
0x00007ffbeacc0000 - 0x00007ffbeace5000 	C:\Program Files\Android\Android Studio\jbr\bin\java.dll
0x00007ffbe9b90000 - 0x00007ffbe9ba8000 	C:\Program Files\Android\Android Studio\jbr\bin\zip.dll
0x00007ffbff9a0000 - 0x00007ffc00190000 	C:\WINDOWS\System32\SHELL32.dll
0x00007ffbfb0c0000 - 0x00007ffbfb98d000 	C:\WINDOWS\SYSTEM32\windows.storage.dll
0x00007ffbfaf80000 - 0x00007ffbfb0be000 	C:\WINDOWS\SYSTEM32\wintypes.dll
0x00007ffc002b0000 - 0x00007ffc003a1000 	C:\WINDOWS\System32\SHCORE.dll
0x00007ffbff1e0000 - 0x00007ffbff23e000 	C:\WINDOWS\System32\shlwapi.dll
0x00007ffbfda40000 - 0x00007ffbfda61000 	C:\WINDOWS\SYSTEM32\profapi.dll
0x00007ffbe9b70000 - 0x00007ffbe9b89000 	C:\Program Files\Android\Android Studio\jbr\bin\net.dll
0x00007ffbf5e80000 - 0x00007ffbf5fb7000 	C:\WINDOWS\SYSTEM32\WINHTTP.dll
0x00007ffbfc720000 - 0x00007ffbfc789000 	C:\WINDOWS\system32\mswsock.dll
0x00007ffbe9b50000 - 0x00007ffbe9b66000 	C:\Program Files\Android\Android Studio\jbr\bin\nio.dll
0x00007ffbeb120000 - 0x00007ffbeb130000 	C:\Program Files\Android\Android Studio\jbr\bin\verify.dll
0x00007ffbdf590000 - 0x00007ffbdf5b7000 	C:\Users\Ishan\.gradle\native\e1d6ef7f7dcc3fd88c89a11ec53ec762bb8ba0a96d01ffa2cd45eb1d1d8dd5c5\windows-amd64\native-platform.dll
0x00007ffbb0410000 - 0x00007ffbb0554000 	C:\Users\Ishan\.gradle\native\0d407fdbe67a94daf76414ababcb853783967236a71b16ec16e742cd7a986fd3\windows-amd64\native-platform-file-events.dll
0x00007ffbfa020000 - 0x00007ffbfa029000 	C:\Program Files\Android\Android Studio\jbr\bin\management.dll
0x00007ffbf70a0000 - 0x00007ffbf70ab000 	C:\Program Files\Android\Android Studio\jbr\bin\management_ext.dll
0x00007ffbff3e0000 - 0x00007ffbff3e8000 	C:\WINDOWS\System32\PSAPI.DLL
0x00007ffbfd7b0000 - 0x00007ffbfd7cb000 	C:\WINDOWS\SYSTEM32\CRYPTSP.dll
0x00007ffbfca20000 - 0x00007ffbfca55000 	C:\WINDOWS\system32\rsaenh.dll
0x00007ffbfc790000 - 0x00007ffbfc7b8000 	C:\WINDOWS\SYSTEM32\USERENV.dll
0x00007ffbfd340000 - 0x00007ffbfd368000 	C:\WINDOWS\SYSTEM32\bcrypt.dll
0x00007ffbfcbe0000 - 0x00007ffbfcbec000 	C:\WINDOWS\SYSTEM32\CRYPTBASE.dll
0x00007ffbfbe10000 - 0x00007ffbfbe3d000 	C:\WINDOWS\SYSTEM32\IPHLPAPI.DLL
0x00007ffbff780000 - 0x00007ffbff789000 	C:\WINDOWS\System32\NSI.dll
0x00007ffbf6140000 - 0x00007ffbf6159000 	C:\WINDOWS\SYSTEM32\dhcpcsvc6.DLL
0x00007ffbf5dd0000 - 0x00007ffbf5def000 	C:\WINDOWS\SYSTEM32\dhcpcsvc.DLL
0x00007ffbfbe80000 - 0x00007ffbfbf73000 	C:\WINDOWS\SYSTEM32\DNSAPI.dll
0x00007ffbe5b60000 - 0x00007ffbe5b68000 	C:\WINDOWS\system32\wshunix.dll

dbghelp: loaded successfully - version: 4.0.5 - missing functions: none
symbol engine: initialized successfully - sym options: 0x614 - pdb path: .;C:\Program Files\Android\Android Studio\jbr\bin;C:\WINDOWS\SYSTEM32;C:\WINDOWS\WinSxS\amd64_microsoft.windows.common-controls_6595b64144ccf1df_6.0.22621.608_none_a9444ca7c10bb01d;C:\Program Files\Android\Android Studio\jbr\bin\server;C:\Users\Ishan\.gradle\native\e1d6ef7f7dcc3fd88c89a11ec53ec762bb8ba0a96d01ffa2cd45eb1d1d8dd5c5\windows-amd64;C:\Users\Ishan\.gradle\native\0d407fdbe67a94daf76414ababcb853783967236a71b16ec16e742cd7a986fd3\windows-amd64

VM Arguments:
jvm_args: --add-opens=java.base/java.util=ALL-UNNAMED --add-opens=java.base/java.lang=ALL-UNNAMED --add-opens=java.base/java.lang.invoke=ALL-UNNAMED --add-opens=java.base/java.util=ALL-UNNAMED --add-opens=java.prefs/java.util.prefs=ALL-UNNAMED --add-opens=java.prefs/java.util.prefs=ALL-UNNAMED --add-opens=java.base/java.nio.charset=ALL-UNNAMED --add-opens=java.base/java.net=ALL-UNNAMED --add-opens=java.base/java.util.concurrent.atomic=ALL-UNNAMED -Xmx2048m -Dfile.encoding=UTF-8 -Duser.country=IN -Duser.language=en -Duser.variant 
java_command: org.gradle.launcher.daemon.bootstrap.GradleDaemon 7.5
java_class_path (initial): C:\Users\Ishan\.gradle\wrapper\dists\gradle-7.5-bin\f1w0cc9nuo0eivz97x2xlu9sv\gradle-7.5\lib\gradle-launcher-7.5.jar
Launcher Type: SUN_STANDARD

[Global flags]
     intx CICompilerCount                          = 4                                         {product} {ergonomic}
     uint ConcGCThreads                            = 2                                         {product} {ergonomic}
     uint G1ConcRefinementThreads                  = 8                                         {product} {ergonomic}
   size_t G1HeapRegionSize                         = 1048576                                   {product} {ergonomic}
    uintx GCDrainStackTargetSize                   = 64                                        {product} {ergonomic}
   size_t InitialHeapSize                          = 132120576                                 {product} {ergonomic}
   size_t MarkStackSize                            = 4194304                                   {product} {ergonomic}
   size_t MaxHeapSize                              = 2147483648                                {product} {command line}
   size_t MaxNewSize                               = 1287651328                                {product} {ergonomic}
   size_t MinHeapDeltaBytes                        = 1048576                                   {product} {ergonomic}
   size_t MinHeapSize                              = 8388608                                   {product} {ergonomic}
    uintx NonNMethodCodeHeapSize                   = 5839372                                {pd product} {ergonomic}
    uintx NonProfiledCodeHeapSize                  = 122909434                              {pd product} {ergonomic}
    uintx ProfiledCodeHeapSize                     = 122909434                              {pd product} {ergonomic}
    uintx ReservedCodeCacheSize                    = 251658240                              {pd product} {ergonomic}
     bool SegmentedCodeCache                       = true                                      {product} {ergonomic}
   size_t SoftMaxHeapSize                          = 2147483648                             {manageable} {ergonomic}
     bool UseCompressedClassPointers               = true                           {product lp64_product} {ergonomic}
     bool UseCompressedOops                        = true                           {product lp64_product} {ergonomic}
     bool UseG1GC                                  = true                                      {product} {ergonomic}
     bool UseLargePagesIndividualAllocation        = false                                  {pd product} {ergonomic}

Logging:
Log output configuration:
 #0: stdout all=warning uptime,level,tags
 #1: stderr all=off uptime,level,tags

Environment Variables:
PATH=C:\Windows\system32;C:\Windows;C:\Windows\System32\Wbem;C:\Windows\System32\WindowsPowerShell\v1.0\;C:\Windows\System32\OpenSSH\;C:\Program Files (x86)\NVIDIA Corporation\PhysX\Common;C:\Program Files\NVIDIA Corporation\NVIDIA NvDLISR;C:\WINDOWS\system32;C:\WINDOWS;C:\WINDOWS\System32\Wbem;C:\WINDOWS\System32\WindowsPowerShell\v1.0\;C:\WINDOWS\System32\OpenSSH\;C:\Program Files\dotnet\;C:\Users\Ishan\Applications\msys64\mingw64\bin;C:\Program Files\CodeBlocks\MinGW\bin;C:\Program Files\Git\cmd;C:\Program Files\MySQL\MySQL Shell 8.0\bin\;C:\Users\Ishan\AppData\Local\Programs\Python\Python310\Scripts\;C:\Users\Ishan\AppData\Local\Programs\Python\Python310\;C:\Users\Ishan\AppData\Local\Microsoft\WindowsApps;
USERNAME=Ishan
OS=Windows_NT
PROCESSOR_IDENTIFIER=Intel64 Family 6 Model 165 Stepping 2, GenuineIntel
TMP=C:\Users\Ishan\AppData\Local\Temp
TEMP=C:\Users\Ishan\AppData\Local\Temp



---------------  S Y S T E M  ---------------

OS:
 Windows 11 , 64 bit Build 22621 (10.0.22621.1485)
OS uptime: 2 days 10:22 hours
Hyper-V role detected

CPU: total 8 (initial active 8) (4 cores per cpu, 2 threads per core) family 6 model 165 stepping 2 microcode 0xe0, cx8, cmov, fxsr, ht, mmx, 3dnowpref, sse, sse2, sse3, ssse3, sse4.1, sse4.2, popcnt, lzcnt, tsc, tscinvbit, avx, avx2, aes, erms, clmul, bmi1, bmi2, adx, fma, vzeroupper, clflush, clflushopt, hv

Memory: 4k page, system-wide physical 8029M (925M free)
TotalPageFile size 16221M (AvailPageFile size 246M)
current process WorkingSet (physical memory assigned to process): 538M, peak: 538M
current process commit charge ("private bytes"): 602M, peak: 1042M

vm_info: OpenJDK 64-Bit Server VM (17.0.6+0-b2043.56-9586694) for windows-amd64 JRE (17.0.6+0-b2043.56-9586694), built on Feb  9 2023 20:06:20 by "androidbuild" with MS VC++ 16.10 / 16.11 (VS2019)

END.
