#
# There is insufficient memory for the Java Runtime Environment to continue.
# Native memory allocation (malloc) failed to allocate 32744 bytes for ChunkPool::allocate
# Possible reasons:
#   The system is out of physical RAM or swap space
#   The process is running with CompressedOops enabled, and the Java Heap may be blocking the growth of the native heap
# Possible solutions:
#   Reduce memory load on the system
#   Increase physical memory or swap space
#   Check if swap backing store is full
#   Decrease Java heap size (-Xmx/-Xms)
#   Decrease number of Java threads
#   Decrease Java thread stack sizes (-Xss)
#   Set larger code cache with -XX:ReservedCodeCacheSize=
#   JVM is running with Unscaled Compressed Oops mode in which the Java heap is
#     placed in the first 4GB address space. The Java Heap base address is the
#     maximum limit for the native heap growth. Please use -XX:HeapBaseMinAddress
#     to set the Java Heap base and to place the Java Heap above 4GB virtual address.
# This output file may be truncated or incomplete.
#
#  Out of Memory Error (arena.cpp:78), pid=3792, tid=2844
#
# JRE version: OpenJDK Runtime Environment (17.0.6) (build 17.0.6+0-b2043.56-9586694)
# Java VM: OpenJDK 64-Bit Server VM (17.0.6+0-b2043.56-9586694, mixed mode, tiered, compressed oops, compressed class ptrs, g1 gc, windows-amd64)
# No core dump will be written. Minidumps are not enabled by default on client versions of Windows
#

---------------  S U M M A R Y ------------

Command Line: git4idea.http.GitAskPassApp Username for 'https://github.com': 

Host: Intel(R) Core(TM) i5-10300H CPU @ 2.50GHz, 8 cores, 7G,  Windows 11 , 64 bit Build 22621 (10.0.22621.1635)
Time: Mon May 15 21:22:48 2023 India Standard Time elapsed time: 0.208824 seconds (0d 0h 0m 0s)

---------------  T H R E A D  ---------------

Current thread (0x00000160e906a1c0):  JavaThread "C2 CompilerThread0" daemon [_thread_in_native, id=2844, stack(0x00000005f0900000,0x00000005f0a00000)]


Current CompileTask:
C2:    208  166 %     4       java.util.zip.ZipFile$Source::initCEN @ 240 (591 bytes)

Stack: [0x00000005f0900000,0x00000005f0a00000]
Native frames: (J=compiled Java code, j=interpreted, Vv=VM code, C=native code)
V  [jvm.dll+0x683b4a]
V  [jvm.dll+0x842654]
V  [jvm.dll+0x843dfe]
V  [jvm.dll+0x844463]
V  [jvm.dll+0x249b75]
V  [jvm.dll+0xabecc]
V  [jvm.dll+0xac27c]
V  [jvm.dll+0x806532]
V  [jvm.dll+0x807ba9]
V  [jvm.dll+0x807284]
V  [jvm.dll+0x8062cd]
V  [jvm.dll+0x34bfa4]
V  [jvm.dll+0x2b00ac]
V  [jvm.dll+0x69bf45]
V  [jvm.dll+0x693f0b]
V  [jvm.dll+0x693547]
V  [jvm.dll+0x691442]
V  [jvm.dll+0x1a81fc]
V  [jvm.dll+0x21b1e8]
V  [jvm.dll+0x1a4fdd]
V  [jvm.dll+0x22b098]
V  [jvm.dll+0x229159]
V  [jvm.dll+0x7f809c]
V  [jvm.dll+0x7f25fa]
V  [jvm.dll+0x682985]
C  [ucrtbase.dll+0x29363]
C  [KERNEL32.DLL+0x126ad]
C  [ntdll.dll+0x5a9f8]


---------------  P R O C E S S  ---------------

Threads class SMR info:
_java_thread_list=0x00000160e93467b0, length=13, elements={
0x00000160cc7f90c0, 0x00000160e84c51d0, 0x00000160e84c6390, 0x00000160e9072fd0,
0x00000160e9073a80, 0x00000160e9068c20, 0x00000160e90694e0, 0x00000160e906a1c0,
0x00000160e906e6c0, 0x00000160e9080690, 0x00000160e91e9a30, 0x00000160e91ed950,
0x00000160e9345d30
}

Java Threads: ( => current thread )
  0x00000160cc7f90c0 JavaThread "main" [_thread_in_Java, id=7648, stack(0x00000005efc00000,0x00000005efd00000)]
  0x00000160e84c51d0 JavaThread "Reference Handler" daemon [_thread_blocked, id=3028, stack(0x00000005f0300000,0x00000005f0400000)]
  0x00000160e84c6390 JavaThread "Finalizer" daemon [_thread_blocked, id=20340, stack(0x00000005f0400000,0x00000005f0500000)]
  0x00000160e9072fd0 JavaThread "Signal Dispatcher" daemon [_thread_blocked, id=7748, stack(0x00000005f0500000,0x00000005f0600000)]
  0x00000160e9073a80 JavaThread "Attach Listener" daemon [_thread_blocked, id=13788, stack(0x00000005f0600000,0x00000005f0700000)]
  0x00000160e9068c20 JavaThread "Service Thread" daemon [_thread_blocked, id=8476, stack(0x00000005f0700000,0x00000005f0800000)]
  0x00000160e90694e0 JavaThread "Monitor Deflation Thread" daemon [_thread_blocked, id=17188, stack(0x00000005f0800000,0x00000005f0900000)]
=>0x00000160e906a1c0 JavaThread "C2 CompilerThread0" daemon [_thread_in_native, id=2844, stack(0x00000005f0900000,0x00000005f0a00000)]
  0x00000160e906e6c0 JavaThread "C1 CompilerThread0" daemon [_thread_in_native, id=13168, stack(0x00000005f0a00000,0x00000005f0b00000)]
  0x00000160e9080690 JavaThread "Sweeper thread" daemon [_thread_blocked, id=21408, stack(0x00000005f0b00000,0x00000005f0c00000)]
  0x00000160e91e9a30 JavaThread "Notification Thread" daemon [_thread_blocked, id=14988, stack(0x00000005f0c00000,0x00000005f0d00000)]
  0x00000160e91ed950 JavaThread "Common-Cleaner" daemon [_thread_blocked, id=10728, stack(0x00000005f0e00000,0x00000005f0f00000)]
  0x00000160e9345d30 JavaThread "C2 CompilerThread1" daemon [_thread_in_native, id=13872, stack(0x00000005f0f00000,0x00000005f1000000)]

Other Threads:
  0x00000160e9015340 VMThread "VM Thread" [stack: 0x00000005f0200000,0x00000005f0300000] [id=8148]
  0x00000160cc8b59b0 WatcherThread [stack: 0x00000005f0d00000,0x00000005f0e00000] [id=14068]
  0x00000160cc853e90 GCTaskThread "GC Thread#0" [stack: 0x00000005efd00000,0x00000005efe00000] [id=21340]
  0x00000160cc8648d0 ConcurrentGCThread "G1 Main Marker" [stack: 0x00000005efe00000,0x00000005eff00000] [id=2240]
  0x00000160cc865440 ConcurrentGCThread "G1 Conc#0" [stack: 0x00000005eff00000,0x00000005f0000000] [id=12332]
  0x00000160e8331710 ConcurrentGCThread "G1 Refine#0" [stack: 0x00000005f0000000,0x00000005f0100000] [id=10624]
  0x00000160e8331fd0 ConcurrentGCThread "G1 Service" [stack: 0x00000005f0100000,0x00000005f0200000] [id=15532]

Threads with active compile tasks:
C2 CompilerThread0      238  166 %     4       java.util.zip.ZipFile$Source::initCEN @ 240 (591 bytes)
C1 CompilerThread0      238  249       3       sun.util.locale.StringTokenIterator::nextDelimiter (116 bytes)
C2 CompilerThread1      238  243       4       java.lang.String::hashCode (60 bytes)

VM state: not at safepoint (normal execution)

VM Mutex/Monitor currently owned by a thread: None

Heap address: 0x0000000082800000, size: 2008 MB, Compressed Oops mode: 32-bit

CDS archive(s) not mapped
Compressed class space mapped at: 0x0000000100000000-0x0000000140000000, reserved size: 1073741824
Narrow klass base: 0x0000000000000000, Narrow klass shift: 3, Narrow klass range: 0x140000000

GC Precious Log:
 CPUs: 8 total, 8 available
 Memory: 8029M
 Large Page Support: Disabled
 NUMA Support: Disabled
 Compressed Oops: Enabled (32-bit)
 Heap Region Size: 1M
 Heap Min Capacity: 8M
 Heap Initial Capacity: 126M
 Heap Max Capacity: 2008M
 Pre-touch: Disabled
 Parallel Workers: 8
 Concurrent Workers: 2
 Concurrent Refinement Workers: 8
 Periodic GC: Disabled

Heap:
 garbage-first heap   total 129024K, used 16384K [0x0000000082800000, 0x0000000100000000)
  region size 1024K, 3 young (3072K), 0 survivors (0K)
 Metaspace       used 7290K, committed 7424K, reserved 1056768K
  class space    used 645K, committed 704K, reserved 1048576K

Heap Regions: E=young(eden), S=young(survivor), O=old, HS=humongous(starts), HC=humongous(continues), CS=collection set, F=free, OA=open archive, CA=closed archive, TAMS=top-at-mark-start (previous, next)
|   0|0x0000000082800000, 0x0000000082900000, 0x0000000082900000|100%|HS|  |TAMS 0x0000000082800000, 0x0000000082800000| Complete 
|   1|0x0000000082900000, 0x0000000082a00000, 0x0000000082a00000|100%|HC|  |TAMS 0x0000000082900000, 0x0000000082900000| Complete 
|   2|0x0000000082a00000, 0x0000000082b00000, 0x0000000082b00000|100%|HC|  |TAMS 0x0000000082a00000, 0x0000000082a00000| Complete 
|   3|0x0000000082b00000, 0x0000000082c00000, 0x0000000082c00000|100%|HC|  |TAMS 0x0000000082b00000, 0x0000000082b00000| Complete 
|   4|0x0000000082c00000, 0x0000000082d00000, 0x0000000082d00000|100%|HC|  |TAMS 0x0000000082c00000, 0x0000000082c00000| Complete 
|   5|0x0000000082d00000, 0x0000000082e00000, 0x0000000082e00000|100%|HC|  |TAMS 0x0000000082d00000, 0x0000000082d00000| Complete 
|   6|0x0000000082e00000, 0x0000000082f00000, 0x0000000082f00000|100%|HC|  |TAMS 0x0000000082e00000, 0x0000000082e00000| Complete 
|   7|0x0000000082f00000, 0x0000000083000000, 0x0000000083000000|100%|HC|  |TAMS 0x0000000082f00000, 0x0000000082f00000| Complete 
|   8|0x0000000083000000, 0x0000000083100000, 0x0000000083100000|100%|HC|  |TAMS 0x0000000083000000, 0x0000000083000000| Complete 
|   9|0x0000000083100000, 0x0000000083200000, 0x0000000083200000|100%|HC|  |TAMS 0x0000000083100000, 0x0000000083100000| Complete 
|  10|0x0000000083200000, 0x0000000083300000, 0x0000000083300000|100%|HS|  |TAMS 0x0000000083200000, 0x0000000083200000| Complete 
|  11|0x0000000083300000, 0x0000000083400000, 0x0000000083400000|100%|HC|  |TAMS 0x0000000083300000, 0x0000000083300000| Complete 
|  12|0x0000000083400000, 0x0000000083500000, 0x0000000083500000|100%|HS|  |TAMS 0x0000000083400000, 0x0000000083400000| Complete 
|  13|0x0000000083500000, 0x0000000083600000, 0x0000000083600000|100%|HC|  |TAMS 0x0000000083500000, 0x0000000083500000| Complete 
|  14|0x0000000083600000, 0x0000000083600000, 0x0000000083700000|  0%| F|  |TAMS 0x0000000083600000, 0x0000000083600000| Untracked 
|  15|0x0000000083700000, 0x0000000083700000, 0x0000000083800000|  0%| F|  |TAMS 0x0000000083700000, 0x0000000083700000| Untracked 
|  16|0x0000000083800000, 0x0000000083800000, 0x0000000083900000|  0%| F|  |TAMS 0x0000000083800000, 0x0000000083800000| Untracked 
|  17|0x0000000083900000, 0x0000000083900000, 0x0000000083a00000|  0%| F|  |TAMS 0x0000000083900000, 0x0000000083900000| Untracked 
|  18|0x0000000083a00000, 0x0000000083a00000, 0x0000000083b00000|  0%| F|  |TAMS 0x0000000083a00000, 0x0000000083a00000| Untracked 
|  19|0x0000000083b00000, 0x0000000083b00000, 0x0000000083c00000|  0%| F|  |TAMS 0x0000000083b00000, 0x0000000083b00000| Untracked 
|  20|0x0000000083c00000, 0x0000000083c00000, 0x0000000083d00000|  0%| F|  |TAMS 0x0000000083c00000, 0x0000000083c00000| Untracked 
|  21|0x0000000083d00000, 0x0000000083d00000, 0x0000000083e00000|  0%| F|  |TAMS 0x0000000083d00000, 0x0000000083d00000| Untracked 
|  22|0x0000000083e00000, 0x0000000083e00000, 0x0000000083f00000|  0%| F|  |TAMS 0x0000000083e00000, 0x0000000083e00000| Untracked 
|  23|0x0000000083f00000, 0x0000000083f00000, 0x0000000084000000|  0%| F|  |TAMS 0x0000000083f00000, 0x0000000083f00000| Untracked 
|  24|0x0000000084000000, 0x0000000084000000, 0x0000000084100000|  0%| F|  |TAMS 0x0000000084000000, 0x0000000084000000| Untracked 
|  25|0x0000000084100000, 0x0000000084100000, 0x0000000084200000|  0%| F|  |TAMS 0x0000000084100000, 0x0000000084100000| Untracked 
|  26|0x0000000084200000, 0x0000000084200000, 0x0000000084300000|  0%| F|  |TAMS 0x0000000084200000, 0x0000000084200000| Untracked 
|  27|0x0000000084300000, 0x0000000084300000, 0x0000000084400000|  0%| F|  |TAMS 0x0000000084300000, 0x0000000084300000| Untracked 
|  28|0x0000000084400000, 0x0000000084400000, 0x0000000084500000|  0%| F|  |TAMS 0x0000000084400000, 0x0000000084400000| Untracked 
|  29|0x0000000084500000, 0x0000000084500000, 0x0000000084600000|  0%| F|  |TAMS 0x0000000084500000, 0x0000000084500000| Untracked 
|  30|0x0000000084600000, 0x0000000084600000, 0x0000000084700000|  0%| F|  |TAMS 0x0000000084600000, 0x0000000084600000| Untracked 
|  31|0x0000000084700000, 0x0000000084700000, 0x0000000084800000|  0%| F|  |TAMS 0x0000000084700000, 0x0000000084700000| Untracked 
|  32|0x0000000084800000, 0x0000000084800000, 0x0000000084900000|  0%| F|  |TAMS 0x0000000084800000, 0x0000000084800000| Untracked 
|  33|0x0000000084900000, 0x0000000084900000, 0x0000000084a00000|  0%| F|  |TAMS 0x0000000084900000, 0x0000000084900000| Untracked 
|  34|0x0000000084a00000, 0x0000000084a00000, 0x0000000084b00000|  0%| F|  |TAMS 0x0000000084a00000, 0x0000000084a00000| Untracked 
|  35|0x0000000084b00000, 0x0000000084b00000, 0x0000000084c00000|  0%| F|  |TAMS 0x0000000084b00000, 0x0000000084b00000| Untracked 
|  36|0x0000000084c00000, 0x0000000084c00000, 0x0000000084d00000|  0%| F|  |TAMS 0x0000000084c00000, 0x0000000084c00000| Untracked 
|  37|0x0000000084d00000, 0x0000000084d00000, 0x0000000084e00000|  0%| F|  |TAMS 0x0000000084d00000, 0x0000000084d00000| Untracked 
|  38|0x0000000084e00000, 0x0000000084e00000, 0x0000000084f00000|  0%| F|  |TAMS 0x0000000084e00000, 0x0000000084e00000| Untracked 
|  39|0x0000000084f00000, 0x0000000084f00000, 0x0000000085000000|  0%| F|  |TAMS 0x0000000084f00000, 0x0000000084f00000| Untracked 
|  40|0x0000000085000000, 0x0000000085000000, 0x0000000085100000|  0%| F|  |TAMS 0x0000000085000000, 0x0000000085000000| Untracked 
|  41|0x0000000085100000, 0x0000000085100000, 0x0000000085200000|  0%| F|  |TAMS 0x0000000085100000, 0x0000000085100000| Untracked 
|  42|0x0000000085200000, 0x0000000085200000, 0x0000000085300000|  0%| F|  |TAMS 0x0000000085200000, 0x0000000085200000| Untracked 
|  43|0x0000000085300000, 0x0000000085300000, 0x0000000085400000|  0%| F|  |TAMS 0x0000000085300000, 0x0000000085300000| Untracked 
|  44|0x0000000085400000, 0x0000000085400000, 0x0000000085500000|  0%| F|  |TAMS 0x0000000085400000, 0x0000000085400000| Untracked 
|  45|0x0000000085500000, 0x0000000085500000, 0x0000000085600000|  0%| F|  |TAMS 0x0000000085500000, 0x0000000085500000| Untracked 
|  46|0x0000000085600000, 0x0000000085600000, 0x0000000085700000|  0%| F|  |TAMS 0x0000000085600000, 0x0000000085600000| Untracked 
|  47|0x0000000085700000, 0x0000000085700000, 0x0000000085800000|  0%| F|  |TAMS 0x0000000085700000, 0x0000000085700000| Untracked 
|  48|0x0000000085800000, 0x0000000085800000, 0x0000000085900000|  0%| F|  |TAMS 0x0000000085800000, 0x0000000085800000| Untracked 
|  49|0x0000000085900000, 0x0000000085900000, 0x0000000085a00000|  0%| F|  |TAMS 0x0000000085900000, 0x0000000085900000| Untracked 
|  50|0x0000000085a00000, 0x0000000085a00000, 0x0000000085b00000|  0%| F|  |TAMS 0x0000000085a00000, 0x0000000085a00000| Untracked 
|  51|0x0000000085b00000, 0x0000000085b00000, 0x0000000085c00000|  0%| F|  |TAMS 0x0000000085b00000, 0x0000000085b00000| Untracked 
|  52|0x0000000085c00000, 0x0000000085c00000, 0x0000000085d00000|  0%| F|  |TAMS 0x0000000085c00000, 0x0000000085c00000| Untracked 
|  53|0x0000000085d00000, 0x0000000085d00000, 0x0000000085e00000|  0%| F|  |TAMS 0x0000000085d00000, 0x0000000085d00000| Untracked 
|  54|0x0000000085e00000, 0x0000000085e00000, 0x0000000085f00000|  0%| F|  |TAMS 0x0000000085e00000, 0x0000000085e00000| Untracked 
|  55|0x0000000085f00000, 0x0000000085f00000, 0x0000000086000000|  0%| F|  |TAMS 0x0000000085f00000, 0x0000000085f00000| Untracked 
|  56|0x0000000086000000, 0x0000000086000000, 0x0000000086100000|  0%| F|  |TAMS 0x0000000086000000, 0x0000000086000000| Untracked 
|  57|0x0000000086100000, 0x0000000086100000, 0x0000000086200000|  0%| F|  |TAMS 0x0000000086100000, 0x0000000086100000| Untracked 
|  58|0x0000000086200000, 0x0000000086200000, 0x0000000086300000|  0%| F|  |TAMS 0x0000000086200000, 0x0000000086200000| Untracked 
|  59|0x0000000086300000, 0x0000000086300000, 0x0000000086400000|  0%| F|  |TAMS 0x0000000086300000, 0x0000000086300000| Untracked 
|  60|0x0000000086400000, 0x0000000086400000, 0x0000000086500000|  0%| F|  |TAMS 0x0000000086400000, 0x0000000086400000| Untracked 
|  61|0x0000000086500000, 0x0000000086500000, 0x0000000086600000|  0%| F|  |TAMS 0x0000000086500000, 0x0000000086500000| Untracked 
|  62|0x0000000086600000, 0x0000000086600000, 0x0000000086700000|  0%| F|  |TAMS 0x0000000086600000, 0x0000000086600000| Untracked 
|  63|0x0000000086700000, 0x0000000086700000, 0x0000000086800000|  0%| F|  |TAMS 0x0000000086700000, 0x0000000086700000| Untracked 
|  64|0x0000000086800000, 0x0000000086800000, 0x0000000086900000|  0%| F|  |TAMS 0x0000000086800000, 0x0000000086800000| Untracked 
|  65|0x0000000086900000, 0x0000000086900000, 0x0000000086a00000|  0%| F|  |TAMS 0x0000000086900000, 0x0000000086900000| Untracked 
|  66|0x0000000086a00000, 0x0000000086a00000, 0x0000000086b00000|  0%| F|  |TAMS 0x0000000086a00000, 0x0000000086a00000| Untracked 
|  67|0x0000000086b00000, 0x0000000086b00000, 0x0000000086c00000|  0%| F|  |TAMS 0x0000000086b00000, 0x0000000086b00000| Untracked 
|  68|0x0000000086c00000, 0x0000000086c00000, 0x0000000086d00000|  0%| F|  |TAMS 0x0000000086c00000, 0x0000000086c00000| Untracked 
|  69|0x0000000086d00000, 0x0000000086d00000, 0x0000000086e00000|  0%| F|  |TAMS 0x0000000086d00000, 0x0000000086d00000| Untracked 
|  70|0x0000000086e00000, 0x0000000086e00000, 0x0000000086f00000|  0%| F|  |TAMS 0x0000000086e00000, 0x0000000086e00000| Untracked 
|  71|0x0000000086f00000, 0x0000000086f00000, 0x0000000087000000|  0%| F|  |TAMS 0x0000000086f00000, 0x0000000086f00000| Untracked 
|  72|0x0000000087000000, 0x0000000087000000, 0x0000000087100000|  0%| F|  |TAMS 0x0000000087000000, 0x0000000087000000| Untracked 
|  73|0x0000000087100000, 0x0000000087100000, 0x0000000087200000|  0%| F|  |TAMS 0x0000000087100000, 0x0000000087100000| Untracked 
|  74|0x0000000087200000, 0x0000000087200000, 0x0000000087300000|  0%| F|  |TAMS 0x0000000087200000, 0x0000000087200000| Untracked 
|  75|0x0000000087300000, 0x0000000087300000, 0x0000000087400000|  0%| F|  |TAMS 0x0000000087300000, 0x0000000087300000| Untracked 
|  76|0x0000000087400000, 0x0000000087400000, 0x0000000087500000|  0%| F|  |TAMS 0x0000000087400000, 0x0000000087400000| Untracked 
|  77|0x0000000087500000, 0x0000000087500000, 0x0000000087600000|  0%| F|  |TAMS 0x0000000087500000, 0x0000000087500000| Untracked 
|  78|0x0000000087600000, 0x0000000087600000, 0x0000000087700000|  0%| F|  |TAMS 0x0000000087600000, 0x0000000087600000| Untracked 
|  79|0x0000000087700000, 0x0000000087700000, 0x0000000087800000|  0%| F|  |TAMS 0x0000000087700000, 0x0000000087700000| Untracked 
|  80|0x0000000087800000, 0x0000000087800000, 0x0000000087900000|  0%| F|  |TAMS 0x0000000087800000, 0x0000000087800000| Untracked 
|  81|0x0000000087900000, 0x0000000087900000, 0x0000000087a00000|  0%| F|  |TAMS 0x0000000087900000, 0x0000000087900000| Untracked 
|  82|0x0000000087a00000, 0x0000000087a00000, 0x0000000087b00000|  0%| F|  |TAMS 0x0000000087a00000, 0x0000000087a00000| Untracked 
|  83|0x0000000087b00000, 0x0000000087b00000, 0x0000000087c00000|  0%| F|  |TAMS 0x0000000087b00000, 0x0000000087b00000| Untracked 
|  84|0x0000000087c00000, 0x0000000087c00000, 0x0000000087d00000|  0%| F|  |TAMS 0x0000000087c00000, 0x0000000087c00000| Untracked 
|  85|0x0000000087d00000, 0x0000000087d00000, 0x0000000087e00000|  0%| F|  |TAMS 0x0000000087d00000, 0x0000000087d00000| Untracked 
|  86|0x0000000087e00000, 0x0000000087e00000, 0x0000000087f00000|  0%| F|  |TAMS 0x0000000087e00000, 0x0000000087e00000| Untracked 
|  87|0x0000000087f00000, 0x0000000087f00000, 0x0000000088000000|  0%| F|  |TAMS 0x0000000087f00000, 0x0000000087f00000| Untracked 
|  88|0x0000000088000000, 0x0000000088000000, 0x0000000088100000|  0%| F|  |TAMS 0x0000000088000000, 0x0000000088000000| Untracked 
|  89|0x0000000088100000, 0x0000000088100000, 0x0000000088200000|  0%| F|  |TAMS 0x0000000088100000, 0x0000000088100000| Untracked 
|  90|0x0000000088200000, 0x0000000088200000, 0x0000000088300000|  0%| F|  |TAMS 0x0000000088200000, 0x0000000088200000| Untracked 
|  91|0x0000000088300000, 0x0000000088300000, 0x0000000088400000|  0%| F|  |TAMS 0x0000000088300000, 0x0000000088300000| Untracked 
|  92|0x0000000088400000, 0x0000000088400000, 0x0000000088500000|  0%| F|  |TAMS 0x0000000088400000, 0x0000000088400000| Untracked 
|  93|0x0000000088500000, 0x0000000088500000, 0x0000000088600000|  0%| F|  |TAMS 0x0000000088500000, 0x0000000088500000| Untracked 
|  94|0x0000000088600000, 0x0000000088600000, 0x0000000088700000|  0%| F|  |TAMS 0x0000000088600000, 0x0000000088600000| Untracked 
|  95|0x0000000088700000, 0x0000000088700000, 0x0000000088800000|  0%| F|  |TAMS 0x0000000088700000, 0x0000000088700000| Untracked 
|  96|0x0000000088800000, 0x0000000088800000, 0x0000000088900000|  0%| F|  |TAMS 0x0000000088800000, 0x0000000088800000| Untracked 
|  97|0x0000000088900000, 0x0000000088900000, 0x0000000088a00000|  0%| F|  |TAMS 0x0000000088900000, 0x0000000088900000| Untracked 
|  98|0x0000000088a00000, 0x0000000088a00000, 0x0000000088b00000|  0%| F|  |TAMS 0x0000000088a00000, 0x0000000088a00000| Untracked 
|  99|0x0000000088b00000, 0x0000000088b00000, 0x0000000088c00000|  0%| F|  |TAMS 0x0000000088b00000, 0x0000000088b00000| Untracked 
| 100|0x0000000088c00000, 0x0000000088c00000, 0x0000000088d00000|  0%| F|  |TAMS 0x0000000088c00000, 0x0000000088c00000| Untracked 
| 101|0x0000000088d00000, 0x0000000088d00000, 0x0000000088e00000|  0%| F|  |TAMS 0x0000000088d00000, 0x0000000088d00000| Untracked 
| 102|0x0000000088e00000, 0x0000000088e00000, 0x0000000088f00000|  0%| F|  |TAMS 0x0000000088e00000, 0x0000000088e00000| Untracked 
| 103|0x0000000088f00000, 0x0000000088f00000, 0x0000000089000000|  0%| F|  |TAMS 0x0000000088f00000, 0x0000000088f00000| Untracked 
| 104|0x0000000089000000, 0x0000000089000000, 0x0000000089100000|  0%| F|  |TAMS 0x0000000089000000, 0x0000000089000000| Untracked 
| 105|0x0000000089100000, 0x0000000089100000, 0x0000000089200000|  0%| F|  |TAMS 0x0000000089100000, 0x0000000089100000| Untracked 
| 106|0x0000000089200000, 0x0000000089200000, 0x0000000089300000|  0%| F|  |TAMS 0x0000000089200000, 0x0000000089200000| Untracked 
| 107|0x0000000089300000, 0x0000000089300000, 0x0000000089400000|  0%| F|  |TAMS 0x0000000089300000, 0x0000000089300000| Untracked 
| 108|0x0000000089400000, 0x0000000089400000, 0x0000000089500000|  0%| F|  |TAMS 0x0000000089400000, 0x0000000089400000| Untracked 
| 109|0x0000000089500000, 0x0000000089500000, 0x0000000089600000|  0%| F|  |TAMS 0x0000000089500000, 0x0000000089500000| Untracked 
| 110|0x0000000089600000, 0x0000000089600000, 0x0000000089700000|  0%| F|  |TAMS 0x0000000089600000, 0x0000000089600000| Untracked 
| 111|0x0000000089700000, 0x0000000089700000, 0x0000000089800000|  0%| F|  |TAMS 0x0000000089700000, 0x0000000089700000| Untracked 
| 112|0x0000000089800000, 0x0000000089800000, 0x0000000089900000|  0%| F|  |TAMS 0x0000000089800000, 0x0000000089800000| Untracked 
| 113|0x0000000089900000, 0x0000000089900000, 0x0000000089a00000|  0%| F|  |TAMS 0x0000000089900000, 0x0000000089900000| Untracked 
| 114|0x0000000089a00000, 0x0000000089a00000, 0x0000000089b00000|  0%| F|  |TAMS 0x0000000089a00000, 0x0000000089a00000| Untracked 
| 115|0x0000000089b00000, 0x0000000089b00000, 0x0000000089c00000|  0%| F|  |TAMS 0x0000000089b00000, 0x0000000089b00000| Untracked 
| 116|0x0000000089c00000, 0x0000000089c00000, 0x0000000089d00000|  0%| F|  |TAMS 0x0000000089c00000, 0x0000000089c00000| Untracked 
| 117|0x0000000089d00000, 0x0000000089d00000, 0x0000000089e00000|  0%| F|  |TAMS 0x0000000089d00000, 0x0000000089d00000| Untracked 
| 118|0x0000000089e00000, 0x0000000089e00000, 0x0000000089f00000|  0%| F|  |TAMS 0x0000000089e00000, 0x0000000089e00000| Untracked 
| 119|0x0000000089f00000, 0x0000000089f00000, 0x000000008a000000|  0%| F|  |TAMS 0x0000000089f00000, 0x0000000089f00000| Untracked 
| 120|0x000000008a000000, 0x000000008a000000, 0x000000008a100000|  0%| F|  |TAMS 0x000000008a000000, 0x000000008a000000| Untracked 
| 121|0x000000008a100000, 0x000000008a100000, 0x000000008a200000|  0%| F|  |TAMS 0x000000008a100000, 0x000000008a100000| Untracked 
| 122|0x000000008a200000, 0x000000008a200000, 0x000000008a300000|  0%| F|  |TAMS 0x000000008a200000, 0x000000008a200000| Untracked 
| 123|0x000000008a300000, 0x000000008a3ec1c0, 0x000000008a400000| 92%| E|  |TAMS 0x000000008a300000, 0x000000008a300000| Complete 
| 124|0x000000008a400000, 0x000000008a500000, 0x000000008a500000|100%| E|CS|TAMS 0x000000008a400000, 0x000000008a400000| Complete 
| 125|0x000000008a500000, 0x000000008a600000, 0x000000008a600000|100%| E|CS|TAMS 0x000000008a500000, 0x000000008a500000| Complete 

Card table byte_map: [0x00000160e1320000,0x00000160e1710000] _byte_map_base: 0x00000160e0f0c000

Marking Bits (Prev, Next): (CMBitMap*) 0x00000160cc8544a0, (CMBitMap*) 0x00000160cc8544e0
 Prev Bits: [0x00000160e1b00000, 0x00000160e3a60000)
 Next Bits: [0x00000160e3a60000, 0x00000160e59c0000)

Polling page: 0x00000160cc8c0000

Metaspace:

Usage:
  Non-class:      6.50 MB used.
      Class:    645.31 KB used.
       Both:      7.13 MB used.

Virtual space:
  Non-class space:        8.00 MB reserved,       6.62 MB ( 83%) committed,  1 nodes.
      Class space:        1.00 GB reserved,     704.00 KB ( <1%) committed,  1 nodes.
             Both:        1.01 GB reserved,       7.31 MB ( <1%) committed. 

Chunk freelists:
   Non-Class:  1018.00 KB
       Class:  3.23 MB
        Both:  4.23 MB

MaxMetaspaceSize: unlimited
CompressedClassSpaceSize: 1.00 GB
Initial GC threshold: 21.00 MB
Current GC threshold: 21.00 MB
CDS: off
MetaspaceReclaimPolicy: balanced
 - commit_granule_bytes: 65536.
 - commit_granule_words: 8192.
 - virtual_space_node_default_size: 1048576.
 - enlarge_chunks_in_place: 1.
 - new_chunks_are_fully_committed: 0.
 - uncommit_free_chunks: 1.
 - use_allocation_guard: 0.
 - handle_deallocations: 1.


Internal statistics:

num_allocs_failed_limit: 0.
num_arena_births: 10.
num_arena_deaths: 0.
num_vsnodes_births: 2.
num_vsnodes_deaths: 0.
num_space_committed: 117.
num_space_uncommitted: 0.
num_chunks_returned_to_freelist: 0.
num_chunks_taken_from_freelist: 33.
num_chunk_merges: 0.
num_chunk_splits: 15.
num_chunks_enlarged: 8.
num_purges: 0.
num_inconsistent_stats: 0.

CodeHeap 'non-profiled nmethods': size=120000Kb used=78Kb max_used=78Kb free=119921Kb
 bounds [0x00000160d8f90000, 0x00000160d9200000, 0x00000160e04c0000]
CodeHeap 'profiled nmethods': size=120000Kb used=384Kb max_used=384Kb free=119615Kb
 bounds [0x00000160d14c0000, 0x00000160d1730000, 0x00000160d89f0000]
CodeHeap 'non-nmethods': size=5760Kb used=1105Kb max_used=1120Kb free=4654Kb
 bounds [0x00000160d89f0000, 0x00000160d8c60000, 0x00000160d8f90000]
 total_blobs=646 nmethods=262 adapters=297
 compilation: enabled
              stopped_count=0, restarted_count=0
 full_count=0

Compilation events (20 events):
Event: 0.192 Thread 0x00000160e906a1c0 nmethod 165 0x00000160d8f9b190 code [0x00000160d8f9b320, 0x00000160d8f9b5b8]
Event: 0.192 Thread 0x00000160e906a1c0  167       4       java.util.zip.ZipFile$Source::isMetaName (141 bytes)
Event: 0.193 Thread 0x00000160e906a1c0 nmethod 167 0x00000160d8f9b710 code [0x00000160d8f9b8a0, 0x00000160d8f9baf8]
Event: 0.193 Thread 0x00000160e906a1c0  168   !   4       java.util.zip.ZipFile$Source::checkAndAddEntry (209 bytes)
Event: 0.195 Thread 0x00000160e906e6c0  169       3       java.lang.String::getBytes (46 bytes)
Event: 0.196 Thread 0x00000160e906e6c0 nmethod 169 0x00000160d14fe710 code [0x00000160d14fe8e0, 0x00000160d14febf8]
Event: 0.196 Thread 0x00000160e906e6c0  170       3       jdk.internal.misc.Unsafe::putReferenceRelease (9 bytes)
Event: 0.196 Thread 0x00000160e906e6c0 nmethod 170 0x00000160d14fed10 code [0x00000160d14feea0, 0x00000160d14feff8]
Event: 0.196 Thread 0x00000160e906e6c0  172       3       java.util.concurrent.ConcurrentHashMap::setTabAt (20 bytes)
Event: 0.196 Thread 0x00000160e906e6c0 nmethod 172 0x00000160d14ff090 code [0x00000160d14ff240, 0x00000160d14ff448]
Event: 0.199 Thread 0x00000160e906e6c0  174       3       java.lang.StringBuilder::append (8 bytes)
Event: 0.199 Thread 0x00000160e906e6c0 nmethod 174 0x00000160d14ff510 code [0x00000160d14ff6a0, 0x00000160d14ff7e8]
Event: 0.200 Thread 0x00000160e906e6c0  175       3       java.lang.String::lastIndexOf (29 bytes)
Event: 0.200 Thread 0x00000160e906e6c0 nmethod 175 0x00000160d14ff890 code [0x00000160d14ffa60, 0x00000160d14ffcf8]
Event: 0.201 Thread 0x00000160e906e6c0  176       3       java.lang.String::lastIndexOf (12 bytes)
Event: 0.202 Thread 0x00000160e906e6c0 nmethod 176 0x00000160d14ffe10 code [0x00000160d1500000, 0x00000160d15003f8]
Event: 0.203 Thread 0x00000160e906a1c0 nmethod 168 0x00000160d8f9c090 code [0x00000160d8f9c240, 0x00000160d8f9c998]
Event: 0.203 Thread 0x00000160e906a1c0  166 %     4       java.util.zip.ZipFile$Source::initCEN @ 240 (591 bytes)
Event: 0.204 Thread 0x00000160e906e6c0  177       3       java.util.HashMap::put (13 bytes)
Event: 0.204 Thread 0x00000160e906e6c0 nmethod 177 0x00000160d1500590 code [0x00000160d1500740, 0x00000160d1500a38]

GC Heap History (0 events):
No events

Dll operation events (2 events):
Event: 0.009 Loaded shared library C:\Program Files\Android\Android Studio\jbr\bin\java.dll
Event: 0.173 Loaded shared library C:\Program Files\Android\Android Studio\jbr\bin\verify.dll

Deoptimization events (20 events):
Event: 0.137 Thread 0x00000160cc7f90c0 Uncommon trap: trap_request=0xffffff45 fr.pc=0x00000160d8f93f0c relative=0x000000000000016c
Event: 0.137 Thread 0x00000160cc7f90c0 Uncommon trap: reason=unstable_if action=reinterpret pc=0x00000160d8f93f0c method=java.util.zip.ZipFile$Source.isMetaName([BII)Z @ 3 c2
Event: 0.137 Thread 0x00000160cc7f90c0 DEOPT PACKING pc=0x00000160d8f93f0c sp=0x00000005efcfa5e0
Event: 0.137 Thread 0x00000160cc7f90c0 DEOPT UNPACKING pc=0x00000160d8a469a3 sp=0x00000005efcfa588 mode 2
Event: 0.151 Thread 0x00000160cc7f90c0 Uncommon trap: trap_request=0xffffff45 fr.pc=0x00000160d8f95218 relative=0x0000000000000658
Event: 0.151 Thread 0x00000160cc7f90c0 Uncommon trap: reason=unstable_if action=reinterpret pc=0x00000160d8f95218 method=java.util.zip.ZipCoder$UTF8ZipCoder.checkedHash([BII)I @ 75 c2
Event: 0.151 Thread 0x00000160cc7f90c0 DEOPT PACKING pc=0x00000160d8f95218 sp=0x00000005efcfa4e0
Event: 0.151 Thread 0x00000160cc7f90c0 DEOPT UNPACKING pc=0x00000160d8a469a3 sp=0x00000005efcfa3a8 mode 2
Event: 0.151 Thread 0x00000160cc7f90c0 Uncommon trap: trap_request=0xffffff45 fr.pc=0x00000160d8f95b88 relative=0x0000000000000168
Event: 0.151 Thread 0x00000160cc7f90c0 Uncommon trap: reason=unstable_if action=reinterpret pc=0x00000160d8f95b88 method=java.util.zip.ZipFile$Source.isMetaName([BII)Z @ 15 c2
Event: 0.151 Thread 0x00000160cc7f90c0 DEOPT PACKING pc=0x00000160d8f95b88 sp=0x00000005efcfa4f0
Event: 0.151 Thread 0x00000160cc7f90c0 DEOPT UNPACKING pc=0x00000160d8a469a3 sp=0x00000005efcfa480 mode 2
Event: 0.151 Thread 0x00000160cc7f90c0 Uncommon trap: trap_request=0xffffff45 fr.pc=0x00000160d8f94510 relative=0x0000000000000270
Event: 0.151 Thread 0x00000160cc7f90c0 Uncommon trap: reason=unstable_if action=reinterpret pc=0x00000160d8f94510 method=java.util.zip.ZipCoder$UTF8ZipCoder.checkedHash([BII)I @ 75 c2
Event: 0.151 Thread 0x00000160cc7f90c0 DEOPT PACKING pc=0x00000160d8f94510 sp=0x00000005efcfa410
Event: 0.151 Thread 0x00000160cc7f90c0 DEOPT UNPACKING pc=0x00000160d8a469a3 sp=0x00000005efcfa3a0 mode 2
Event: 0.151 Thread 0x00000160cc7f90c0 Uncommon trap: trap_request=0xffffff45 fr.pc=0x00000160d8f939d4 relative=0x00000000000002b4
Event: 0.151 Thread 0x00000160cc7f90c0 Uncommon trap: reason=unstable_if action=reinterpret pc=0x00000160d8f939d4 method=java.util.zip.ZipCoder$UTF8ZipCoder.checkedHash([BII)I @ 75 c2
Event: 0.151 Thread 0x00000160cc7f90c0 DEOPT PACKING pc=0x00000160d8f939d4 sp=0x00000005efcfa3f0
Event: 0.151 Thread 0x00000160cc7f90c0 DEOPT UNPACKING pc=0x00000160d8a469a3 sp=0x00000005efcfa3a0 mode 2

Classes unloaded (0 events):
No events

Classes redefined (0 events):
No events

Internal exceptions (0 events):
No events

VM Operations (6 events):
Event: 0.153 Executing VM operation: HandshakeAllThreads
Event: 0.153 Executing VM operation: HandshakeAllThreads done
Event: 0.153 Executing VM operation: HandshakeAllThreads
Event: 0.153 Executing VM operation: HandshakeAllThreads done
Event: 0.198 Executing VM operation: HandshakeAllThreads
Event: 0.198 Executing VM operation: HandshakeAllThreads done

Events (20 events):
Event: 0.204 loading class java/text/DateFormat$Field
Event: 0.204 loading class java/text/Format$Field
Event: 0.204 loading class java/text/AttributedCharacterIterator$Attribute
Event: 0.204 loading class java/text/AttributedCharacterIterator$Attribute done
Event: 0.204 loading class java/text/Format$Field done
Event: 0.204 loading class java/text/DateFormat$Field done
Event: 0.204 loading class java/util/Locale$Category
Event: 0.204 loading class java/util/Locale$Category done
Event: 0.204 loading class java/util/Calendar
Event: 0.205 loading class java/util/Calendar done
Event: 0.205 loading class java/util/TimeZone
Event: 0.205 loading class java/util/TimeZone done
Event: 0.206 loading class sun/util/calendar/ZoneInfo
Event: 0.206 loading class sun/util/calendar/ZoneInfo done
Event: 0.206 loading class sun/util/calendar/ZoneInfoFile
Event: 0.206 loading class sun/util/calendar/ZoneInfoFile done
Event: 0.207 loading class sun/util/calendar/ZoneInfoFile$1
Event: 0.207 loading class sun/util/calendar/ZoneInfoFile$1 done
Event: 0.207 loading class java/io/DataInputStream
Event: 0.207 loading class java/io/DataInputStream done


Dynamic libraries:
0x00007ff6cf5c0000 - 0x00007ff6cf5ca000 	C:\Program Files\Android\Android Studio\jbr\bin\java.exe
0x00007ff823c70000 - 0x00007ff823e84000 	C:\WINDOWS\SYSTEM32\ntdll.dll
0x00007ff8226b0000 - 0x00007ff822772000 	C:\WINDOWS\System32\KERNEL32.DLL
0x00007ff821500000 - 0x00007ff8218a3000 	C:\WINDOWS\System32\KERNELBASE.dll
0x00007ff8218b0000 - 0x00007ff8219c1000 	C:\WINDOWS\System32\ucrtbase.dll
0x00007fffe8d50000 - 0x00007fffe8d67000 	C:\Program Files\Android\Android Studio\jbr\bin\jli.dll
0x00007fffdbfe0000 - 0x00007fffdbffb000 	C:\Program Files\Android\Android Studio\jbr\bin\VCRUNTIME140.dll
0x00007ff822500000 - 0x00007ff8226ab000 	C:\WINDOWS\System32\USER32.dll
0x00007ff8219d0000 - 0x00007ff8219f6000 	C:\WINDOWS\System32\win32u.dll
0x00007ff811d20000 - 0x00007ff811fae000 	C:\WINDOWS\WinSxS\amd64_microsoft.windows.common-controls_6595b64144ccf1df_6.0.22621.1635_none_270f70857386168e\COMCTL32.dll
0x00007ff8239d0000 - 0x00007ff8239f9000 	C:\WINDOWS\System32\GDI32.dll
0x00007ff822450000 - 0x00007ff8224f7000 	C:\WINDOWS\System32\msvcrt.dll
0x00007ff8211b0000 - 0x00007ff8212c8000 	C:\WINDOWS\System32\gdi32full.dll
0x00007ff821110000 - 0x00007ff8211aa000 	C:\WINDOWS\System32\msvcp_win.dll
0x00007ff823180000 - 0x00007ff8231b1000 	C:\WINDOWS\System32\IMM32.DLL
0x00007ffff4ef0000 - 0x00007ffff4efc000 	C:\Program Files\Android\Android Studio\jbr\bin\vcruntime140_1.dll
0x00007fffa28a0000 - 0x00007fffa292d000 	C:\Program Files\Android\Android Studio\jbr\bin\msvcp140.dll
0x00007fff9fa20000 - 0x00007fffa068d000 	C:\Program Files\Android\Android Studio\jbr\bin\server\jvm.dll
0x00007ff822330000 - 0x00007ff8223de000 	C:\WINDOWS\System32\ADVAPI32.dll
0x00007ff823b00000 - 0x00007ff823ba4000 	C:\WINDOWS\System32\sechost.dll
0x00007ff821b20000 - 0x00007ff821c37000 	C:\WINDOWS\System32\RPCRT4.dll
0x00007ff81a0f0000 - 0x00007ff81a124000 	C:\WINDOWS\SYSTEM32\WINMM.dll
0x00007ff813300000 - 0x00007ff813309000 	C:\WINDOWS\SYSTEM32\WSOCK32.dll
0x00007ff81bf50000 - 0x00007ff81bf5a000 	C:\WINDOWS\SYSTEM32\VERSION.dll
0x00007ff8221f0000 - 0x00007ff822261000 	C:\WINDOWS\System32\WS2_32.dll
0x00007ff820190000 - 0x00007ff8201a8000 	C:\WINDOWS\SYSTEM32\kernel.appcore.dll
0x00007ff81d0d0000 - 0x00007ff81d0da000 	C:\Program Files\Android\Android Studio\jbr\bin\jimage.dll
0x00007ff81e3e0000 - 0x00007ff81e60e000 	C:\WINDOWS\SYSTEM32\DBGHELP.DLL
0x00007ff821c40000 - 0x00007ff821fc9000 	C:\WINDOWS\System32\combase.dll
0x00007ff8231e0000 - 0x00007ff8232b7000 	C:\WINDOWS\System32\OLEAUT32.dll
0x00007ff8179d0000 - 0x00007ff817a02000 	C:\WINDOWS\SYSTEM32\dbgcore.DLL
0x00007ff821090000 - 0x00007ff82110b000 	C:\WINDOWS\System32\bcryptPrimitives.dll
0x00007ff81a300000 - 0x00007ff81a325000 	C:\Program Files\Android\Android Studio\jbr\bin\java.dll
0x00007ff81a2e0000 - 0x00007ff81a2f8000 	C:\Program Files\Android\Android Studio\jbr\bin\zip.dll
0x00007ff822780000 - 0x00007ff822f7a000 	C:\WINDOWS\System32\SHELL32.dll
0x00007ff81f050000 - 0x00007ff81f91e000 	C:\WINDOWS\SYSTEM32\windows.storage.dll
0x00007ff81ef10000 - 0x00007ff81f04e000 	C:\WINDOWS\SYSTEM32\wintypes.dll
0x00007ff8220f0000 - 0x00007ff8221e1000 	C:\WINDOWS\System32\SHCORE.dll
0x00007ff8232d0000 - 0x00007ff82332e000 	C:\WINDOWS\System32\shlwapi.dll
0x00007ff820fc0000 - 0x00007ff820fe1000 	C:\WINDOWS\SYSTEM32\profapi.dll
0x00007ff81a200000 - 0x00007ff81a219000 	C:\Program Files\Android\Android Studio\jbr\bin\net.dll
0x00007ff81bae0000 - 0x00007ff81bc17000 	C:\WINDOWS\SYSTEM32\WINHTTP.dll
0x00007ff8205f0000 - 0x00007ff820659000 	C:\WINDOWS\system32\mswsock.dll
0x00007ff81a1e0000 - 0x00007ff81a1f6000 	C:\Program Files\Android\Android Studio\jbr\bin\nio.dll
0x00007ff816070000 - 0x00007ff816080000 	C:\Program Files\Android\Android Studio\jbr\bin\verify.dll

dbghelp: loaded successfully - version: 4.0.5 - missing functions: none
symbol engine: initialized successfully - sym options: 0x614 - pdb path: .;C:\Program Files\Android\Android Studio\jbr\bin;C:\WINDOWS\SYSTEM32;C:\WINDOWS\WinSxS\amd64_microsoft.windows.common-controls_6595b64144ccf1df_6.0.22621.1635_none_270f70857386168e;C:\Program Files\Android\Android Studio\jbr\bin\server

VM Arguments:
java_command: git4idea.http.GitAskPassApp Username for 'https://github.com': 
java_class_path (initial): C:/Program Files/Android/Android Studio/plugins/git4idea/lib/git4idea-rt.jar;C:/Program Files/Android/Android Studio/lib/externalProcess-rt.jar;C:/Program Files/Android/Android Studio/lib/app.jar;C:/Program Files/Android/Android Studio/lib/3rd-party-rt.jar
Launcher Type: SUN_STANDARD

[Global flags]
     intx CICompilerCount                          = 4                                         {product} {ergonomic}
     uint ConcGCThreads                            = 2                                         {product} {ergonomic}
     uint G1ConcRefinementThreads                  = 8                                         {product} {ergonomic}
   size_t G1HeapRegionSize                         = 1048576                                   {product} {ergonomic}
    uintx GCDrainStackTargetSize                   = 64                                        {product} {ergonomic}
   size_t InitialHeapSize                          = 132120576                                 {product} {ergonomic}
   size_t MarkStackSize                            = 4194304                                   {product} {ergonomic}
   size_t MaxHeapSize                              = 2105540608                                {product} {ergonomic}
   size_t MaxNewSize                               = 1262485504                                {product} {ergonomic}
   size_t MinHeapDeltaBytes                        = 1048576                                   {product} {ergonomic}
   size_t MinHeapSize                              = 8388608                                   {product} {ergonomic}
    uintx NonNMethodCodeHeapSize                   = 5839372                                {pd product} {ergonomic}
    uintx NonProfiledCodeHeapSize                  = 122909434                              {pd product} {ergonomic}
    uintx ProfiledCodeHeapSize                     = 122909434                              {pd product} {ergonomic}
    uintx ReservedCodeCacheSize                    = 251658240                              {pd product} {ergonomic}
     bool SegmentedCodeCache                       = true                                      {product} {ergonomic}
   size_t SoftMaxHeapSize                          = 2105540608                             {manageable} {ergonomic}
     bool UseCompressedClassPointers               = true                           {product lp64_product} {ergonomic}
     bool UseCompressedOops                        = true                           {product lp64_product} {ergonomic}
     bool UseG1GC                                  = true                                      {product} {ergonomic}
     bool UseLargePagesIndividualAllocation        = false                                  {pd product} {ergonomic}

Logging:
Log output configuration:
 #0: stdout all=warning uptime,level,tags
 #1: stderr all=off uptime,level,tags

Environment Variables:
PATH=C:\Program Files\Git\mingw64\libexec\git-core;C:\Program Files\Git\mingw64\libexec\git-core;C:\Program Files\Git\mingw64\bin;C:\Program Files\Git\usr\bin;C:\Users\Ishan\bin;C:\Windows\system32;C:\Windows;C:\Windows\System32\Wbem;C:\Windows\System32\WindowsPowerShell\v1.0;C:\Windows\System32\OpenSSH;C:\Program Files (x86)\NVIDIA Corporation\PhysX\Common;C:\Program Files\NVIDIA Corporation\NVIDIA NvDLISR;C:\WINDOWS\system32;C:\WINDOWS;C:\WINDOWS\System32\Wbem;C:\WINDOWS\System32\WindowsPowerShell\v1.0;C:\WINDOWS\System32\OpenSSH;C:\Program Files\dotnet;C:\Users\Ishan\Applications\msys64\mingw64\bin;C:\Program Files\CodeBlocks\MinGW\bin;C:\Program Files\Git\cmd;C:\Program Files\MySQL\MySQL Shell 8.0\bin;C:\Users\Ishan\AppData\Local\Programs\Python\Python310\Scripts;C:\Users\Ishan\AppData\Local\Programs\Python\Python310;C:\Users\Ishan\AppData\Local\Microsoft\WindowsApps
USERNAME=Ishan
DISPLAY=:0.0
LC_ALL=en_US.UTF-8
TERM=xterm-256color
TMPDIR=C:\Users\Ishan\AppData\Local\Temp
OS=Windows_NT
PROCESSOR_IDENTIFIER=Intel64 Family 6 Model 165 Stepping 2, GenuineIntel
TMP=C:\Users\Ishan\AppData\Local\Temp
TEMP=C:\Users\Ishan\AppData\Local\Temp



---------------  S Y S T E M  ---------------

OS:
 Windows 11 , 64 bit Build 22621 (10.0.22621.1635)
OS uptime: 0 days 3:18 hours
Hyper-V role detected

CPU: total 8 (initial active 8) (4 cores per cpu, 2 threads per core) family 6 model 165 stepping 2 microcode 0xe0, cx8, cmov, fxsr, ht, mmx, 3dnowpref, sse, sse2, sse3, ssse3, sse4.1, sse4.2, popcnt, lzcnt, tsc, tscinvbit, avx, avx2, aes, erms, clmul, bmi1, bmi2, adx, fma, vzeroupper, clflush, clflushopt, hv

Memory: 4k page, system-wide physical 8029M (497M free)
TotalPageFile size 16221M (AvailPageFile size 1M)
current process WorkingSet (physical memory assigned to process): 53M, peak: 53M
current process commit charge ("private bytes"): 207M, peak: 207M

vm_info: OpenJDK 64-Bit Server VM (17.0.6+0-b2043.56-9586694) for windows-amd64 JRE (17.0.6+0-b2043.56-9586694), built on Feb  9 2023 20:06:20 by "androidbuild" with MS VC++ 16.10 / 16.11 (VS2019)

END.
