#
# There is insufficient memory for the Java Runtime Environment to continue.
# Native memory allocation (mmap) failed to map 361758720 bytes for G1 virtual space
# Possible reasons:
#   The system is out of physical RAM or swap space
#   The process is running with CompressedOops enabled, and the Java Heap may be blocking the growth of the native heap
# Possible solutions:
#   Reduce memory load on the system
#   Increase physical memory or swap space
#   Check if swap backing store is full
#   Decrease Java heap size (-Xmx/-Xms)
#   Decrease number of Java threads
#   Decrease Java thread stack sizes (-Xss)
#   Set larger code cache with -XX:ReservedCodeCacheSize=
#   JVM is running with Unscaled Compressed Oops mode in which the Java heap is
#     placed in the first 4GB address space. The Java Heap base address is the
#     maximum limit for the native heap growth. Please use -XX:HeapBaseMinAddress
#     to set the Java Heap base and to place the Java Heap above 4GB virtual address.
# This output file may be truncated or incomplete.
#
#  Out of Memory Error (os_windows.cpp:3769), pid=1264, tid=6284
#
# JRE version: OpenJDK Runtime Environment (17.0.6) (build 17.0.6+0-b2043.56-9586694)
# Java VM: OpenJDK 64-Bit Server VM (17.0.6+0-b2043.56-9586694, mixed mode, tiered, compressed oops, compressed class ptrs, g1 gc, windows-amd64)
# No core dump will be written. Minidumps are not enabled by default on client versions of Windows
#

---------------  S U M M A R Y ------------

Command Line: --add-opens=java.base/java.util=ALL-UNNAMED --add-opens=java.base/java.lang=ALL-UNNAMED --add-opens=java.base/java.lang.invoke=ALL-UNNAMED --add-opens=java.base/java.util=ALL-UNNAMED --add-opens=java.prefs/java.util.prefs=ALL-UNNAMED --add-opens=java.prefs/java.util.prefs=ALL-UNNAMED --add-opens=java.base/java.nio.charset=ALL-UNNAMED --add-opens=java.base/java.net=ALL-UNNAMED --add-opens=java.base/java.util.concurrent.atomic=ALL-UNNAMED -Xmx2048m -Dfile.encoding=UTF-8 -Duser.country=IN -Duser.language=en -Duser.variant org.gradle.launcher.daemon.bootstrap.GradleDaemon 7.5

Host: Intel(R) Core(TM) i5-10300H CPU @ 2.50GHz, 8 cores, 7G,  Windows 11 , 64 bit Build 22621 (10.0.22621.1485)
Time: Tue May  9 21:36:09 2023 India Standard Time elapsed time: 10.099487 seconds (0d 0h 0m 10s)

---------------  T H R E A D  ---------------

Current thread (0x000001c8672d01b0):  VMThread "VM Thread" [stack: 0x000000507d300000,0x000000507d400000] [id=6284]

Stack: [0x000000507d300000,0x000000507d400000]
Native frames: (J=compiled Java code, j=interpreted, Vv=VM code, C=native code)
V  [jvm.dll+0x683b4a]
V  [jvm.dll+0x842654]
V  [jvm.dll+0x843dfe]
V  [jvm.dll+0x844463]
V  [jvm.dll+0x249b75]
V  [jvm.dll+0x680a19]
V  [jvm.dll+0x674f0a]
V  [jvm.dll+0x309acb]
V  [jvm.dll+0x310f86]
V  [jvm.dll+0x3608ee]
V  [jvm.dll+0x360b1f]
V  [jvm.dll+0x2dfbf8]
V  [jvm.dll+0x2ddec4]
V  [jvm.dll+0x2dd4cc]
V  [jvm.dll+0x321f3b]
V  [jvm.dll+0x84893b]
V  [jvm.dll+0x849674]
V  [jvm.dll+0x849b8d]
V  [jvm.dll+0x849f64]
V  [jvm.dll+0x84a030]
V  [jvm.dll+0x7f25fa]
V  [jvm.dll+0x682985]
C  [ucrtbase.dll+0x29363]
C  [KERNEL32.DLL+0x1269d]
C  [ntdll.dll+0x5a9f8]

VM_Operation (0x0000005003ef8db0): G1CollectForAllocation, mode: safepoint, requested by thread 0x000001c86b44ccf0


---------------  P R O C E S S  ---------------

Threads class SMR info:
_java_thread_list=0x000001c870b5a690, length=136, elements={
0x000001c84d469fb0, 0x000001c867c13020, 0x000001c867c15be0, 0x000001c8672e6a40,
0x000001c8672e7400, 0x000001c867c37030, 0x000001c867c378f0, 0x000001c867c38590,
0x000001c867c39030, 0x000001c867c3a940, 0x000001c867daf4a0, 0x000001c867daf970,
0x000001c8697cea30, 0x000001c86a9a4520, 0x000001c8695ae4d0, 0x000001c86a7b85c0,
0x000001c869289b30, 0x000001c86b0c9dd0, 0x000001c8694210c0, 0x000001c8694a2e90,
0x000001c86949f4d0, 0x000001c8694a0ce0, 0x000001c86949f9a0, 0x000001c86949fe70,
0x000001c8694a11b0, 0x000001c8694a0810, 0x000001c8694a0340, 0x000001c8694a1680,
0x000001c8694a1b50, 0x000001c8694a29c0, 0x000001c8694a24f0, 0x000001c8694a2020,
0x000001c86aa7fe30, 0x000001c86aa84190, 0x000001c86aa84660, 0x000001c86aa837f0,
0x000001c86aa82980, 0x000001c86aa80300, 0x000001c86aa84b30, 0x000001c86aa80ca0,
0x000001c86aa807d0, 0x000001c86aa85000, 0x000001c86aa81170, 0x000001c86aa824b0,
0x000001c86aa82e50, 0x000001c86aa81640, 0x000001c86aa854d0, 0x000001c86aa83320,
0x000001c86aa83cc0, 0x000001c86aa85e70, 0x000001c86aa86340, 0x000001c86aa86810,
0x000001c86aa86ce0, 0x000001c86d819f10, 0x000001c86d8173c0, 0x000001c86d8190a0,
0x000001c86d819570, 0x000001c86d819a40, 0x000001c86d815210, 0x000001c86d817890,
0x000001c86d815bb0, 0x000001c86d814870, 0x000001c86d818700, 0x000001c86d817d60,
0x000001c86d81a3e0, 0x000001c86d818bd0, 0x000001c86d816ef0, 0x000001c86d818230,
0x000001c86d81a8b0, 0x000001c86d816080, 0x000001c86d813060, 0x000001c86d813530,
0x000001c86d813a00, 0x000001c86d8143a0, 0x000001c86d813ed0, 0x000001c86d814d40,
0x000001c86d8156e0, 0x000001c86d816550, 0x000001c86d816a20, 0x000001c86b44e030,
0x000001c86b44c350, 0x000001c86b44e500, 0x000001c86b44c820, 0x000001c86b449800,
0x000001c86b44a1a0, 0x000001c86b44ab40, 0x000001c86b44e9d0, 0x000001c86b44eea0,
0x000001c86b44f370, 0x000001c86b44b010, 0x000001c86b448e60, 0x000001c86b44a670,
0x000001c86b44b4e0, 0x000001c86b44b9b0, 0x000001c86b4484c0, 0x000001c86b44db60,
0x000001c86b44ccf0, 0x000001c86b44d690, 0x000001c86b44f840, 0x000001c86b447ff0,
0x000001c86b448990, 0x000001c86b449330, 0x000001c86b449cd0, 0x000001c86b44d1c0,
0x000001c86b44be80, 0x000001c86abb4150, 0x000001c86abba190, 0x000001c86abb4fc0,
0x000001c86abb7b10, 0x000001c86abb9320, 0x000001c86abb7fe0, 0x000001c86abb5e30,
0x000001c86abb6300, 0x000001c86abba660, 0x000001c86abbb000, 0x000001c86abbab30,
0x000001c86abb84b0, 0x000001c86abbb4d0, 0x000001c86abb8980, 0x000001c86abbb9a0,
0x000001c86abb4620, 0x000001c86abb4af0, 0x000001c86abb7170, 0x000001c86abb8e50,
0x000001c86abb9cc0, 0x000001c86abb5960, 0x000001c86abb6ca0, 0x000001c86abb7640,
0x000001c86b0a0a20, 0x000001c86b09e3a0, 0x000001c86b09da00, 0x000001c86b09ded0,
0x000001c86b09e870, 0x000001c86b09d530, 0x000001c86b09f6e0, 0x000001c86b09ed40
}

Java Threads: ( => current thread )
  0x000001c84d469fb0 JavaThread "main" [_thread_blocked, id=5424, stack(0x000000507cd00000,0x000000507ce00000)]
  0x000001c867c13020 JavaThread "Reference Handler" daemon [_thread_blocked, id=4464, stack(0x000000507d400000,0x000000507d500000)]
  0x000001c867c15be0 JavaThread "Finalizer" daemon [_thread_blocked, id=17284, stack(0x000000507d500000,0x000000507d600000)]
  0x000001c8672e6a40 JavaThread "Signal Dispatcher" daemon [_thread_blocked, id=13300, stack(0x000000507d600000,0x000000507d700000)]
  0x000001c8672e7400 JavaThread "Attach Listener" daemon [_thread_blocked, id=10664, stack(0x000000507d700000,0x000000507d800000)]
  0x000001c867c37030 JavaThread "Service Thread" daemon [_thread_blocked, id=17256, stack(0x000000507d800000,0x000000507d900000)]
  0x000001c867c378f0 JavaThread "Monitor Deflation Thread" daemon [_thread_blocked, id=17624, stack(0x000000507d900000,0x000000507da00000)]
  0x000001c867c38590 JavaThread "C2 CompilerThread0" daemon [_thread_in_native, id=19716, stack(0x000000507da00000,0x000000507db00000)]
  0x000001c867c39030 JavaThread "C1 CompilerThread0" daemon [_thread_blocked, id=2232, stack(0x000000507db00000,0x000000507dc00000)]
  0x000001c867c3a940 JavaThread "Sweeper thread" daemon [_thread_blocked, id=11836, stack(0x000000507dc00000,0x000000507dd00000)]
  0x000001c867daf4a0 JavaThread "Common-Cleaner" daemon [_thread_blocked, id=4212, stack(0x000000507dd00000,0x000000507de00000)]
  0x000001c867daf970 JavaThread "Notification Thread" daemon [_thread_blocked, id=2808, stack(0x000000507de00000,0x000000507df00000)]
  0x000001c8697cea30 JavaThread "Daemon health stats" [_thread_blocked, id=4272, stack(0x000000507e500000,0x000000507e600000)]
  0x000001c86a9a4520 JavaThread "Incoming local TCP Connector on port 60763" [_thread_in_native, id=1600, stack(0x000000507e600000,0x000000507e700000)]
  0x000001c8695ae4d0 JavaThread "Daemon periodic checks" [_thread_blocked, id=11632, stack(0x000000507e700000,0x000000507e800000)]
  0x000001c86a7b85c0 JavaThread "Daemon" [_thread_blocked, id=17764, stack(0x000000507e800000,0x000000507e900000)]
  0x000001c869289b30 JavaThread "Handler for socket connection from /127.0.0.1:60763 to /127.0.0.1:60764" [_thread_in_native, id=4060, stack(0x000000507e900000,0x000000507ea00000)]
  0x000001c86b0c9dd0 JavaThread "Cancel handler" [_thread_blocked, id=18764, stack(0x000000507ea00000,0x000000507eb00000)]
  0x000001c8694210c0 JavaThread "Daemon worker" [_thread_blocked, id=15224, stack(0x000000507eb00000,0x000000507ec00000)]
  0x000001c8694a2e90 JavaThread "Asynchronous log dispatcher for DefaultDaemonConnection: socket connection from /127.0.0.1:60763 to /127.0.0.1:60764" [_thread_blocked, id=17132, stack(0x000000507ec00000,0x000000507ed00000)]
  0x000001c86949f4d0 JavaThread "Stdin handler" [_thread_blocked, id=16496, stack(0x000000507ed00000,0x000000507ee00000)]
  0x000001c8694a0ce0 JavaThread "Daemon client event forwarder" [_thread_blocked, id=19148, stack(0x000000507ee00000,0x000000507ef00000)]
  0x000001c86949f9a0 JavaThread "Cache worker for journal cache (C:\Users\Ishan\.gradle\caches\journal-1)" [_thread_blocked, id=16028, stack(0x000000507ef00000,0x000000507f000000)]
  0x000001c86949fe70 JavaThread "File lock request listener" [_thread_in_native, id=11932, stack(0x000000507f000000,0x000000507f100000)]
  0x000001c8694a11b0 JavaThread "Cache worker for file hash cache (C:\Users\Ishan\.gradle\caches\7.5\fileHashes)" [_thread_blocked, id=9412, stack(0x000000507f500000,0x000000507f600000)]
  0x000001c8694a0810 JavaThread "File watcher server" daemon [_thread_blocked, id=14780, stack(0x000000507f600000,0x000000507f700000)]
  0x000001c8694a0340 JavaThread "File watcher consumer" daemon [_thread_blocked, id=17740, stack(0x000000507f700000,0x000000507f800000)]
  0x000001c8694a1680 JavaThread "Cache worker for checksums cache (C:\Users\Ishan\AndroidStudioProjects\Wanderlust\.gradle\7.5\checksums)" [_thread_blocked, id=19308, stack(0x000000507f800000,0x000000507f900000)]
  0x000001c8694a1b50 JavaThread "Cache worker for cache directory md-rule (C:\Users\Ishan\.gradle\caches\7.5\md-rule)" [_thread_blocked, id=17268, stack(0x000000507f900000,0x000000507fa00000)]
  0x000001c8694a29c0 JavaThread "Cache worker for file content cache (C:\Users\Ishan\.gradle\caches\7.5\fileContent)" [_thread_blocked, id=5280, stack(0x000000507fa00000,0x000000507fb00000)]
  0x000001c8694a24f0 JavaThread "Cache worker for file hash cache (C:\Users\Ishan\AndroidStudioProjects\Wanderlust\.gradle\7.5\fileHashes)" [_thread_blocked, id=9000, stack(0x000000507fb00000,0x000000507fc00000)]
  0x000001c8694a2020 JavaThread "Cache worker for cache directory md-supplier (C:\Users\Ishan\.gradle\caches\7.5\md-supplier)" [_thread_blocked, id=11988, stack(0x000000507fc00000,0x000000507fd00000)]
  0x000001c86aa7fe30 JavaThread "Cache worker for execution history cache (C:\Users\Ishan\.gradle\caches\7.5\executionHistory)" [_thread_blocked, id=17292, stack(0x000000507fd00000,0x000000507fe00000)]
  0x000001c86aa84190 JavaThread "jar transforms" [_thread_blocked, id=14040, stack(0x000000507fe00000,0x000000507ff00000)]
  0x000001c86aa84660 JavaThread "jar transforms Thread 2" [_thread_blocked, id=13172, stack(0x000000507ff00000,0x0000005080000000)]
  0x000001c86aa837f0 JavaThread "jar transforms Thread 3" [_thread_blocked, id=17796, stack(0x0000005000100000,0x0000005000200000)]
  0x000001c86aa82980 JavaThread "jar transforms Thread 4" [_thread_blocked, id=6320, stack(0x0000005000200000,0x0000005000300000)]
  0x000001c86aa80300 JavaThread "Cache worker for dependencies-accessors (C:\Users\Ishan\AndroidStudioProjects\Wanderlust\.gradle\7.5\dependencies-accessors)" [_thread_blocked, id=18584, stack(0x0000005000300000,0x0000005000400000)]
  0x000001c86aa84b30 JavaThread "jar transforms Thread 5" [_thread_blocked, id=11524, stack(0x0000005000400000,0x0000005000500000)]
  0x000001c86aa80ca0 JavaThread "Cache worker for Build Output Cleanup Cache (C:\Users\Ishan\AndroidStudioProjects\Wanderlust\.gradle\buildOutputCleanup)" [_thread_blocked, id=12376, stack(0x0000005000500000,0x0000005000600000)]
  0x000001c86aa807d0 JavaThread "Unconstrained build operations" [_thread_blocked, id=6244, stack(0x0000005000600000,0x0000005000700000)]
  0x000001c86aa85000 JavaThread "Unconstrained build operations Thread 2" [_thread_blocked, id=13972, stack(0x0000005000700000,0x0000005000800000)]
  0x000001c86aa81170 JavaThread "Unconstrained build operations Thread 3" [_thread_blocked, id=1624, stack(0x0000005000800000,0x0000005000900000)]
  0x000001c86aa824b0 JavaThread "Unconstrained build operations Thread 4" [_thread_blocked, id=16004, stack(0x0000005000900000,0x0000005000a00000)]
  0x000001c86aa82e50 JavaThread "Unconstrained build operations Thread 5" [_thread_blocked, id=11160, stack(0x0000005000a00000,0x0000005000b00000)]
  0x000001c86aa81640 JavaThread "Unconstrained build operations Thread 6" [_thread_blocked, id=4332, stack(0x0000005000b00000,0x0000005000c00000)]
  0x000001c86aa854d0 JavaThread "Unconstrained build operations Thread 7" [_thread_blocked, id=20040, stack(0x0000005000c00000,0x0000005000d00000)]
  0x000001c86aa83320 JavaThread "Unconstrained build operations Thread 8" [_thread_blocked, id=10180, stack(0x0000005000d00000,0x0000005000e00000)]
  0x000001c86aa83cc0 JavaThread "Unconstrained build operations Thread 9" [_thread_blocked, id=10264, stack(0x0000005000e00000,0x0000005000f00000)]
  0x000001c86aa85e70 JavaThread "Unconstrained build operations Thread 10" [_thread_blocked, id=1260, stack(0x0000005000f00000,0x0000005001000000)]
  0x000001c86aa86340 JavaThread "Unconstrained build operations Thread 11" [_thread_blocked, id=4420, stack(0x0000005001000000,0x0000005001100000)]
  0x000001c86aa86810 JavaThread "Unconstrained build operations Thread 12" [_thread_blocked, id=16336, stack(0x0000005001100000,0x0000005001200000)]
  0x000001c86aa86ce0 JavaThread "Unconstrained build operations Thread 13" [_thread_blocked, id=6608, stack(0x0000005001200000,0x0000005001300000)]
  0x000001c86d819f10 JavaThread "Unconstrained build operations Thread 14" [_thread_blocked, id=16424, stack(0x0000005001300000,0x0000005001400000)]
  0x000001c86d8173c0 JavaThread "Unconstrained build operations Thread 15" [_thread_blocked, id=1628, stack(0x0000005001400000,0x0000005001500000)]
  0x000001c86d8190a0 JavaThread "Unconstrained build operations Thread 16" [_thread_blocked, id=11156, stack(0x0000005001500000,0x0000005001600000)]
  0x000001c86d819570 JavaThread "Unconstrained build operations Thread 17" [_thread_blocked, id=18692, stack(0x0000005001600000,0x0000005001700000)]
  0x000001c86d819a40 JavaThread "Unconstrained build operations Thread 18" [_thread_blocked, id=11216, stack(0x0000005001700000,0x0000005001800000)]
  0x000001c86d815210 JavaThread "Unconstrained build operations Thread 19" [_thread_blocked, id=18684, stack(0x0000005001800000,0x0000005001900000)]
  0x000001c86d817890 JavaThread "Unconstrained build operations Thread 20" [_thread_blocked, id=17552, stack(0x0000005001900000,0x0000005001a00000)]
  0x000001c86d815bb0 JavaThread "Unconstrained build operations Thread 21" [_thread_blocked, id=17984, stack(0x0000005001a00000,0x0000005001b00000)]
  0x000001c86d814870 JavaThread "Unconstrained build operations Thread 22" [_thread_blocked, id=16060, stack(0x0000005001b00000,0x0000005001c00000)]
  0x000001c86d818700 JavaThread "Unconstrained build operations Thread 23" [_thread_blocked, id=14472, stack(0x0000005001c00000,0x0000005001d00000)]
  0x000001c86d817d60 JavaThread "Unconstrained build operations Thread 24" [_thread_blocked, id=12596, stack(0x0000005001d00000,0x0000005001e00000)]
  0x000001c86d81a3e0 JavaThread "Unconstrained build operations Thread 25" [_thread_blocked, id=18480, stack(0x0000005001e00000,0x0000005001f00000)]
  0x000001c86d818bd0 JavaThread "Unconstrained build operations Thread 26" [_thread_blocked, id=6216, stack(0x0000005001f00000,0x0000005002000000)]
  0x000001c86d816ef0 JavaThread "Unconstrained build operations Thread 27" [_thread_blocked, id=1308, stack(0x0000005002000000,0x0000005002100000)]
  0x000001c86d818230 JavaThread "Unconstrained build operations Thread 28" [_thread_blocked, id=12384, stack(0x0000005002100000,0x0000005002200000)]
  0x000001c86d81a8b0 JavaThread "Unconstrained build operations Thread 29" [_thread_blocked, id=10256, stack(0x0000005002200000,0x0000005002300000)]
  0x000001c86d816080 JavaThread "Unconstrained build operations Thread 30" [_thread_blocked, id=17296, stack(0x0000005002300000,0x0000005002400000)]
  0x000001c86d813060 JavaThread "Unconstrained build operations Thread 31" [_thread_blocked, id=11572, stack(0x0000005002400000,0x0000005002500000)]
  0x000001c86d813530 JavaThread "Unconstrained build operations Thread 32" [_thread_blocked, id=17836, stack(0x0000005002500000,0x0000005002600000)]
  0x000001c86d813a00 JavaThread "Unconstrained build operations Thread 33" [_thread_blocked, id=19032, stack(0x0000005002600000,0x0000005002700000)]
  0x000001c86d8143a0 JavaThread "Unconstrained build operations Thread 34" [_thread_blocked, id=13448, stack(0x0000005002700000,0x0000005002800000)]
  0x000001c86d813ed0 JavaThread "Unconstrained build operations Thread 35" [_thread_blocked, id=1728, stack(0x0000005002800000,0x0000005002900000)]
  0x000001c86d814d40 JavaThread "Unconstrained build operations Thread 36" [_thread_blocked, id=19580, stack(0x0000005002900000,0x0000005002a00000)]
  0x000001c86d8156e0 JavaThread "Unconstrained build operations Thread 37" [_thread_blocked, id=18084, stack(0x0000005002a00000,0x0000005002b00000)]
  0x000001c86d816550 JavaThread "Unconstrained build operations Thread 38" [_thread_blocked, id=1952, stack(0x0000005002b00000,0x0000005002c00000)]
  0x000001c86d816a20 JavaThread "Unconstrained build operations Thread 39" [_thread_blocked, id=15092, stack(0x0000005002c00000,0x0000005002d00000)]
  0x000001c86b44e030 JavaThread "Unconstrained build operations Thread 40" [_thread_blocked, id=19988, stack(0x0000005002d00000,0x0000005002e00000)]
  0x000001c86b44c350 JavaThread "Unconstrained build operations Thread 41" [_thread_blocked, id=7524, stack(0x0000005002e00000,0x0000005002f00000)]
  0x000001c86b44e500 JavaThread "Unconstrained build operations Thread 42" [_thread_blocked, id=11428, stack(0x0000005002f00000,0x0000005003000000)]
  0x000001c86b44c820 JavaThread "Unconstrained build operations Thread 43" [_thread_blocked, id=16296, stack(0x0000005003000000,0x0000005003100000)]
  0x000001c86b449800 JavaThread "Unconstrained build operations Thread 44" [_thread_blocked, id=9356, stack(0x0000005003100000,0x0000005003200000)]
  0x000001c86b44a1a0 JavaThread "Unconstrained build operations Thread 45" [_thread_blocked, id=13524, stack(0x0000005003200000,0x0000005003300000)]
  0x000001c86b44ab40 JavaThread "Unconstrained build operations Thread 46" [_thread_blocked, id=14768, stack(0x0000005003300000,0x0000005003400000)]
  0x000001c86b44e9d0 JavaThread "Unconstrained build operations Thread 47" [_thread_blocked, id=13848, stack(0x0000005003400000,0x0000005003500000)]
  0x000001c86b44eea0 JavaThread "Unconstrained build operations Thread 48" [_thread_blocked, id=14248, stack(0x0000005003500000,0x0000005003600000)]
  0x000001c86b44f370 JavaThread "Unconstrained build operations Thread 49" [_thread_blocked, id=17472, stack(0x0000005003600000,0x0000005003700000)]
  0x000001c86b44b010 JavaThread "Unconstrained build operations Thread 50" [_thread_blocked, id=11924, stack(0x0000005003700000,0x0000005003800000)]
  0x000001c86b448e60 JavaThread "Unconstrained build operations Thread 51" [_thread_blocked, id=1984, stack(0x0000005003800000,0x0000005003900000)]
  0x000001c86b44a670 JavaThread "Unconstrained build operations Thread 52" [_thread_blocked, id=10944, stack(0x0000005003900000,0x0000005003a00000)]
  0x000001c86b44b4e0 JavaThread "Unconstrained build operations Thread 53" [_thread_blocked, id=12916, stack(0x0000005003a00000,0x0000005003b00000)]
  0x000001c86b44b9b0 JavaThread "Unconstrained build operations Thread 54" [_thread_blocked, id=3256, stack(0x0000005003b00000,0x0000005003c00000)]
  0x000001c86b4484c0 JavaThread "Unconstrained build operations Thread 55" [_thread_blocked, id=15080, stack(0x0000005003c00000,0x0000005003d00000)]
  0x000001c86b44db60 JavaThread "Unconstrained build operations Thread 56" [_thread_blocked, id=15368, stack(0x0000005003d00000,0x0000005003e00000)]
  0x000001c86b44ccf0 JavaThread "Unconstrained build operations Thread 57" [_thread_blocked, id=12460, stack(0x0000005003e00000,0x0000005003f00000)]
  0x000001c86b44d690 JavaThread "Unconstrained build operations Thread 58" [_thread_blocked, id=3220, stack(0x0000005003f00000,0x0000005004000000)]
  0x000001c86b44f840 JavaThread "Unconstrained build operations Thread 59" [_thread_blocked, id=14960, stack(0x0000005004000000,0x0000005004100000)]
  0x000001c86b447ff0 JavaThread "Unconstrained build operations Thread 60" [_thread_blocked, id=6768, stack(0x0000005004100000,0x0000005004200000)]
  0x000001c86b448990 JavaThread "Unconstrained build operations Thread 61" [_thread_blocked, id=3420, stack(0x0000005004200000,0x0000005004300000)]
  0x000001c86b449330 JavaThread "Unconstrained build operations Thread 62" [_thread_blocked, id=13316, stack(0x0000005004300000,0x0000005004400000)]
  0x000001c86b449cd0 JavaThread "Unconstrained build operations Thread 63" [_thread_blocked, id=15496, stack(0x0000005004400000,0x0000005004500000)]
  0x000001c86b44d1c0 JavaThread "Unconstrained build operations Thread 64" [_thread_blocked, id=15232, stack(0x0000005004500000,0x0000005004600000)]
  0x000001c86b44be80 JavaThread "Unconstrained build operations Thread 65" [_thread_blocked, id=15156, stack(0x0000005004600000,0x0000005004700000)]
  0x000001c86abb4150 JavaThread "Unconstrained build operations Thread 66" [_thread_blocked, id=17648, stack(0x0000005004700000,0x0000005004800000)]
  0x000001c86abba190 JavaThread "Unconstrained build operations Thread 67" [_thread_blocked, id=7488, stack(0x0000005004800000,0x0000005004900000)]
  0x000001c86abb4fc0 JavaThread "Unconstrained build operations Thread 68" [_thread_blocked, id=15116, stack(0x0000005004900000,0x0000005004a00000)]
  0x000001c86abb7b10 JavaThread "Unconstrained build operations Thread 69" [_thread_blocked, id=15608, stack(0x0000005004a00000,0x0000005004b00000)]
  0x000001c86abb9320 JavaThread "Unconstrained build operations Thread 70" [_thread_blocked, id=17660, stack(0x0000005004b00000,0x0000005004c00000)]
  0x000001c86abb7fe0 JavaThread "Unconstrained build operations Thread 71" [_thread_blocked, id=13304, stack(0x0000005004c00000,0x0000005004d00000)]
  0x000001c86abb5e30 JavaThread "Unconstrained build operations Thread 72" [_thread_blocked, id=19204, stack(0x0000005004d00000,0x0000005004e00000)]
  0x000001c86abb6300 JavaThread "Unconstrained build operations Thread 73" [_thread_blocked, id=13180, stack(0x0000005004e00000,0x0000005004f00000)]
  0x000001c86abba660 JavaThread "Unconstrained build operations Thread 74" [_thread_blocked, id=11980, stack(0x0000005004f00000,0x0000005005000000)]
  0x000001c86abbb000 JavaThread "Unconstrained build operations Thread 75" [_thread_blocked, id=11496, stack(0x0000005005000000,0x0000005005100000)]
  0x000001c86abbab30 JavaThread "Unconstrained build operations Thread 76" [_thread_blocked, id=16220, stack(0x0000005005100000,0x0000005005200000)]
  0x000001c86abb84b0 JavaThread "Unconstrained build operations Thread 77" [_thread_blocked, id=16988, stack(0x0000005005200000,0x0000005005300000)]
  0x000001c86abbb4d0 JavaThread "Unconstrained build operations Thread 78" [_thread_blocked, id=2056, stack(0x0000005005300000,0x0000005005400000)]
  0x000001c86abb8980 JavaThread "Unconstrained build operations Thread 79" [_thread_blocked, id=3304, stack(0x0000005005400000,0x0000005005500000)]
  0x000001c86abbb9a0 JavaThread "Unconstrained build operations Thread 80" [_thread_blocked, id=8872, stack(0x0000005005500000,0x0000005005600000)]
  0x000001c86abb4620 JavaThread "jar transforms Thread 6" [_thread_blocked, id=19316, stack(0x0000005005600000,0x0000005005700000)]
  0x000001c86abb4af0 JavaThread "jar transforms Thread 7" [_thread_blocked, id=15728, stack(0x0000005005700000,0x0000005005800000)]
  0x000001c86abb7170 JavaThread "jar transforms Thread 8" [_thread_blocked, id=20468, stack(0x0000005005800000,0x0000005005900000)]
  0x000001c86abb8e50 JavaThread "build event listener" [_thread_blocked, id=7860, stack(0x0000005005900000,0x0000005005a00000)]
  0x000001c86abb9cc0 JavaThread "Memory manager" [_thread_blocked, id=13960, stack(0x0000005005a00000,0x0000005005b00000)]
  0x000001c86abb5960 JavaThread "included builds" [_thread_blocked, id=12092, stack(0x0000005005b00000,0x0000005005c00000)]
  0x000001c86abb6ca0 JavaThread "Execution worker" [_thread_blocked, id=1464, stack(0x0000005005c00000,0x0000005005d00000)]
  0x000001c86abb7640 JavaThread "Execution worker Thread 2" [_thread_blocked, id=6156, stack(0x0000005005d00000,0x0000005005e00000)]
  0x000001c86b0a0a20 JavaThread "Execution worker Thread 3" [_thread_blocked, id=20456, stack(0x0000005005e00000,0x0000005005f00000)]
  0x000001c86b09e3a0 JavaThread "Execution worker Thread 4" [_thread_blocked, id=12936, stack(0x0000005005f00000,0x0000005006000000)]
  0x000001c86b09da00 JavaThread "Execution worker Thread 5" [_thread_blocked, id=18228, stack(0x0000005006000000,0x0000005006100000)]
  0x000001c86b09ded0 JavaThread "Execution worker Thread 6" [_thread_blocked, id=16844, stack(0x0000005006100000,0x0000005006200000)]
  0x000001c86b09e870 JavaThread "Execution worker Thread 7" [_thread_blocked, id=19112, stack(0x0000005006200000,0x0000005006300000)]
  0x000001c86b09d530 JavaThread "Cache worker for execution history cache (C:\Users\Ishan\AndroidStudioProjects\Wanderlust\.gradle\7.5\executionHistory)" [_thread_blocked, id=6600, stack(0x0000005006300000,0x0000005006400000)]
  0x000001c86b09f6e0 JavaThread "WorkerExecutor Queue" [_thread_blocked, id=11300, stack(0x0000005006400000,0x0000005006500000)]
  0x000001c86b09ed40 JavaThread "WorkerExecutor Queue Thread 2" [_thread_blocked, id=6988, stack(0x0000005006500000,0x0000005006600000)]

Other Threads:
=>0x000001c8672d01b0 VMThread "VM Thread" [stack: 0x000000507d300000,0x000000507d400000] [id=6284]
  0x000001c867db3e60 WatcherThread [stack: 0x000000507df00000,0x000000507e000000] [id=17020]
  0x000001c84d4c4e20 GCTaskThread "GC Thread#0" [stack: 0x000000507ce00000,0x000000507cf00000] [id=4936]
  0x000001c8686e3f30 GCTaskThread "GC Thread#1" [stack: 0x000000507e000000,0x000000507e100000] [id=19944]
  0x000001c8686e41e0 GCTaskThread "GC Thread#2" [stack: 0x000000507e100000,0x000000507e200000] [id=17508]
  0x000001c8683faa60 GCTaskThread "GC Thread#3" [stack: 0x000000507e200000,0x000000507e300000] [id=12612]
  0x000001c868f61d60 GCTaskThread "GC Thread#4" [stack: 0x000000507e300000,0x000000507e400000] [id=12844]
  0x000001c86a7efb50 GCTaskThread "GC Thread#5" [stack: 0x000000507f100000,0x000000507f200000] [id=8560]
  0x000001c86a7ef8a0 GCTaskThread "GC Thread#6" [stack: 0x000000507f200000,0x000000507f300000] [id=19180]
  0x000001c86a7eede0 GCTaskThread "GC Thread#7" [stack: 0x000000507f300000,0x000000507f400000] [id=14420]
  0x000001c84d4d5ec0 ConcurrentGCThread "G1 Main Marker" [stack: 0x000000507cf00000,0x000000507d000000] [id=12680]
  0x000001c84d4d7780 ConcurrentGCThread "G1 Conc#0" [stack: 0x000000507d000000,0x000000507d100000] [id=16092]
  0x000001c86a7f0610 ConcurrentGCThread "G1 Conc#1" [stack: 0x000000507f400000,0x000000507f500000] [id=880]
  0x000001c84d52d550 ConcurrentGCThread "G1 Refine#0" [stack: 0x000000507d100000,0x000000507d200000] [id=11092]
  0x000001c86bf59890 ConcurrentGCThread "G1 Refine#1" [stack: 0x0000005000000000,0x0000005000100000] [id=15736]
  0x000001c84d52de10 ConcurrentGCThread "G1 Service" [stack: 0x000000507d200000,0x000000507d300000] [id=14512]

Threads with active compile tasks:
C2 CompilerThread0    10122 11501   !   4       java.util.jar.Attributes::read (494 bytes)
C1 CompilerThread0    10122 11723       2       com.android.tools.r8.internal.CJ$$Lambda$1989/0x0000000100ddcc10::apply (16 bytes)

VM state: at safepoint (normal execution)

VM Mutex/Monitor currently owned by a thread:  ([mutex/lock_event])
[0x000001c84d463c30] Threads_lock - owner thread: 0x000001c8672d01b0
[0x000001c84d464770] Heap_lock - owner thread: 0x000001c86b44ccf0

Heap address: 0x0000000080000000, size: 2048 MB, Compressed Oops mode: 32-bit

CDS archive(s) not mapped
Compressed class space mapped at: 0x0000000100000000-0x0000000140000000, reserved size: 1073741824
Narrow klass base: 0x0000000000000000, Narrow klass shift: 3, Narrow klass range: 0x140000000

GC Precious Log:
 CPUs: 8 total, 8 available
 Memory: 8029M
 Large Page Support: Disabled
 NUMA Support: Disabled
 Compressed Oops: Enabled (32-bit)
 Heap Region Size: 1M
 Heap Min Capacity: 8M
 Heap Initial Capacity: 126M
 Heap Max Capacity: 2G
 Pre-touch: Disabled
 Parallel Workers: 8
 Concurrent Workers: 2
 Concurrent Refinement Workers: 8
 Periodic GC: Disabled

Heap:
 garbage-first heap   total 243712K, used 128480K [0x0000000080000000, 0x0000000100000000)
  region size 1024K, 11 young (11264K), 11 survivors (11264K)
 Metaspace       used 100794K, committed 101440K, reserved 1138688K
  class space    used 14048K, committed 14336K, reserved 1048576K

Heap Regions: E=young(eden), S=young(survivor), O=old, HS=humongous(starts), HC=humongous(continues), CS=collection set, F=free, OA=open archive, CA=closed archive, TAMS=top-at-mark-start (previous, next)
|   0|0x0000000080000000, 0x0000000080100000, 0x0000000080100000|100%| O|  |TAMS 0x0000000080100000, 0x0000000080000000| Untracked 
|   1|0x0000000080100000, 0x0000000080200000, 0x0000000080200000|100%| O|  |TAMS 0x0000000080200000, 0x0000000080100000| Untracked 
|   2|0x0000000080200000, 0x0000000080300000, 0x0000000080300000|100%| O|  |TAMS 0x0000000080300000, 0x0000000080200000| Untracked 
|   3|0x0000000080300000, 0x0000000080400000, 0x0000000080400000|100%|HS|  |TAMS 0x0000000080400000, 0x0000000080300000| Complete 
|   4|0x0000000080400000, 0x0000000080500000, 0x0000000080500000|100%|HC|  |TAMS 0x0000000080500000, 0x0000000080400000| Complete 
|   5|0x0000000080500000, 0x0000000080600000, 0x0000000080600000|100%|HC|  |TAMS 0x0000000080600000, 0x0000000080500000| Complete 
|   6|0x0000000080600000, 0x0000000080700000, 0x0000000080700000|100%| O|  |TAMS 0x0000000080700000, 0x0000000080600000| Untracked 
|   7|0x0000000080700000, 0x0000000080800000, 0x0000000080800000|100%| O|  |TAMS 0x0000000080800000, 0x0000000080700000| Untracked 
|   8|0x0000000080800000, 0x0000000080900000, 0x0000000080900000|100%| O|  |TAMS 0x0000000080900000, 0x0000000080800000| Untracked 
|   9|0x0000000080900000, 0x0000000080a00000, 0x0000000080a00000|100%| O|  |TAMS 0x0000000080a00000, 0x0000000080900000| Untracked 
|  10|0x0000000080a00000, 0x0000000080b00000, 0x0000000080b00000|100%| O|  |TAMS 0x0000000080a00000, 0x0000000080a00000| Untracked 
|  11|0x0000000080b00000, 0x0000000080c00000, 0x0000000080c00000|100%| O|  |TAMS 0x0000000080c00000, 0x0000000080b00000| Untracked 
|  12|0x0000000080c00000, 0x0000000080d00000, 0x0000000080d00000|100%| O|  |TAMS 0x0000000080d00000, 0x0000000080c00000| Untracked 
|  13|0x0000000080d00000, 0x0000000080e00000, 0x0000000080e00000|100%| O|  |TAMS 0x0000000080e00000, 0x0000000080d00000| Untracked 
|  14|0x0000000080e00000, 0x0000000080f00000, 0x0000000080f00000|100%| O|  |TAMS 0x0000000080f00000, 0x0000000080e00000| Untracked 
|  15|0x0000000080f00000, 0x0000000081000000, 0x0000000081000000|100%| O|  |TAMS 0x0000000081000000, 0x0000000080f00000| Untracked 
|  16|0x0000000081000000, 0x0000000081100000, 0x0000000081100000|100%| O|  |TAMS 0x0000000081100000, 0x0000000081000000| Untracked 
|  17|0x0000000081100000, 0x0000000081200000, 0x0000000081200000|100%| O|  |TAMS 0x0000000081200000, 0x0000000081100000| Untracked 
|  18|0x0000000081200000, 0x0000000081300000, 0x0000000081300000|100%| O|  |TAMS 0x0000000081300000, 0x0000000081200000| Untracked 
|  19|0x0000000081300000, 0x0000000081400000, 0x0000000081400000|100%| O|  |TAMS 0x0000000081400000, 0x0000000081300000| Untracked 
|  20|0x0000000081400000, 0x0000000081500000, 0x0000000081500000|100%| O|  |TAMS 0x0000000081500000, 0x0000000081400000| Untracked 
|  21|0x0000000081500000, 0x0000000081600000, 0x0000000081600000|100%| O|  |TAMS 0x0000000081500000, 0x0000000081500000| Untracked 
|  22|0x0000000081600000, 0x0000000081700000, 0x0000000081700000|100%|HS|  |TAMS 0x0000000081700000, 0x0000000081600000| Complete 
|  23|0x0000000081700000, 0x0000000081800000, 0x0000000081800000|100%| O|  |TAMS 0x0000000081800000, 0x0000000081700000| Untracked 
|  24|0x0000000081800000, 0x0000000081900000, 0x0000000081900000|100%| O|  |TAMS 0x0000000081900000, 0x0000000081800000| Untracked 
|  25|0x0000000081900000, 0x0000000081a00000, 0x0000000081a00000|100%| O|  |TAMS 0x0000000081a00000, 0x0000000081900000| Untracked 
|  26|0x0000000081a00000, 0x0000000081b00000, 0x0000000081b00000|100%| O|  |TAMS 0x0000000081b00000, 0x0000000081a00000| Untracked 
|  27|0x0000000081b00000, 0x0000000081c00000, 0x0000000081c00000|100%| O|  |TAMS 0x0000000081c00000, 0x0000000081b00000| Untracked 
|  28|0x0000000081c00000, 0x0000000081d00000, 0x0000000081d00000|100%| O|  |TAMS 0x0000000081d00000, 0x0000000081c00000| Untracked 
|  29|0x0000000081d00000, 0x0000000081e00000, 0x0000000081e00000|100%| O|  |TAMS 0x0000000081e00000, 0x0000000081d00000| Untracked 
|  30|0x0000000081e00000, 0x0000000081f00000, 0x0000000081f00000|100%| O|  |TAMS 0x0000000081f00000, 0x0000000081e00000| Untracked 
|  31|0x0000000081f00000, 0x0000000082000000, 0x0000000082000000|100%|HS|  |TAMS 0x0000000082000000, 0x0000000081f00000| Complete 
|  32|0x0000000082000000, 0x0000000082100000, 0x0000000082100000|100%| O|  |TAMS 0x0000000082100000, 0x0000000082000000| Untracked 
|  33|0x0000000082100000, 0x0000000082200000, 0x0000000082200000|100%| O|  |TAMS 0x0000000082200000, 0x0000000082100000| Untracked 
|  34|0x0000000082200000, 0x0000000082300000, 0x0000000082300000|100%| O|  |TAMS 0x0000000082300000, 0x0000000082200000| Untracked 
|  35|0x0000000082300000, 0x0000000082400000, 0x0000000082400000|100%| O|  |TAMS 0x0000000082400000, 0x0000000082300000| Untracked 
|  36|0x0000000082400000, 0x0000000082500000, 0x0000000082500000|100%| O|  |TAMS 0x0000000082500000, 0x0000000082400000| Untracked 
|  37|0x0000000082500000, 0x0000000082600000, 0x0000000082600000|100%| O|  |TAMS 0x0000000082600000, 0x0000000082500000| Untracked 
|  38|0x0000000082600000, 0x0000000082700000, 0x0000000082700000|100%| O|  |TAMS 0x0000000082700000, 0x0000000082600000| Untracked 
|  39|0x0000000082700000, 0x0000000082800000, 0x0000000082800000|100%| O|  |TAMS 0x0000000082800000, 0x0000000082700000| Untracked 
|  40|0x0000000082800000, 0x0000000082900000, 0x0000000082900000|100%| O|  |TAMS 0x0000000082900000, 0x0000000082800000| Untracked 
|  41|0x0000000082900000, 0x0000000082a00000, 0x0000000082a00000|100%| O|  |TAMS 0x0000000082a00000, 0x0000000082900000| Untracked 
|  42|0x0000000082a00000, 0x0000000082b00000, 0x0000000082b00000|100%| O|  |TAMS 0x0000000082b00000, 0x0000000082a00000| Untracked 
|  43|0x0000000082b00000, 0x0000000082c00000, 0x0000000082c00000|100%| O|  |TAMS 0x0000000082c00000, 0x0000000082b00000| Untracked 
|  44|0x0000000082c00000, 0x0000000082d00000, 0x0000000082d00000|100%| O|  |TAMS 0x0000000082d00000, 0x0000000082c00000| Untracked 
|  45|0x0000000082d00000, 0x0000000082e00000, 0x0000000082e00000|100%| O|  |TAMS 0x0000000082e00000, 0x0000000082d00000| Untracked 
|  46|0x0000000082e00000, 0x0000000082f00000, 0x0000000082f00000|100%| O|  |TAMS 0x0000000082f00000, 0x0000000082e00000| Untracked 
|  47|0x0000000082f00000, 0x0000000083000000, 0x0000000083000000|100%| O|  |TAMS 0x0000000083000000, 0x0000000082f00000| Untracked 
|  48|0x0000000083000000, 0x0000000083100000, 0x0000000083100000|100%| O|  |TAMS 0x0000000083100000, 0x0000000083000000| Untracked 
|  49|0x0000000083100000, 0x0000000083200000, 0x0000000083200000|100%| O|  |TAMS 0x0000000083200000, 0x0000000083100000| Untracked 
|  50|0x0000000083200000, 0x0000000083300000, 0x0000000083300000|100%| O|  |TAMS 0x0000000083300000, 0x0000000083200000| Untracked 
|  51|0x0000000083300000, 0x0000000083400000, 0x0000000083400000|100%| O|  |TAMS 0x0000000083400000, 0x0000000083300000| Untracked 
|  52|0x0000000083400000, 0x0000000083500000, 0x0000000083500000|100%| O|  |TAMS 0x0000000083500000, 0x0000000083400000| Untracked 
|  53|0x0000000083500000, 0x0000000083600000, 0x0000000083600000|100%| O|  |TAMS 0x0000000083600000, 0x0000000083500000| Untracked 
|  54|0x0000000083600000, 0x0000000083700000, 0x0000000083700000|100%| O|  |TAMS 0x0000000083700000, 0x0000000083600000| Untracked 
|  55|0x0000000083700000, 0x0000000083800000, 0x0000000083800000|100%| O|  |TAMS 0x0000000083800000, 0x0000000083700000| Untracked 
|  56|0x0000000083800000, 0x0000000083900000, 0x0000000083900000|100%| O|  |TAMS 0x0000000083900000, 0x0000000083800000| Untracked 
|  57|0x0000000083900000, 0x0000000083a00000, 0x0000000083a00000|100%| O|  |TAMS 0x0000000083a00000, 0x0000000083900000| Untracked 
|  58|0x0000000083a00000, 0x0000000083b00000, 0x0000000083b00000|100%| O|  |TAMS 0x0000000083b00000, 0x0000000083a00000| Untracked 
|  59|0x0000000083b00000, 0x0000000083c00000, 0x0000000083c00000|100%| O|  |TAMS 0x0000000083c00000, 0x0000000083b00000| Untracked 
|  60|0x0000000083c00000, 0x0000000083d00000, 0x0000000083d00000|100%| O|  |TAMS 0x0000000083d00000, 0x0000000083c00000| Untracked 
|  61|0x0000000083d00000, 0x0000000083e00000, 0x0000000083e00000|100%| O|  |TAMS 0x0000000083e00000, 0x0000000083d00000| Untracked 
|  62|0x0000000083e00000, 0x0000000083f00000, 0x0000000083f00000|100%| O|  |TAMS 0x0000000083f00000, 0x0000000083e00000| Untracked 
|  63|0x0000000083f00000, 0x0000000084000000, 0x0000000084000000|100%| O|  |TAMS 0x0000000084000000, 0x0000000083f00000| Untracked 
|  64|0x0000000084000000, 0x0000000084100000, 0x0000000084100000|100%| O|  |TAMS 0x0000000084100000, 0x0000000084000000| Untracked 
|  65|0x0000000084100000, 0x0000000084200000, 0x0000000084200000|100%| O|  |TAMS 0x0000000084200000, 0x0000000084100000| Untracked 
|  66|0x0000000084200000, 0x0000000084300000, 0x0000000084300000|100%| O|  |TAMS 0x0000000084300000, 0x0000000084200000| Untracked 
|  67|0x0000000084300000, 0x0000000084400000, 0x0000000084400000|100%| O|  |TAMS 0x0000000084400000, 0x0000000084300000| Untracked 
|  68|0x0000000084400000, 0x0000000084500000, 0x0000000084500000|100%| O|  |TAMS 0x0000000084500000, 0x0000000084400000| Untracked 
|  69|0x0000000084500000, 0x0000000084600000, 0x0000000084600000|100%| O|  |TAMS 0x0000000084600000, 0x0000000084500000| Untracked 
|  70|0x0000000084600000, 0x0000000084700000, 0x0000000084700000|100%| O|  |TAMS 0x0000000084648c00, 0x0000000084600000| Untracked 
|  71|0x0000000084700000, 0x0000000084800000, 0x0000000084800000|100%| O|  |TAMS 0x0000000084700000, 0x0000000084700000| Untracked 
|  72|0x0000000084800000, 0x0000000084900000, 0x0000000084900000|100%| O|  |TAMS 0x0000000084800000, 0x0000000084800000| Untracked 
|  73|0x0000000084900000, 0x0000000084a00000, 0x0000000084a00000|100%| O|  |TAMS 0x0000000084900000, 0x0000000084900000| Untracked 
|  74|0x0000000084a00000, 0x0000000084b00000, 0x0000000084b00000|100%| O|  |TAMS 0x0000000084a00000, 0x0000000084a00000| Untracked 
|  75|0x0000000084b00000, 0x0000000084c00000, 0x0000000084c00000|100%| O|  |TAMS 0x0000000084b00000, 0x0000000084b00000| Untracked 
|  76|0x0000000084c00000, 0x0000000084d00000, 0x0000000084d00000|100%| O|  |TAMS 0x0000000084c00000, 0x0000000084c00000| Untracked 
|  77|0x0000000084d00000, 0x0000000084e00000, 0x0000000084e00000|100%| O|  |TAMS 0x0000000084d00000, 0x0000000084d00000| Untracked 
|  78|0x0000000084e00000, 0x0000000084f00000, 0x0000000084f00000|100%| O|  |TAMS 0x0000000084e00000, 0x0000000084e00000| Untracked 
|  79|0x0000000084f00000, 0x0000000085000000, 0x0000000085000000|100%| O|  |TAMS 0x0000000084f00000, 0x0000000084f00000| Untracked 
|  80|0x0000000085000000, 0x0000000085100000, 0x0000000085100000|100%| O|  |TAMS 0x0000000085000000, 0x0000000085000000| Untracked 
|  81|0x0000000085100000, 0x0000000085200000, 0x0000000085200000|100%| O|  |TAMS 0x0000000085100000, 0x0000000085100000| Untracked 
|  82|0x0000000085200000, 0x0000000085300000, 0x0000000085300000|100%| O|  |TAMS 0x0000000085200000, 0x0000000085200000| Untracked 
|  83|0x0000000085300000, 0x0000000085400000, 0x0000000085400000|100%| O|  |TAMS 0x0000000085300000, 0x0000000085300000| Untracked 
|  84|0x0000000085400000, 0x0000000085500000, 0x0000000085500000|100%| O|  |TAMS 0x0000000085400000, 0x0000000085400000| Untracked 
|  85|0x0000000085500000, 0x0000000085600000, 0x0000000085600000|100%| O|  |TAMS 0x0000000085500000, 0x0000000085500000| Untracked 
|  86|0x0000000085600000, 0x0000000085700000, 0x0000000085700000|100%| O|  |TAMS 0x0000000085600000, 0x0000000085600000| Untracked 
|  87|0x0000000085700000, 0x0000000085800000, 0x0000000085800000|100%| O|  |TAMS 0x0000000085700000, 0x0000000085700000| Untracked 
|  88|0x0000000085800000, 0x0000000085900000, 0x0000000085900000|100%| O|  |TAMS 0x0000000085800000, 0x0000000085800000| Untracked 
|  89|0x0000000085900000, 0x0000000085a00000, 0x0000000085a00000|100%| O|  |TAMS 0x0000000085900000, 0x0000000085900000| Untracked 
|  90|0x0000000085a00000, 0x0000000085b00000, 0x0000000085b00000|100%| O|  |TAMS 0x0000000085a00000, 0x0000000085a00000| Untracked 
|  91|0x0000000085b00000, 0x0000000085c00000, 0x0000000085c00000|100%| O|  |TAMS 0x0000000085b00000, 0x0000000085b00000| Untracked 
|  92|0x0000000085c00000, 0x0000000085d00000, 0x0000000085d00000|100%| O|  |TAMS 0x0000000085c00000, 0x0000000085c00000| Untracked 
|  93|0x0000000085d00000, 0x0000000085e00000, 0x0000000085e00000|100%| O|  |TAMS 0x0000000085d00000, 0x0000000085d00000| Untracked 
|  94|0x0000000085e00000, 0x0000000085f00000, 0x0000000085f00000|100%| O|  |TAMS 0x0000000085e00000, 0x0000000085e00000| Untracked 
|  95|0x0000000085f00000, 0x0000000086000000, 0x0000000086000000|100%| O|  |TAMS 0x0000000085f00000, 0x0000000085f00000| Untracked 
|  96|0x0000000086000000, 0x0000000086100000, 0x0000000086100000|100%| O|  |TAMS 0x0000000086000000, 0x0000000086000000| Untracked 
|  97|0x0000000086100000, 0x0000000086200000, 0x0000000086200000|100%| O|  |TAMS 0x0000000086100000, 0x0000000086100000| Untracked 
|  98|0x0000000086200000, 0x0000000086300000, 0x0000000086300000|100%| O|  |TAMS 0x0000000086200000, 0x0000000086200000| Untracked 
|  99|0x0000000086300000, 0x0000000086400000, 0x0000000086400000|100%| O|  |TAMS 0x0000000086300000, 0x0000000086300000| Untracked 
| 100|0x0000000086400000, 0x0000000086500000, 0x0000000086500000|100%| O|  |TAMS 0x0000000086400000, 0x0000000086400000| Untracked 
| 101|0x0000000086500000, 0x0000000086600000, 0x0000000086600000|100%| O|  |TAMS 0x0000000086500000, 0x0000000086500000| Untracked 
| 102|0x0000000086600000, 0x0000000086700000, 0x0000000086700000|100%| O|  |TAMS 0x0000000086600000, 0x0000000086600000| Untracked 
| 103|0x0000000086700000, 0x0000000086800000, 0x0000000086800000|100%| O|  |TAMS 0x0000000086700000, 0x0000000086700000| Untracked 
| 104|0x0000000086800000, 0x0000000086900000, 0x0000000086900000|100%| O|  |TAMS 0x0000000086800000, 0x0000000086800000| Untracked 
| 105|0x0000000086900000, 0x0000000086a00000, 0x0000000086a00000|100%| O|  |TAMS 0x0000000086900000, 0x0000000086900000| Untracked 
| 106|0x0000000086a00000, 0x0000000086b00000, 0x0000000086b00000|100%| O|  |TAMS 0x0000000086a00000, 0x0000000086a00000| Untracked 
| 107|0x0000000086b00000, 0x0000000086c00000, 0x0000000086c00000|100%| O|  |TAMS 0x0000000086b00000, 0x0000000086b00000| Untracked 
| 108|0x0000000086c00000, 0x0000000086d00000, 0x0000000086d00000|100%| O|  |TAMS 0x0000000086c00000, 0x0000000086c00000| Untracked 
| 109|0x0000000086d00000, 0x0000000086e00000, 0x0000000086e00000|100%| O|  |TAMS 0x0000000086d00000, 0x0000000086d00000| Untracked 
| 110|0x0000000086e00000, 0x0000000086f00000, 0x0000000086f00000|100%| O|  |TAMS 0x0000000086e00000, 0x0000000086e00000| Untracked 
| 111|0x0000000086f00000, 0x0000000087000000, 0x0000000087000000|100%| O|  |TAMS 0x0000000086f00000, 0x0000000086f00000| Untracked 
| 112|0x0000000087000000, 0x0000000087100000, 0x0000000087100000|100%| O|  |TAMS 0x0000000087000000, 0x0000000087000000| Untracked 
| 113|0x0000000087100000, 0x0000000087200000, 0x0000000087200000|100%| O|  |TAMS 0x0000000087100000, 0x0000000087100000| Untracked 
| 114|0x0000000087200000, 0x0000000087278200, 0x0000000087300000| 46%| O|  |TAMS 0x0000000087200000, 0x0000000087200000| Untracked 
| 115|0x0000000087300000, 0x0000000087300000, 0x0000000087400000|  0%| F|  |TAMS 0x0000000087300000, 0x0000000087300000| Untracked 
| 116|0x0000000087400000, 0x0000000087400000, 0x0000000087500000|  0%| F|  |TAMS 0x0000000087400000, 0x0000000087400000| Untracked 
| 117|0x0000000087500000, 0x0000000087500000, 0x0000000087600000|  0%| F|  |TAMS 0x0000000087500000, 0x0000000087500000| Untracked 
| 118|0x0000000087600000, 0x0000000087600000, 0x0000000087700000|  0%| F|  |TAMS 0x0000000087600000, 0x0000000087600000| Untracked 
| 119|0x0000000087700000, 0x0000000087700000, 0x0000000087800000|  0%| F|  |TAMS 0x0000000087700000, 0x0000000087700000| Untracked 
| 120|0x0000000087800000, 0x0000000087800000, 0x0000000087900000|  0%| F|  |TAMS 0x0000000087800000, 0x0000000087800000| Untracked 
| 121|0x0000000087900000, 0x0000000087900000, 0x0000000087a00000|  0%| F|  |TAMS 0x0000000087900000, 0x0000000087900000| Untracked 
| 122|0x0000000087a00000, 0x0000000087a00000, 0x0000000087b00000|  0%| F|  |TAMS 0x0000000087a00000, 0x0000000087a00000| Untracked 
| 123|0x0000000087b00000, 0x0000000087b00000, 0x0000000087c00000|  0%| F|  |TAMS 0x0000000087b00000, 0x0000000087b00000| Untracked 
| 124|0x0000000087c00000, 0x0000000087c00000, 0x0000000087d00000|  0%| F|  |TAMS 0x0000000087c00000, 0x0000000087c00000| Untracked 
| 125|0x0000000087d00000, 0x0000000087d00000, 0x0000000087e00000|  0%| F|  |TAMS 0x0000000087d00000, 0x0000000087d00000| Untracked 
| 126|0x0000000087e00000, 0x0000000087e00000, 0x0000000087f00000|  0%| F|  |TAMS 0x0000000087e00000, 0x0000000087e00000| Untracked 
| 127|0x0000000087f00000, 0x0000000087f00000, 0x0000000088000000|  0%| F|  |TAMS 0x0000000087f00000, 0x0000000087f00000| Untracked 
| 128|0x0000000088000000, 0x0000000088000000, 0x0000000088100000|  0%| F|  |TAMS 0x0000000088000000, 0x0000000088000000| Untracked 
| 129|0x0000000088100000, 0x0000000088100000, 0x0000000088200000|  0%| F|  |TAMS 0x0000000088100000, 0x0000000088100000| Untracked 
| 130|0x0000000088200000, 0x0000000088200000, 0x0000000088300000|  0%| F|  |TAMS 0x0000000088200000, 0x0000000088200000| Untracked 
| 131|0x0000000088300000, 0x0000000088300000, 0x0000000088400000|  0%| F|  |TAMS 0x0000000088300000, 0x0000000088300000| Untracked 
| 132|0x0000000088400000, 0x0000000088400000, 0x0000000088500000|  0%| F|  |TAMS 0x0000000088400000, 0x0000000088400000| Untracked 
| 133|0x0000000088500000, 0x0000000088500000, 0x0000000088600000|  0%| F|  |TAMS 0x0000000088500000, 0x0000000088500000| Untracked 
| 134|0x0000000088600000, 0x0000000088600000, 0x0000000088700000|  0%| F|  |TAMS 0x0000000088600000, 0x0000000088600000| Untracked 
| 135|0x0000000088700000, 0x0000000088700000, 0x0000000088800000|  0%| F|  |TAMS 0x0000000088700000, 0x0000000088700000| Untracked 
| 136|0x0000000088800000, 0x0000000088800000, 0x0000000088900000|  0%| F|  |TAMS 0x0000000088800000, 0x0000000088800000| Untracked 
| 137|0x0000000088900000, 0x0000000088900000, 0x0000000088a00000|  0%| F|  |TAMS 0x0000000088900000, 0x0000000088900000| Untracked 
| 138|0x0000000088a00000, 0x0000000088a00000, 0x0000000088b00000|  0%| F|  |TAMS 0x0000000088a00000, 0x0000000088a00000| Untracked 
| 139|0x0000000088b00000, 0x0000000088b00000, 0x0000000088c00000|  0%| F|  |TAMS 0x0000000088b00000, 0x0000000088b00000| Untracked 
| 140|0x0000000088c00000, 0x0000000088c00000, 0x0000000088d00000|  0%| F|  |TAMS 0x0000000088c00000, 0x0000000088c00000| Untracked 
| 141|0x0000000088d00000, 0x0000000088d00000, 0x0000000088e00000|  0%| F|  |TAMS 0x0000000088d00000, 0x0000000088d00000| Untracked 
| 142|0x0000000088e00000, 0x0000000088e00000, 0x0000000088f00000|  0%| F|  |TAMS 0x0000000088e00000, 0x0000000088e00000| Untracked 
| 143|0x0000000088f00000, 0x0000000088f00000, 0x0000000089000000|  0%| F|  |TAMS 0x0000000088f00000, 0x0000000088f00000| Untracked 
| 144|0x0000000089000000, 0x0000000089000000, 0x0000000089100000|  0%| F|  |TAMS 0x0000000089000000, 0x0000000089000000| Untracked 
| 145|0x0000000089100000, 0x0000000089100000, 0x0000000089200000|  0%| F|  |TAMS 0x0000000089100000, 0x0000000089100000| Untracked 
| 146|0x0000000089200000, 0x0000000089200000, 0x0000000089300000|  0%| F|  |TAMS 0x0000000089200000, 0x0000000089200000| Untracked 
| 147|0x0000000089300000, 0x0000000089300000, 0x0000000089400000|  0%| F|  |TAMS 0x0000000089300000, 0x0000000089300000| Untracked 
| 148|0x0000000089400000, 0x0000000089400000, 0x0000000089500000|  0%| F|  |TAMS 0x0000000089400000, 0x0000000089400000| Untracked 
| 149|0x0000000089500000, 0x0000000089600000, 0x0000000089600000|100%| S|CS|TAMS 0x0000000089500000, 0x0000000089500000| Complete 
| 150|0x0000000089600000, 0x0000000089700000, 0x0000000089700000|100%| S|CS|TAMS 0x0000000089600000, 0x0000000089600000| Complete 
| 151|0x0000000089700000, 0x0000000089800000, 0x0000000089800000|100%| S|CS|TAMS 0x0000000089700000, 0x0000000089700000| Complete 
| 152|0x0000000089800000, 0x0000000089900000, 0x0000000089900000|100%| S|CS|TAMS 0x0000000089800000, 0x0000000089800000| Complete 
| 153|0x0000000089900000, 0x0000000089a00000, 0x0000000089a00000|100%| S|CS|TAMS 0x0000000089900000, 0x0000000089900000| Complete 
| 154|0x0000000089a00000, 0x0000000089b00000, 0x0000000089b00000|100%| S|CS|TAMS 0x0000000089a00000, 0x0000000089a00000| Complete 
| 155|0x0000000089b00000, 0x0000000089b00000, 0x0000000089c00000|  0%| F|  |TAMS 0x0000000089b00000, 0x0000000089b00000| Untracked 
| 156|0x0000000089c00000, 0x0000000089c00000, 0x0000000089d00000|  0%| F|  |TAMS 0x0000000089c00000, 0x0000000089c00000| Untracked 
| 157|0x0000000089d00000, 0x0000000089d00000, 0x0000000089e00000|  0%| F|  |TAMS 0x0000000089d00000, 0x0000000089d00000| Untracked 
| 158|0x0000000089e00000, 0x0000000089e00000, 0x0000000089f00000|  0%| F|  |TAMS 0x0000000089e00000, 0x0000000089e00000| Untracked 
| 159|0x0000000089f00000, 0x0000000089f00000, 0x000000008a000000|  0%| F|  |TAMS 0x0000000089f00000, 0x0000000089f00000| Untracked 
| 160|0x000000008a000000, 0x000000008a000000, 0x000000008a100000|  0%| F|  |TAMS 0x000000008a000000, 0x000000008a000000| Untracked 
| 161|0x000000008a100000, 0x000000008a100000, 0x000000008a200000|  0%| F|  |TAMS 0x000000008a100000, 0x000000008a100000| Untracked 
| 162|0x000000008a200000, 0x000000008a300000, 0x000000008a300000|100%| S|CS|TAMS 0x000000008a200000, 0x000000008a200000| Complete 
| 163|0x000000008a300000, 0x000000008a400000, 0x000000008a400000|100%| S|CS|TAMS 0x000000008a300000, 0x000000008a300000| Complete 
| 164|0x000000008a400000, 0x000000008a500000, 0x000000008a500000|100%| S|CS|TAMS 0x000000008a400000, 0x000000008a400000| Complete 
| 165|0x000000008a500000, 0x000000008a600000, 0x000000008a600000|100%| S|CS|TAMS 0x000000008a500000, 0x000000008a500000| Complete 
| 166|0x000000008a600000, 0x000000008a700000, 0x000000008a700000|100%| S|CS|TAMS 0x000000008a600000, 0x000000008a600000| Complete 
| 167|0x000000008a700000, 0x000000008a700000, 0x000000008a800000|  0%| F|  |TAMS 0x000000008a700000, 0x000000008a700000| Untracked 
| 168|0x000000008a800000, 0x000000008a800000, 0x000000008a900000|  0%| F|  |TAMS 0x000000008a800000, 0x000000008a800000| Untracked 
| 169|0x000000008a900000, 0x000000008a900000, 0x000000008aa00000|  0%| F|  |TAMS 0x000000008a900000, 0x000000008a900000| Untracked 
| 170|0x000000008aa00000, 0x000000008aa00000, 0x000000008ab00000|  0%| F|  |TAMS 0x000000008aa00000, 0x000000008aa00000| Untracked 
| 171|0x000000008ab00000, 0x000000008ab00000, 0x000000008ac00000|  0%| F|  |TAMS 0x000000008ab00000, 0x000000008ab00000| Untracked 
| 172|0x000000008ac00000, 0x000000008ac00000, 0x000000008ad00000|  0%| F|  |TAMS 0x000000008ac00000, 0x000000008ac00000| Untracked 
| 173|0x000000008ad00000, 0x000000008ad00000, 0x000000008ae00000|  0%| F|  |TAMS 0x000000008ad00000, 0x000000008ad00000| Untracked 
| 174|0x000000008ae00000, 0x000000008ae00000, 0x000000008af00000|  0%| F|  |TAMS 0x000000008ae00000, 0x000000008ae00000| Untracked 
| 175|0x000000008af00000, 0x000000008af00000, 0x000000008b000000|  0%| F|  |TAMS 0x000000008af00000, 0x000000008af00000| Untracked 
| 176|0x000000008b000000, 0x000000008b000000, 0x000000008b100000|  0%| F|  |TAMS 0x000000008b000000, 0x000000008b000000| Untracked 
| 177|0x000000008b100000, 0x000000008b100000, 0x000000008b200000|  0%| F|  |TAMS 0x000000008b100000, 0x000000008b100000| Untracked 
| 178|0x000000008b200000, 0x000000008b200000, 0x000000008b300000|  0%| F|  |TAMS 0x000000008b200000, 0x000000008b200000| Untracked 
| 179|0x000000008b300000, 0x000000008b300000, 0x000000008b400000|  0%| F|  |TAMS 0x000000008b300000, 0x000000008b300000| Untracked 
| 180|0x000000008b400000, 0x000000008b400000, 0x000000008b500000|  0%| F|  |TAMS 0x000000008b400000, 0x000000008b400000| Untracked 
| 181|0x000000008b500000, 0x000000008b500000, 0x000000008b600000|  0%| F|  |TAMS 0x000000008b500000, 0x000000008b500000| Untracked 
| 182|0x000000008b600000, 0x000000008b600000, 0x000000008b700000|  0%| F|  |TAMS 0x000000008b600000, 0x000000008b600000| Untracked 
| 183|0x000000008b700000, 0x000000008b700000, 0x000000008b800000|  0%| F|  |TAMS 0x000000008b700000, 0x000000008b700000| Untracked 
| 184|0x000000008b800000, 0x000000008b800000, 0x000000008b900000|  0%| F|  |TAMS 0x000000008b800000, 0x000000008b800000| Untracked 
| 185|0x000000008b900000, 0x000000008b900000, 0x000000008ba00000|  0%| F|  |TAMS 0x000000008b900000, 0x000000008b900000| Untracked 
| 186|0x000000008ba00000, 0x000000008ba00000, 0x000000008bb00000|  0%| F|  |TAMS 0x000000008ba00000, 0x000000008ba00000| Untracked 
| 187|0x000000008bb00000, 0x000000008bb00000, 0x000000008bc00000|  0%| F|  |TAMS 0x000000008bb00000, 0x000000008bb00000| Untracked 
| 188|0x000000008bc00000, 0x000000008bc00000, 0x000000008bd00000|  0%| F|  |TAMS 0x000000008bc00000, 0x000000008bc00000| Untracked 
| 189|0x000000008bd00000, 0x000000008bd00000, 0x000000008be00000|  0%| F|  |TAMS 0x000000008bd00000, 0x000000008bd00000| Untracked 
| 190|0x000000008be00000, 0x000000008be00000, 0x000000008bf00000|  0%| F|  |TAMS 0x000000008be00000, 0x000000008be00000| Untracked 
| 191|0x000000008bf00000, 0x000000008bf00000, 0x000000008c000000|  0%| F|  |TAMS 0x000000008bf00000, 0x000000008bf00000| Untracked 
| 192|0x000000008c000000, 0x000000008c000000, 0x000000008c100000|  0%| F|  |TAMS 0x000000008c000000, 0x000000008c000000| Untracked 
| 193|0x000000008c100000, 0x000000008c100000, 0x000000008c200000|  0%| F|  |TAMS 0x000000008c100000, 0x000000008c100000| Untracked 
| 194|0x000000008c200000, 0x000000008c200000, 0x000000008c300000|  0%| F|  |TAMS 0x000000008c200000, 0x000000008c200000| Untracked 
| 195|0x000000008c300000, 0x000000008c300000, 0x000000008c400000|  0%| F|  |TAMS 0x000000008c300000, 0x000000008c300000| Untracked 
| 196|0x000000008c400000, 0x000000008c400000, 0x000000008c500000|  0%| F|  |TAMS 0x000000008c400000, 0x000000008c400000| Untracked 
| 197|0x000000008c500000, 0x000000008c500000, 0x000000008c600000|  0%| F|  |TAMS 0x000000008c500000, 0x000000008c500000| Untracked 
| 198|0x000000008c600000, 0x000000008c600000, 0x000000008c700000|  0%| F|  |TAMS 0x000000008c600000, 0x000000008c600000| Untracked 
| 199|0x000000008c700000, 0x000000008c700000, 0x000000008c800000|  0%| F|  |TAMS 0x000000008c700000, 0x000000008c700000| Untracked 
| 200|0x000000008c800000, 0x000000008c800000, 0x000000008c900000|  0%| F|  |TAMS 0x000000008c800000, 0x000000008c800000| Untracked 
| 201|0x000000008c900000, 0x000000008c900000, 0x000000008ca00000|  0%| F|  |TAMS 0x000000008c900000, 0x000000008c900000| Untracked 
| 202|0x000000008ca00000, 0x000000008ca00000, 0x000000008cb00000|  0%| F|  |TAMS 0x000000008ca00000, 0x000000008ca00000| Untracked 
| 203|0x000000008cb00000, 0x000000008cb00000, 0x000000008cc00000|  0%| F|  |TAMS 0x000000008cb00000, 0x000000008cb00000| Untracked 
| 204|0x000000008cc00000, 0x000000008cc00000, 0x000000008cd00000|  0%| F|  |TAMS 0x000000008cc00000, 0x000000008cc00000| Untracked 
| 205|0x000000008cd00000, 0x000000008cd00000, 0x000000008ce00000|  0%| F|  |TAMS 0x000000008cd00000, 0x000000008cd00000| Untracked 
| 206|0x000000008ce00000, 0x000000008ce00000, 0x000000008cf00000|  0%| F|  |TAMS 0x000000008ce00000, 0x000000008ce00000| Untracked 
| 207|0x000000008cf00000, 0x000000008cf00000, 0x000000008d000000|  0%| F|  |TAMS 0x000000008cf00000, 0x000000008cf00000| Untracked 
| 208|0x000000008d000000, 0x000000008d000000, 0x000000008d100000|  0%| F|  |TAMS 0x000000008d000000, 0x000000008d000000| Untracked 
| 209|0x000000008d100000, 0x000000008d100000, 0x000000008d200000|  0%| F|  |TAMS 0x000000008d100000, 0x000000008d100000| Untracked 
| 210|0x000000008d200000, 0x000000008d200000, 0x000000008d300000|  0%| F|  |TAMS 0x000000008d200000, 0x000000008d200000| Untracked 
| 211|0x000000008d300000, 0x000000008d300000, 0x000000008d400000|  0%| F|  |TAMS 0x000000008d300000, 0x000000008d300000| Untracked 
| 212|0x000000008d400000, 0x000000008d400000, 0x000000008d500000|  0%| F|  |TAMS 0x000000008d400000, 0x000000008d400000| Untracked 
| 213|0x000000008d500000, 0x000000008d500000, 0x000000008d600000|  0%| F|  |TAMS 0x000000008d500000, 0x000000008d500000| Untracked 
| 214|0x000000008d600000, 0x000000008d600000, 0x000000008d700000|  0%| F|  |TAMS 0x000000008d600000, 0x000000008d600000| Untracked 
| 215|0x000000008d700000, 0x000000008d700000, 0x000000008d800000|  0%| F|  |TAMS 0x000000008d700000, 0x000000008d700000| Untracked 
| 216|0x000000008d800000, 0x000000008d800000, 0x000000008d900000|  0%| F|  |TAMS 0x000000008d800000, 0x000000008d800000| Untracked 
| 217|0x000000008d900000, 0x000000008d900000, 0x000000008da00000|  0%| F|  |TAMS 0x000000008d900000, 0x000000008d900000| Untracked 
| 218|0x000000008da00000, 0x000000008da00000, 0x000000008db00000|  0%| F|  |TAMS 0x000000008da00000, 0x000000008da00000| Untracked 
| 219|0x000000008db00000, 0x000000008db00000, 0x000000008dc00000|  0%| F|  |TAMS 0x000000008db00000, 0x000000008db00000| Untracked 
| 220|0x000000008dc00000, 0x000000008dc00000, 0x000000008dd00000|  0%| F|  |TAMS 0x000000008dc00000, 0x000000008dc00000| Untracked 
| 221|0x000000008dd00000, 0x000000008dd00000, 0x000000008de00000|  0%| F|  |TAMS 0x000000008dd00000, 0x000000008dd00000| Untracked 
| 222|0x000000008de00000, 0x000000008de00000, 0x000000008df00000|  0%| F|  |TAMS 0x000000008de00000, 0x000000008de00000| Untracked 
| 223|0x000000008df00000, 0x000000008df00000, 0x000000008e000000|  0%| F|  |TAMS 0x000000008df00000, 0x000000008df00000| Untracked 
| 224|0x000000008e000000, 0x000000008e000000, 0x000000008e100000|  0%| F|  |TAMS 0x000000008e000000, 0x000000008e000000| Untracked 
| 225|0x000000008e100000, 0x000000008e100000, 0x000000008e200000|  0%| F|  |TAMS 0x000000008e100000, 0x000000008e100000| Untracked 
| 226|0x000000008e200000, 0x000000008e200000, 0x000000008e300000|  0%| F|  |TAMS 0x000000008e200000, 0x000000008e200000| Untracked 
| 227|0x000000008e300000, 0x000000008e300000, 0x000000008e400000|  0%| F|  |TAMS 0x000000008e300000, 0x000000008e300000| Untracked 
| 228|0x000000008e400000, 0x000000008e400000, 0x000000008e500000|  0%| F|  |TAMS 0x000000008e400000, 0x000000008e400000| Untracked 
| 229|0x000000008e500000, 0x000000008e500000, 0x000000008e600000|  0%| F|  |TAMS 0x000000008e500000, 0x000000008e500000| Untracked 
| 230|0x000000008e600000, 0x000000008e600000, 0x000000008e700000|  0%| F|  |TAMS 0x000000008e600000, 0x000000008e600000| Untracked 
| 231|0x000000008e700000, 0x000000008e700000, 0x000000008e800000|  0%| F|  |TAMS 0x000000008e700000, 0x000000008e700000| Untracked 
| 232|0x000000008e800000, 0x000000008e800000, 0x000000008e900000|  0%| F|  |TAMS 0x000000008e800000, 0x000000008e800000| Untracked 
| 233|0x000000008e900000, 0x000000008e900000, 0x000000008ea00000|  0%| F|  |TAMS 0x000000008e900000, 0x000000008e900000| Untracked 
| 234|0x000000008ea00000, 0x000000008ea00000, 0x000000008eb00000|  0%| F|  |TAMS 0x000000008ea00000, 0x000000008ea00000| Untracked 
| 235|0x000000008eb00000, 0x000000008eb00000, 0x000000008ec00000|  0%| F|  |TAMS 0x000000008eb00000, 0x000000008eb00000| Untracked 
| 236|0x000000008ec00000, 0x000000008ec00000, 0x000000008ed00000|  0%| F|  |TAMS 0x000000008ec00000, 0x000000008ec00000| Untracked 
| 237|0x000000008ed00000, 0x000000008ed00000, 0x000000008ee00000|  0%| F|  |TAMS 0x000000008ed00000, 0x000000008ed00000| Untracked 

Card table byte_map: [0x000001c860070000,0x000001c860470000] _byte_map_base: 0x000001c85fc70000

Marking Bits (Prev, Next): (CMBitMap*) 0x000001c84d4c5470, (CMBitMap*) 0x000001c84d4c5430
 Prev Bits: [0x000001c862870000, 0x000001c864870000)
 Next Bits: [0x000001c860870000, 0x000001c862870000)

Polling page: 0x000001c84cc30000

Metaspace:

Usage:
  Non-class:     84.71 MB used.
      Class:     13.72 MB used.
       Both:     98.43 MB used.

Virtual space:
  Non-class space:       88.00 MB reserved,      85.06 MB ( 97%) committed,  11 nodes.
      Class space:        1.00 GB reserved,      14.00 MB (  1%) committed,  1 nodes.
             Both:        1.09 GB reserved,      99.06 MB (  9%) committed. 

Chunk freelists:
   Non-Class:  2.69 MB
       Class:  2.02 MB
        Both:  4.70 MB

MaxMetaspaceSize: unlimited
CompressedClassSpaceSize: 1.00 GB
Initial GC threshold: 21.00 MB
Current GC threshold: 135.94 MB
CDS: off
MetaspaceReclaimPolicy: balanced
 - commit_granule_bytes: 65536.
 - commit_granule_words: 8192.
 - virtual_space_node_default_size: 1048576.
 - enlarge_chunks_in_place: 1.
 - new_chunks_are_fully_committed: 0.
 - uncommit_free_chunks: 1.
 - use_allocation_guard: 0.
 - handle_deallocations: 1.


Internal statistics:

num_allocs_failed_limit: 12.
num_arena_births: 916.
num_arena_deaths: 0.
num_vsnodes_births: 12.
num_vsnodes_deaths: 0.
num_space_committed: 1585.
num_space_uncommitted: 0.
num_chunks_returned_to_freelist: 12.
num_chunks_taken_from_freelist: 4611.
num_chunk_merges: 3.
num_chunk_splits: 3082.
num_chunks_enlarged: 2117.
num_purges: 0.
num_inconsistent_stats: 0.

CodeHeap 'non-profiled nmethods': size=120000Kb used=4607Kb max_used=5344Kb free=115392Kb
 bounds [0x000001c858400000, 0x000001c858940000, 0x000001c85f930000]
CodeHeap 'profiled nmethods': size=120000Kb used=19623Kb max_used=20286Kb free=100376Kb
 bounds [0x000001c850930000, 0x000001c851da0000, 0x000001c857e60000]
CodeHeap 'non-nmethods': size=5760Kb used=2404Kb max_used=2450Kb free=3355Kb
 bounds [0x000001c857e60000, 0x000001c8580d0000, 0x000001c858400000]
 total_blobs=10920 nmethods=9977 adapters=855
 compilation: enabled
              stopped_count=0, restarted_count=0
 full_count=0

Compilation events (20 events):
Event: 10.079 Thread 0x000001c867c39030 nmethod 11715 0x000001c851383690 code [0x000001c851383820, 0x000001c851383978]
Event: 10.079 Thread 0x000001c867c39030 11716       2       net.rubygrapefruit.platform.file.FileWatchEvent$ChangeType::values (10 bytes)
Event: 10.079 Thread 0x000001c867c39030 nmethod 11716 0x000001c851383290 code [0x000001c851383440, 0x000001c851383588]
Event: 10.080 Thread 0x000001c867c39030 11717       2       net.rubygrapefruit.platform.internal.jni.AbstractFileEventFunctions$NativeFileWatcherCallback::reportChangeEvent (21 bytes)
Event: 10.080 Thread 0x000001c867c39030 nmethod 11717 0x000001c851385710 code [0x000001c8513858e0, 0x000001c851385bb8]
Event: 10.080 Thread 0x000001c867c39030 11718       2       net.rubygrapefruit.platform.internal.jni.AbstractFileEventFunctions$ChangeEvent::<init> (15 bytes)
Event: 10.080 Thread 0x000001c867c39030 nmethod 11718 0x000001c851385290 code [0x000001c851385420, 0x000001c8513855d8]
Event: 10.080 Thread 0x000001c867c39030 11719       2       net.rubygrapefruit.platform.internal.jni.AbstractFileEventFunctions$NativeFileWatcherCallback::queueEvent (39 bytes)
Event: 10.081 Thread 0x000001c867c39030 nmethod 11719 0x000001c8518d8c10 code [0x000001c8518d8de0, 0x000001c8518d9078]
Event: 10.083 Thread 0x000001c867c39030 11720       1       com.android.tools.r8.graph.K::getType (5 bytes)
Event: 10.084 Thread 0x000001c867c39030 nmethod 11720 0x000001c85884d210 code [0x000001c85884d3a0, 0x000001c85884d478]
Event: 10.084 Thread 0x000001c867c39030 11721       2       com.android.tools.r8.internal.ef::a (36 bytes)
Event: 10.084 Thread 0x000001c867c39030 nmethod 11721 0x000001c8518d8790 code [0x000001c8518d8920, 0x000001c8518d8a48]
Event: 10.084 Thread 0x000001c867c39030 11722       2       com.android.tools.r8.internal.CJ::a (9 bytes)
Event: 10.084 Thread 0x000001c867c39030 nmethod 11722 0x000001c851a49410 code [0x000001c851a495a0, 0x000001c851a496a8]
Event: 10.084 Thread 0x000001c867c39030 11724       2       com.android.tools.r8.internal.c50::<init> (5 bytes)
Event: 10.084 Thread 0x000001c867c39030 nmethod 11724 0x000001c850e6d190 code [0x000001c850e6d320, 0x000001c850e6d418]
Event: 10.084 Thread 0x000001c867c39030 11725       2       com.android.tools.r8.internal.x::<init> (20 bytes)
Event: 10.084 Thread 0x000001c867c39030 nmethod 11725 0x000001c851a49090 code [0x000001c851a49220, 0x000001c851a49368]
Event: 10.084 Thread 0x000001c867c39030 11723       2       com.android.tools.r8.internal.CJ$$Lambda$1989/0x0000000100ddcc10::apply (16 bytes)

GC Heap History (20 events):
Event: 7.230 GC heap after
{Heap after GC invocations=26 (full 0):
 garbage-first heap   total 121856K, used 60586K [0x0000000080000000, 0x0000000100000000)
  region size 1024K, 6 young (6144K), 6 survivors (6144K)
 Metaspace       used 78562K, committed 79104K, reserved 1122304K
  class space    used 10703K, committed 10944K, reserved 1048576K
}
Event: 7.584 GC heap before
{Heap before GC invocations=26 (full 0):
 garbage-first heap   total 121856K, used 97450K [0x0000000080000000, 0x0000000100000000)
  region size 1024K, 42 young (43008K), 6 survivors (6144K)
 Metaspace       used 80396K, committed 80960K, reserved 1122304K
  class space    used 10926K, committed 11200K, reserved 1048576K
}
Event: 7.590 GC heap after
{Heap after GC invocations=27 (full 0):
 garbage-first heap   total 121856K, used 64301K [0x0000000080000000, 0x0000000100000000)
  region size 1024K, 6 young (6144K), 6 survivors (6144K)
 Metaspace       used 80396K, committed 80960K, reserved 1122304K
  class space    used 10926K, committed 11200K, reserved 1048576K
}
Event: 7.751 GC heap before
{Heap before GC invocations=28 (full 0):
 garbage-first heap   total 121856K, used 98093K [0x0000000080000000, 0x0000000100000000)
  region size 1024K, 39 young (39936K), 6 survivors (6144K)
 Metaspace       used 80484K, committed 81088K, reserved 1122304K
  class space    used 10937K, committed 11200K, reserved 1048576K
}
Event: 7.759 GC heap after
{Heap after GC invocations=29 (full 0):
 garbage-first heap   total 121856K, used 70545K [0x0000000080000000, 0x0000000100000000)
  region size 1024K, 5 young (5120K), 5 survivors (5120K)
 Metaspace       used 80484K, committed 81088K, reserved 1122304K
  class space    used 10937K, committed 11200K, reserved 1048576K
}
Event: 7.771 GC heap before
{Heap before GC invocations=29 (full 0):
 garbage-first heap   total 121856K, used 71569K [0x0000000080000000, 0x0000000100000000)
  region size 1024K, 6 young (6144K), 5 survivors (5120K)
 Metaspace       used 80547K, committed 81152K, reserved 1122304K
  class space    used 10949K, committed 11200K, reserved 1048576K
}
Event: 7.776 GC heap after
{Heap after GC invocations=30 (full 0):
 garbage-first heap   total 121856K, used 71971K [0x0000000080000000, 0x0000000100000000)
  region size 1024K, 1 young (1024K), 1 survivors (1024K)
 Metaspace       used 80547K, committed 81152K, reserved 1122304K
  class space    used 10949K, committed 11200K, reserved 1048576K
}
Event: 8.098 GC heap before
{Heap before GC invocations=30 (full 0):
 garbage-first heap   total 121856K, used 98595K [0x0000000080000000, 0x0000000100000000)
  region size 1024K, 27 young (27648K), 1 survivors (1024K)
 Metaspace       used 82825K, committed 83456K, reserved 1122304K
  class space    used 11439K, committed 11712K, reserved 1048576K
}
Event: 8.104 GC heap after
{Heap after GC invocations=31 (full 0):
 garbage-first heap   total 243712K, used 73550K [0x0000000080000000, 0x0000000100000000)
  region size 1024K, 3 young (3072K), 3 survivors (3072K)
 Metaspace       used 82825K, committed 83456K, reserved 1122304K
  class space    used 11439K, committed 11712K, reserved 1048576K
}
Event: 9.037 GC heap before
{Heap before GC invocations=32 (full 0):
 garbage-first heap   total 243712K, used 184142K [0x0000000080000000, 0x0000000100000000)
  region size 1024K, 112 young (114688K), 3 survivors (3072K)
 Metaspace       used 89273K, committed 89920K, reserved 1130496K
  class space    used 12212K, committed 12480K, reserved 1048576K
}
Event: 9.048 GC heap after
{Heap after GC invocations=33 (full 0):
 garbage-first heap   total 243712K, used 81016K [0x0000000080000000, 0x0000000100000000)
  region size 1024K, 10 young (10240K), 10 survivors (10240K)
 Metaspace       used 89273K, committed 89920K, reserved 1130496K
  class space    used 12212K, committed 12480K, reserved 1048576K
}
Event: 9.053 GC heap before
{Heap before GC invocations=33 (full 0):
 garbage-first heap   total 243712K, used 82040K [0x0000000080000000, 0x0000000100000000)
  region size 1024K, 11 young (11264K), 10 survivors (10240K)
 Metaspace       used 89289K, committed 89920K, reserved 1130496K
  class space    used 12215K, committed 12480K, reserved 1048576K
}
Event: 9.062 GC heap after
{Heap after GC invocations=34 (full 0):
 garbage-first heap   total 243712K, used 81392K [0x0000000080000000, 0x0000000100000000)
  region size 1024K, 2 young (2048K), 2 survivors (2048K)
 Metaspace       used 89289K, committed 89920K, reserved 1130496K
  class space    used 12215K, committed 12480K, reserved 1048576K
}
Event: 9.415 GC heap before
{Heap before GC invocations=34 (full 0):
 garbage-first heap   total 243712K, used 186864K [0x0000000080000000, 0x0000000100000000)
  region size 1024K, 106 young (108544K), 2 survivors (2048K)
 Metaspace       used 92677K, committed 93312K, reserved 1130496K
  class space    used 12682K, committed 12992K, reserved 1048576K
}
Event: 9.424 GC heap after
{Heap after GC invocations=35 (full 0):
 garbage-first heap   total 243712K, used 100075K [0x0000000080000000, 0x0000000100000000)
  region size 1024K, 14 young (14336K), 14 survivors (14336K)
 Metaspace       used 92677K, committed 93312K, reserved 1130496K
  class space    used 12682K, committed 12992K, reserved 1048576K
}
Event: 9.746 GC heap before
{Heap before GC invocations=35 (full 0):
 garbage-first heap   total 243712K, used 184043K [0x0000000080000000, 0x0000000100000000)
  region size 1024K, 97 young (99328K), 14 survivors (14336K)
 Metaspace       used 96720K, committed 97344K, reserved 1138688K
  class space    used 13345K, committed 13632K, reserved 1048576K
}
Event: 9.759 GC heap after
{Heap after GC invocations=36 (full 0):
 garbage-first heap   total 243712K, used 109300K [0x0000000080000000, 0x0000000100000000)
  region size 1024K, 13 young (13312K), 13 survivors (13312K)
 Metaspace       used 96720K, committed 97344K, reserved 1138688K
  class space    used 13345K, committed 13632K, reserved 1048576K
}
Event: 9.921 GC heap before
{Heap before GC invocations=36 (full 0):
 garbage-first heap   total 243712K, used 188148K [0x0000000080000000, 0x0000000100000000)
  region size 1024K, 89 young (91136K), 13 survivors (13312K)
 Metaspace       used 99006K, committed 99712K, reserved 1138688K
  class space    used 13706K, committed 14016K, reserved 1048576K
}
Event: 9.936 GC heap after
{Heap after GC invocations=37 (full 0):
 garbage-first heap   total 243712K, used 117714K [0x0000000080000000, 0x0000000100000000)
  region size 1024K, 11 young (11264K), 11 survivors (11264K)
 Metaspace       used 99006K, committed 99712K, reserved 1138688K
  class space    used 13706K, committed 14016K, reserved 1048576K
}
Event: 10.084 GC heap before
{Heap before GC invocations=37 (full 0):
 garbage-first heap   total 243712K, used 189394K [0x0000000080000000, 0x0000000100000000)
  region size 1024K, 82 young (83968K), 11 survivors (11264K)
 Metaspace       used 100794K, committed 101440K, reserved 1138688K
  class space    used 14048K, committed 14336K, reserved 1048576K
}

Dll operation events (2 events):
Event: 0.006 Loaded shared library C:\Program Files\Android\Android Studio\jbr\bin\java.dll
Event: 0.293 Loaded shared library C:\Program Files\Android\Android Studio\jbr\bin\verify.dll

Deoptimization events (20 events):
Event: 9.888 Thread 0x000001c86d816a20 DEOPT PACKING pc=0x000001c850c78620 sp=0x0000005002cf9690
Event: 9.888 Thread 0x000001c86d816a20 DEOPT UNPACKING pc=0x000001c857eb7143 sp=0x0000005002cf8bb8 mode 0
Event: 9.888 Thread 0x000001c86b44ccf0 DEOPT PACKING pc=0x000001c850c78650 sp=0x0000005003ef96e0
Event: 9.888 Thread 0x000001c86b44ccf0 DEOPT UNPACKING pc=0x000001c857eb7143 sp=0x0000005003ef8c08 mode 0
Event: 9.888 Thread 0x000001c86d813a00 DEOPT PACKING pc=0x000001c850c78650 sp=0x00000050026f9520
Event: 9.888 Thread 0x000001c86d813a00 DEOPT UNPACKING pc=0x000001c857eb7143 sp=0x00000050026f8a48 mode 0
Event: 9.889 Thread 0x000001c86d813a00 DEOPT PACKING pc=0x000001c850c78620 sp=0x00000050026f94b0
Event: 9.889 Thread 0x000001c86d813a00 DEOPT UNPACKING pc=0x000001c857eb7143 sp=0x00000050026f89d8 mode 0
Event: 9.889 Thread 0x000001c86d813a00 DEOPT PACKING pc=0x000001c850c78620 sp=0x00000050026f94b0
Event: 9.889 Thread 0x000001c86d813a00 DEOPT UNPACKING pc=0x000001c857eb7143 sp=0x00000050026f89d8 mode 0
Event: 9.890 Thread 0x000001c86b44ccf0 DEOPT PACKING pc=0x000001c850c78620 sp=0x0000005003ef9710
Event: 9.890 Thread 0x000001c86b44ccf0 DEOPT UNPACKING pc=0x000001c857eb7143 sp=0x0000005003ef8c38 mode 0
Event: 9.890 Thread 0x000001c86d813a00 DEOPT PACKING pc=0x000001c850c78620 sp=0x00000050026f9540
Event: 9.890 Thread 0x000001c86d813a00 DEOPT UNPACKING pc=0x000001c857eb7143 sp=0x00000050026f8a68 mode 0
Event: 9.907 Thread 0x000001c86b09ed40 Uncommon trap: trap_request=0xffffff45 fr.pc=0x000001c8588b344c relative=0x000000000000042c
Event: 9.907 Thread 0x000001c86b09ed40 Uncommon trap: reason=unstable_if action=reinterpret pc=0x000001c8588b344c method=java.io.ObjectOutputStream$BlockDataOutputStream.writeBytes(Ljava/lang/String;)V @ 22 c2
Event: 9.907 Thread 0x000001c86b09ed40 DEOPT PACKING pc=0x000001c8588b344c sp=0x00000050065fd410
Event: 9.907 Thread 0x000001c86b09ed40 DEOPT UNPACKING pc=0x000001c857eb69a3 sp=0x00000050065fd398 mode 2
Event: 10.047 Thread 0x000001c86d813a00 DEOPT PACKING pc=0x000001c850cc3de4 sp=0x00000050026f99a0
Event: 10.047 Thread 0x000001c86d813a00 DEOPT UNPACKING pc=0x000001c857eb7143 sp=0x00000050026f8e78 mode 0

Classes unloaded (0 events):
No events

Classes redefined (0 events):
No events

Internal exceptions (20 events):
Event: 9.562 Thread 0x000001c86aa81170 Exception <a 'java/lang/NoSuchMethodError'{0x000000008d335268}: 'java.lang.Object java.lang.invoke.DirectMethodHandle$Holder.newInvokeSpecial(java.lang.Object, java.lang.Object, int, java.lang.Object, java.lang.Object)'> (0x000000008d335268) 
thrown [s\src\hotspot\share\interpreter\linkResolver.cpp, line 771]
Event: 9.562 Thread 0x000001c86aa81170 Exception <a 'java/lang/NoSuchMethodError'{0x000000008d37bd98}: 'java.lang.Object java.lang.invoke.DirectMethodHandle$Holder.invokeSpecial(java.lang.Object, java.lang.Object, java.lang.Object, int, java.lang.Object, java.lang.Object)'> (0x000000008d37bd98) 
thrown [s\src\hotspot\share\interpreter\linkResolver.cpp, line 771]
Event: 9.562 Thread 0x000001c86b449330 Exception <a 'java/lang/NoSuchMethodError'{0x000000008d4df0f0}: 'java.lang.Object java.lang.invoke.DirectMethodHandle$Holder.invokeSpecial(java.lang.Object, java.lang.Object, java.lang.Object, int, java.lang.Object, java.lang.Object)'> (0x000000008d4df0f0) 
thrown [s\src\hotspot\share\interpreter\linkResolver.cpp, line 771]
Event: 9.581 Thread 0x000001c86b44ccf0 Exception <a 'java/lang/NoSuchMethodError'{0x000000008d0ebb68}: 'java.lang.Object java.lang.invoke.DirectMethodHandle$Holder.newInvokeSpecial(java.lang.Object, long)'> (0x000000008d0ebb68) 
thrown [s\src\hotspot\share\interpreter\linkResolver.cpp, line 771]
Event: 9.605 Thread 0x000001c86b09ed40 Exception <a 'java/lang/NoSuchMethodError'{0x000000008cb93d60}: 'java.lang.Object java.lang.invoke.DirectMethodHandle$Holder.invokeVirtual(java.lang.Object, java.lang.Object, int)'> (0x000000008cb93d60) 
thrown [s\src\hotspot\share\interpreter\linkResolver.cpp, line 771]
Event: 9.657 Thread 0x000001c86b09ed40 Exception <a 'java/lang/NoSuchMethodError'{0x000000008c1364f8}: 'void java.lang.invoke.DirectMethodHandle$Holder.invokeStatic(java.lang.Object, java.lang.Object, java.lang.Object, int)'> (0x000000008c1364f8) 
thrown [s\src\hotspot\share\interpreter\linkResolver.cpp, line 771]
Event: 9.770 Thread 0x000001c86aa83320 Exception <a 'java/lang/IncompatibleClassChangeError'{0x000000008e9d4b60}: Found class java.lang.Object, but interface was expected> (0x000000008e9d4b60) 
thrown [s\src\hotspot\share\interpreter\linkResolver.cpp, line 838]
Event: 9.770 Thread 0x000001c86abb6ca0 Exception <a 'java/lang/IncompatibleClassChangeError'{0x000000008e8552e8}: Found class java.lang.Object, but interface was expected> (0x000000008e8552e8) 
thrown [s\src\hotspot\share\interpreter\linkResolver.cpp, line 838]
Event: 9.770 Thread 0x000001c86d816a20 Exception <a 'java/lang/IncompatibleClassChangeError'{0x000000008e9e32a8}: Found class java.lang.Object, but interface was expected> (0x000000008e9e32a8) 
thrown [s\src\hotspot\share\interpreter\linkResolver.cpp, line 838]
Event: 9.907 Thread 0x000001c86b09ed40 Exception <a 'java/lang/NoSuchMethodError'{0x000000008a754060}: static [Ljava/lang/Object;.<clinit>()V> (0x000000008a754060) 
thrown [s\src\hotspot\share\prims\jni.cpp, line 1108]
Event: 9.920 Thread 0x000001c86aa83320 Exception <a 'java/lang/NoSuchMethodError'{0x000000008a271b40}: 'java.lang.Object java.lang.invoke.DirectMethodHandle$Holder.invokeStatic(java.lang.Object, int, java.lang.Object, java.lang.Object)'> (0x000000008a271b40) 
thrown [s\src\hotspot\share\interpreter\linkResolver.cpp, line 771]
Event: 9.920 Thread 0x000001c86d816a20 Exception <a 'java/lang/NoSuchMethodError'{0x000000008a3ee9d0}: 'java.lang.Object java.lang.invoke.DirectMethodHandle$Holder.invokeStatic(java.lang.Object, int, java.lang.Object, java.lang.Object)'> (0x000000008a3ee9d0) 
thrown [s\src\hotspot\share\interpreter\linkResolver.cpp, line 771]
Event: 9.920 Thread 0x000001c86abb6ca0 Exception <a 'java/lang/NoSuchMethodError'{0x000000008a67e750}: 'java.lang.Object java.lang.invoke.DirectMethodHandle$Holder.invokeStatic(java.lang.Object, int, java.lang.Object, java.lang.Object)'> (0x000000008a67e750) 
thrown [s\src\hotspot\share\interpreter\linkResolver.cpp, line 771]
Event: 9.920 Thread 0x000001c86aa81170 Exception <a 'java/lang/NoSuchMethodError'{0x000000008a4f14a8}: 'java.lang.Object java.lang.invoke.DirectMethodHandle$Holder.invokeStatic(java.lang.Object, int, java.lang.Object, java.lang.Object)'> (0x000000008a4f14a8) 
thrown [s\src\hotspot\share\interpreter\linkResolver.cpp, line 771]
Event: 9.946 Thread 0x000001c86aa83320 Exception <a 'java/lang/NoSuchMethodError'{0x000000008eb85cf0}: 'java.lang.Object java.lang.invoke.DirectMethodHandle$Holder.invokeStatic(java.lang.Object, java.lang.Object, int, java.lang.Object, java.lang.Object)'> (0x000000008eb85cf0) 
thrown [s\src\hotspot\share\interpreter\linkResolver.cpp, line 771]
Event: 9.946 Thread 0x000001c86abb6ca0 Exception <a 'java/lang/NoSuchMethodError'{0x000000008eb93118}: 'java.lang.Object java.lang.invoke.DirectMethodHandle$Holder.invokeStatic(java.lang.Object, java.lang.Object, int, java.lang.Object, java.lang.Object)'> (0x000000008eb93118) 
thrown [s\src\hotspot\share\interpreter\linkResolver.cpp, line 771]
Event: 10.061 Thread 0x000001c86aa83320 Exception <a 'java/lang/IncompatibleClassChangeError'{0x000000008b770b28}: Found class java.lang.Object, but interface was expected> (0x000000008b770b28) 
thrown [s\src\hotspot\share\interpreter\linkResolver.cpp, line 838]
Event: 10.061 Thread 0x000001c86abb6ca0 Exception <a 'java/lang/IncompatibleClassChangeError'{0x000000008b8ddb98}: Found class java.lang.Object, but interface was expected> (0x000000008b8ddb98) 
thrown [s\src\hotspot\share\interpreter\linkResolver.cpp, line 838]
Event: 10.061 Thread 0x000001c86aa83320 Exception <a 'java/lang/IncompatibleClassChangeError'{0x000000008b6e3c40}: Found class java.lang.Object, but interface was expected> (0x000000008b6e3c40) 
thrown [s\src\hotspot\share\interpreter\linkResolver.cpp, line 838]
Event: 10.061 Thread 0x000001c86abb6ca0 Exception <a 'java/lang/IncompatibleClassChangeError'{0x000000008b8e1da8}: Found class java.lang.Object, but interface was expected> (0x000000008b8e1da8) 
thrown [s\src\hotspot\share\interpreter\linkResolver.cpp, line 838]

VM Operations (20 events):
Event: 9.715 Executing VM operation: HandshakeAllThreads done
Event: 9.716 Executing VM operation: HandshakeAllThreads
Event: 9.717 Executing VM operation: HandshakeAllThreads done
Event: 9.718 Executing VM operation: HandshakeAllThreads
Event: 9.718 Executing VM operation: HandshakeAllThreads done
Event: 9.746 Executing VM operation: G1CollectForAllocation
Event: 9.760 Executing VM operation: G1CollectForAllocation done
Event: 9.777 Executing VM operation: HandshakeAllThreads
Event: 9.777 Executing VM operation: HandshakeAllThreads done
Event: 9.797 Executing VM operation: HandshakeAllThreads
Event: 9.797 Executing VM operation: HandshakeAllThreads done
Event: 9.807 Executing VM operation: HandshakeAllThreads
Event: 9.807 Executing VM operation: HandshakeAllThreads done
Event: 9.808 Executing VM operation: HandshakeAllThreads
Event: 9.808 Executing VM operation: HandshakeAllThreads done
Event: 9.921 Executing VM operation: G1CollectForAllocation
Event: 9.937 Executing VM operation: G1CollectForAllocation done
Event: 10.051 Executing VM operation: HandshakeAllThreads
Event: 10.052 Executing VM operation: HandshakeAllThreads done
Event: 10.084 Executing VM operation: G1CollectForAllocation

Events (20 events):
Event: 9.735 Thread 0x000001c867c3a940 flushing nmethod 0x000001c851c31610
Event: 9.735 Thread 0x000001c867c3a940 flushing nmethod 0x000001c851c32290
Event: 9.735 Thread 0x000001c867c3a940 flushing nmethod 0x000001c851c33710
Event: 9.735 Thread 0x000001c867c3a940 flushing nmethod 0x000001c851c35010
Event: 9.735 Thread 0x000001c867c3a940 flushing nmethod 0x000001c851c36110
Event: 9.735 Thread 0x000001c867c3a940 flushing nmethod 0x000001c851c36810
Event: 9.735 Thread 0x000001c867c3a940 flushing nmethod 0x000001c851c38b10
Event: 9.735 Thread 0x000001c867c3a940 flushing nmethod 0x000001c851c3b410
Event: 9.735 Thread 0x000001c867c3a940 flushing nmethod 0x000001c851c3bb10
Event: 9.735 Thread 0x000001c867c3a940 flushing nmethod 0x000001c851c3e290
Event: 9.735 Thread 0x000001c867c3a940 flushing nmethod 0x000001c851c3e610
Event: 9.735 Thread 0x000001c867c3a940 flushing nmethod 0x000001c851c3f110
Event: 9.735 Thread 0x000001c867c3a940 flushing nmethod 0x000001c851c54b10
Event: 9.735 Thread 0x000001c867c3a940 flushing nmethod 0x000001c851c6e190
Event: 9.735 Thread 0x000001c867c3a940 flushing nmethod 0x000001c851c79490
Event: 9.735 Thread 0x000001c867c3a940 flushing nmethod 0x000001c851c8f610
Event: 9.735 Thread 0x000001c867c3a940 flushing nmethod 0x000001c851ca6210
Event: 9.735 Thread 0x000001c867c3a940 flushing nmethod 0x000001c851cac990
Event: 9.735 Thread 0x000001c867c3a940 flushing nmethod 0x000001c851cb2e10
Event: 9.735 Thread 0x000001c867c3a940 flushing nmethod 0x000001c851cb7790


Dynamic libraries:
0x00007ff6fdb20000 - 0x00007ff6fdb2a000 	C:\Program Files\Android\Android Studio\jbr\bin\java.exe
0x00007ffc006d0000 - 0x00007ffc008e4000 	C:\WINDOWS\SYSTEM32\ntdll.dll
0x00007ffbff4f0000 - 0x00007ffbff5b2000 	C:\WINDOWS\System32\KERNEL32.DLL
0x00007ffbfdbb0000 - 0x00007ffbfdf4c000 	C:\WINDOWS\System32\KERNELBASE.dll
0x00007ffbfe130000 - 0x00007ffbfe241000 	C:\WINDOWS\System32\ucrtbase.dll
0x00007ffbe3e90000 - 0x00007ffbe3ea7000 	C:\Program Files\Android\Android Studio\jbr\bin\jli.dll
0x00007ffbe16f0000 - 0x00007ffbe170b000 	C:\Program Files\Android\Android Studio\jbr\bin\VCRUNTIME140.dll
0x00007ffbff5d0000 - 0x00007ffbff77b000 	C:\WINDOWS\System32\USER32.dll
0x00007ffbfcd20000 - 0x00007ffbfcfae000 	C:\WINDOWS\WinSxS\amd64_microsoft.windows.common-controls_6595b64144ccf1df_6.0.22621.608_none_a9444ca7c10bb01d\COMCTL32.dll
0x00007ffbfdf50000 - 0x00007ffbfdf76000 	C:\WINDOWS\System32\win32u.dll
0x00007ffbfef60000 - 0x00007ffbff007000 	C:\WINDOWS\System32\msvcrt.dll
0x00007ffbff970000 - 0x00007ffbff999000 	C:\WINDOWS\System32\GDI32.dll
0x00007ffbfe250000 - 0x00007ffbfe363000 	C:\WINDOWS\System32\gdi32full.dll
0x00007ffbfdb10000 - 0x00007ffbfdbaa000 	C:\WINDOWS\System32\msvcp_win.dll
0x00007ffbff790000 - 0x00007ffbff7c1000 	C:\WINDOWS\System32\IMM32.DLL
0x00007ffbf69f0000 - 0x00007ffbf69fc000 	C:\Program Files\Android\Android Studio\jbr\bin\vcruntime140_1.dll
0x00007ffbb3c70000 - 0x00007ffbb3cfd000 	C:\Program Files\Android\Android Studio\jbr\bin\msvcp140.dll
0x00007ffba35e0000 - 0x00007ffba424d000 	C:\Program Files\Android\Android Studio\jbr\bin\server\jvm.dll
0x00007ffbff070000 - 0x00007ffbff11e000 	C:\WINDOWS\System32\ADVAPI32.dll
0x00007ffbff130000 - 0x00007ffbff1d4000 	C:\WINDOWS\System32\sechost.dll
0x00007ffbff7d0000 - 0x00007ffbff8e7000 	C:\WINDOWS\System32\RPCRT4.dll
0x00007ffbf5a10000 - 0x00007ffbf5a44000 	C:\WINDOWS\SYSTEM32\WINMM.dll
0x00007ffbf67f0000 - 0x00007ffbf67fa000 	C:\WINDOWS\SYSTEM32\VERSION.dll
0x00007ffbde7c0000 - 0x00007ffbde7c9000 	C:\WINDOWS\SYSTEM32\WSOCK32.dll
0x00007ffc005c0000 - 0x00007ffc00631000 	C:\WINDOWS\System32\WS2_32.dll
0x00007ffbfc300000 - 0x00007ffbfc318000 	C:\WINDOWS\SYSTEM32\kernel.appcore.dll
0x00007ffbfa040000 - 0x00007ffbfa04a000 	C:\Program Files\Android\Android Studio\jbr\bin\jimage.dll
0x00007ffbfd490000 - 0x00007ffbfd6be000 	C:\WINDOWS\SYSTEM32\DBGHELP.DLL
0x00007ffbfe960000 - 0x00007ffbfece9000 	C:\WINDOWS\System32\combase.dll
0x00007ffbff3f0000 - 0x00007ffbff4c7000 	C:\WINDOWS\System32\OLEAUT32.dll
0x00007ffbfd300000 - 0x00007ffbfd332000 	C:\WINDOWS\SYSTEM32\dbgcore.DLL
0x00007ffbfdf80000 - 0x00007ffbfdffb000 	C:\WINDOWS\System32\bcryptPrimitives.dll
0x00007ffbeacc0000 - 0x00007ffbeace5000 	C:\Program Files\Android\Android Studio\jbr\bin\java.dll
0x00007ffbe9b90000 - 0x00007ffbe9ba8000 	C:\Program Files\Android\Android Studio\jbr\bin\zip.dll
0x00007ffbff9a0000 - 0x00007ffc00190000 	C:\WINDOWS\System32\SHELL32.dll
0x00007ffbfb0c0000 - 0x00007ffbfb98d000 	C:\WINDOWS\SYSTEM32\windows.storage.dll
0x00007ffbfaf80000 - 0x00007ffbfb0be000 	C:\WINDOWS\SYSTEM32\wintypes.dll
0x00007ffc002b0000 - 0x00007ffc003a1000 	C:\WINDOWS\System32\SHCORE.dll
0x00007ffbff1e0000 - 0x00007ffbff23e000 	C:\WINDOWS\System32\shlwapi.dll
0x00007ffbfda40000 - 0x00007ffbfda61000 	C:\WINDOWS\SYSTEM32\profapi.dll
0x00007ffbe9b70000 - 0x00007ffbe9b89000 	C:\Program Files\Android\Android Studio\jbr\bin\net.dll
0x00007ffbf5e80000 - 0x00007ffbf5fb7000 	C:\WINDOWS\SYSTEM32\WINHTTP.dll
0x00007ffbfc720000 - 0x00007ffbfc789000 	C:\WINDOWS\system32\mswsock.dll
0x00007ffbe9b50000 - 0x00007ffbe9b66000 	C:\Program Files\Android\Android Studio\jbr\bin\nio.dll
0x00007ffbeb120000 - 0x00007ffbeb130000 	C:\Program Files\Android\Android Studio\jbr\bin\verify.dll
0x00007ffbdf590000 - 0x00007ffbdf5b7000 	C:\Users\Ishan\.gradle\native\e1d6ef7f7dcc3fd88c89a11ec53ec762bb8ba0a96d01ffa2cd45eb1d1d8dd5c5\windows-amd64\native-platform.dll
0x00007ffbb0410000 - 0x00007ffbb0554000 	C:\Users\Ishan\.gradle\native\0d407fdbe67a94daf76414ababcb853783967236a71b16ec16e742cd7a986fd3\windows-amd64\native-platform-file-events.dll
0x00007ffbfa020000 - 0x00007ffbfa029000 	C:\Program Files\Android\Android Studio\jbr\bin\management.dll
0x00007ffbf70a0000 - 0x00007ffbf70ab000 	C:\Program Files\Android\Android Studio\jbr\bin\management_ext.dll
0x00007ffbff3e0000 - 0x00007ffbff3e8000 	C:\WINDOWS\System32\PSAPI.DLL
0x00007ffbfd7b0000 - 0x00007ffbfd7cb000 	C:\WINDOWS\SYSTEM32\CRYPTSP.dll
0x00007ffbfca20000 - 0x00007ffbfca55000 	C:\WINDOWS\system32\rsaenh.dll
0x00007ffbfc790000 - 0x00007ffbfc7b8000 	C:\WINDOWS\SYSTEM32\USERENV.dll
0x00007ffbfd340000 - 0x00007ffbfd368000 	C:\WINDOWS\SYSTEM32\bcrypt.dll
0x00007ffbfcbe0000 - 0x00007ffbfcbec000 	C:\WINDOWS\SYSTEM32\CRYPTBASE.dll
0x00007ffbfbe10000 - 0x00007ffbfbe3d000 	C:\WINDOWS\SYSTEM32\IPHLPAPI.DLL
0x00007ffbff780000 - 0x00007ffbff789000 	C:\WINDOWS\System32\NSI.dll
0x00007ffbf6140000 - 0x00007ffbf6159000 	C:\WINDOWS\SYSTEM32\dhcpcsvc6.DLL
0x00007ffbf5dd0000 - 0x00007ffbf5def000 	C:\WINDOWS\SYSTEM32\dhcpcsvc.DLL
0x00007ffbfbe80000 - 0x00007ffbfbf73000 	C:\WINDOWS\SYSTEM32\DNSAPI.dll
0x00007ffbe5b60000 - 0x00007ffbe5b68000 	C:\WINDOWS\system32\wshunix.dll

dbghelp: loaded successfully - version: 4.0.5 - missing functions: none
symbol engine: initialized successfully - sym options: 0x614 - pdb path: .;C:\Program Files\Android\Android Studio\jbr\bin;C:\WINDOWS\SYSTEM32;C:\WINDOWS\WinSxS\amd64_microsoft.windows.common-controls_6595b64144ccf1df_6.0.22621.608_none_a9444ca7c10bb01d;C:\Program Files\Android\Android Studio\jbr\bin\server;C:\Users\Ishan\.gradle\native\e1d6ef7f7dcc3fd88c89a11ec53ec762bb8ba0a96d01ffa2cd45eb1d1d8dd5c5\windows-amd64;C:\Users\Ishan\.gradle\native\0d407fdbe67a94daf76414ababcb853783967236a71b16ec16e742cd7a986fd3\windows-amd64

VM Arguments:
jvm_args: --add-opens=java.base/java.util=ALL-UNNAMED --add-opens=java.base/java.lang=ALL-UNNAMED --add-opens=java.base/java.lang.invoke=ALL-UNNAMED --add-opens=java.base/java.util=ALL-UNNAMED --add-opens=java.prefs/java.util.prefs=ALL-UNNAMED --add-opens=java.prefs/java.util.prefs=ALL-UNNAMED --add-opens=java.base/java.nio.charset=ALL-UNNAMED --add-opens=java.base/java.net=ALL-UNNAMED --add-opens=java.base/java.util.concurrent.atomic=ALL-UNNAMED -Xmx2048m -Dfile.encoding=UTF-8 -Duser.country=IN -Duser.language=en -Duser.variant 
java_command: org.gradle.launcher.daemon.bootstrap.GradleDaemon 7.5
java_class_path (initial): C:\Users\Ishan\.gradle\wrapper\dists\gradle-7.5-bin\f1w0cc9nuo0eivz97x2xlu9sv\gradle-7.5\lib\gradle-launcher-7.5.jar
Launcher Type: SUN_STANDARD

[Global flags]
     intx CICompilerCount                          = 4                                         {product} {ergonomic}
     uint ConcGCThreads                            = 2                                         {product} {ergonomic}
     uint G1ConcRefinementThreads                  = 8                                         {product} {ergonomic}
   size_t G1HeapRegionSize                         = 1048576                                   {product} {ergonomic}
    uintx GCDrainStackTargetSize                   = 64                                        {product} {ergonomic}
   size_t InitialHeapSize                          = 132120576                                 {product} {ergonomic}
   size_t MarkStackSize                            = 4194304                                   {product} {ergonomic}
   size_t MaxHeapSize                              = 2147483648                                {product} {command line}
   size_t MaxNewSize                               = 1287651328                                {product} {ergonomic}
   size_t MinHeapDeltaBytes                        = 1048576                                   {product} {ergonomic}
   size_t MinHeapSize                              = 8388608                                   {product} {ergonomic}
    uintx NonNMethodCodeHeapSize                   = 5839372                                {pd product} {ergonomic}
    uintx NonProfiledCodeHeapSize                  = 122909434                              {pd product} {ergonomic}
    uintx ProfiledCodeHeapSize                     = 122909434                              {pd product} {ergonomic}
    uintx ReservedCodeCacheSize                    = 251658240                              {pd product} {ergonomic}
     bool SegmentedCodeCache                       = true                                      {product} {ergonomic}
   size_t SoftMaxHeapSize                          = 2147483648                             {manageable} {ergonomic}
     bool UseCompressedClassPointers               = true                           {product lp64_product} {ergonomic}
     bool UseCompressedOops                        = true                           {product lp64_product} {ergonomic}
     bool UseG1GC                                  = true                                      {product} {ergonomic}
     bool UseLargePagesIndividualAllocation        = false                                  {pd product} {ergonomic}

Logging:
Log output configuration:
 #0: stdout all=warning uptime,level,tags
 #1: stderr all=off uptime,level,tags

Environment Variables:
PATH=C:\Windows\system32;C:\Windows;C:\Windows\System32\Wbem;C:\Windows\System32\WindowsPowerShell\v1.0\;C:\Windows\System32\OpenSSH\;C:\Program Files (x86)\NVIDIA Corporation\PhysX\Common;C:\Program Files\NVIDIA Corporation\NVIDIA NvDLISR;C:\WINDOWS\system32;C:\WINDOWS;C:\WINDOWS\System32\Wbem;C:\WINDOWS\System32\WindowsPowerShell\v1.0\;C:\WINDOWS\System32\OpenSSH\;C:\Program Files\dotnet\;C:\Users\Ishan\Applications\msys64\mingw64\bin;C:\Program Files\CodeBlocks\MinGW\bin;C:\Program Files\Git\cmd;C:\Program Files\MySQL\MySQL Shell 8.0\bin\;C:\Users\Ishan\AppData\Local\Programs\Python\Python310\Scripts\;C:\Users\Ishan\AppData\Local\Programs\Python\Python310\;C:\Users\Ishan\AppData\Local\Microsoft\WindowsApps;
USERNAME=Ishan
OS=Windows_NT
PROCESSOR_IDENTIFIER=Intel64 Family 6 Model 165 Stepping 2, GenuineIntel
TMP=C:\Users\Ishan\AppData\Local\Temp
TEMP=C:\Users\Ishan\AppData\Local\Temp



---------------  S Y S T E M  ---------------

OS:
 Windows 11 , 64 bit Build 22621 (10.0.22621.1485)
OS uptime: 2 days 10:22 hours
Hyper-V role detected

CPU: total 8 (initial active 8) (4 cores per cpu, 2 threads per core) family 6 model 165 stepping 2 microcode 0xe0, cx8, cmov, fxsr, ht, mmx, 3dnowpref, sse, sse2, sse3, ssse3, sse4.1, sse4.2, popcnt, lzcnt, tsc, tscinvbit, avx, avx2, aes, erms, clmul, bmi1, bmi2, adx, fma, vzeroupper, clflush, clflushopt, hv

Memory: 4k page, system-wide physical 8029M (357M free)
TotalPageFile size 16221M (AvailPageFile size 237M)
current process WorkingSet (physical memory assigned to process): 511M, peak: 513M
current process commit charge ("private bytes"): 610M, peak: 955M

vm_info: OpenJDK 64-Bit Server VM (17.0.6+0-b2043.56-9586694) for windows-amd64 JRE (17.0.6+0-b2043.56-9586694), built on Feb  9 2023 20:06:20 by "androidbuild" with MS VC++ 16.10 / 16.11 (VS2019)

END.
